#
# A fatal error has been detected by the Java Runtime Environment:
#
#  SIGSEGV (0xb) at pc=0x0000000106943301, pid=6759, tid=0x0000000000002903
#
# JRE version: OpenJDK Runtime Environment (8.0_152-b01) (build 1.8.0_152-release-1343-b01)
# Java VM: OpenJDK 64-Bit Server VM (25.152-b01 mixed mode bsd-amd64 compressed oops)
# Problematic frame:
# V  [libjvm.dylib+0x143301]  CardTableExtension::scavenge_contents_parallel(ObjectStartArray*, MutableSpace*, HeapWord*, PSPromotionManager*, unsigned int, unsigned int)+0x4a7
#
# Failed to write core dump. Core dumps have been disabled. To enable core dumping, try "ulimit -c unlimited" before starting Java again
#
# If you would like to submit a bug report, please visit:
#   http://bugreport.java.com/bugreport/crash.jsp
#

---------------  T H R E A D  ---------------

Current thread (0x00007fce3e003000):  GCTaskThread [stack: 0x0000700007afb000,0x0000700007bfb000] [id=10499]

siginfo: si_signo: 11 (SIGSEGV), si_code: 1 (SEGV_MAPERR), si_addr: 0x0000000000000118

Registers:
RAX=0x0000000000000000, RBX=0x0000000766ffd800, RCX=0x0000000000000003, RDX=0x0000000766ff75d8
RSP=0x0000700007bfad00, RBP=0x0000700007bfad90, RSI=0x00007fce3e004380, RDI=0x00000007c095ccc0
R8 =0x0000000107016500, R9 =0x0000000107003432, R10=0x00007fce3cc07348, R11=0xfffffffffc6b6498
R12=0x0000000107693fec, R13=0x0000000107694001, R14=0x0000000766ff75d8, R15=0x0000000000000240
RIP=0x0000000106943301, EFLAGS=0x0000000000010213, ERR=0x0000000000000004
  TRAPNO=0x000000000000000e

Top of Stack: (sp=0x0000700007bfad00)
0x0000700007bfad00:   0000000107693f81 0000000107693e00
0x0000700007bfad10:   0000000000000200 0000000107694000
0x0000700007bfad20:   00000001076a3905 00000001076a3904
0x0000700007bfad30:   0000000768f20870 0000000767000000
0x0000700007bfad40:   0000000000000180 00007fce3e004380
0x0000700007bfad50:   0000000766ff0020 00007fce3cc06ed0
0x0000700007bfad60:   00007fce3cc07150 00007fce3cc0b970
0x0000700007bfad70:   00007fce3cc0b970 0000000106dd823a
0x0000700007bfad80:   00007fce3e004380 0000000000000001
0x0000700007bfad90:   0000700007bfadc0 0000000106ca2383
0x0000700007bfada0:   00007fce00000004 00007fce437c1de0
0x0000700007bfadb0:   00007fce3e003000 0000000000000000
0x0000700007bfadc0:   0000700007bfaea0 0000000106a5f488
0x0000700007bfadd0:   00007fce3cd05c00 00007fce3e003000
0x0000700007bfade0:   00007fce3cd020f0 00007fce3cd054e0
0x0000700007bfadf0:   00007fce3cd054f0 00007fce3cd055c8
0x0000700007bfae00:   00000000000000d8 00007fce3cd02130
0x0000700007bfae10:   00007fce3e003000 00007fce3cd020f0
0x0000700007bfae20:   00007fce3cd054e0 00007fce3cd054f0
0x0000700007bfae30:   00007fce3cd055c8 00000000000000d8
0x0000700007bfae40:   0000700007bfadd8 00007fce3cd01460
0x0000700007bfae50:   00007fce3cd050f0 00007fce3cd05100
0x0000700007bfae60:   00007fce3cd054d8 00000000000003d8
0x0000700007bfae70:   0000000000000000 00007fce3cd05f40
0x0000700007bfae80:   00007fce3cd05fb0 0000000000002903
0x0000700007bfae90:   00007fce3e003000 0000000000000001
0x0000700007bfaea0:   0000700007bfaef0 0000000106c5fb8d
0x0000700007bfaeb0:   00000000000339b2 0000700007bfb0e0
0x0000700007bfaec0:   0000700007bfb180 0000000600000000
0x0000700007bfaed0:   0000700007bfb000 0000000106c5fa93
0x0000700007bfaee0:   000000001c0008ff 00007fce3e003000
0x0000700007bfaef0:   0000700007bfaf10 00007fff9cad493b 

Instructions: (pc=0x0000000106943301)
0x00000001069432e1:   08 48 d3 e7 48 03 38 eb 04 49 8b 7e 08 81 7f 08
0x00000001069432f1:   ff ff ff bf 77 19 48 8b 07 48 8b 75 b8 4c 89 f2
0x0000000106943301:   ff 90 18 01 00 00 48 8d 05 1b 42 6e 00 8a 10 84
0x0000000106943311:   d2 74 16 48 8d 05 f5 31 6d 00 8a 48 08 41 8b 7e 

Register to memory mapping:

RAX=0x0000000000000000 is an unknown value
RBX=0x0000000766ffd800 is pointing into object: 0x0000000766ffd7f8
com.sun.tools.javac.comp.AttrContext 
 - klass: 'com/sun/tools/javac/comp/AttrContext'
RCX=0x0000000000000003 is an unknown value
RDX=
[error occurred during error reporting (printing register info), id 0xb]

Stack: [0x0000700007afb000,0x0000700007bfb000],  sp=0x0000700007bfad00,  free space=1023k
Native frames: (J=compiled Java code, j=interpreted, Vv=VM code, C=native code)
V  [libjvm.dylib+0x143301]  CardTableExtension::scavenge_contents_parallel(ObjectStartArray*, MutableSpace*, HeapWord*, PSPromotionManager*, unsigned int, unsigned int)+0x4a7
V  [libjvm.dylib+0x4a2383]  OldToYoungRootsTask::do_it(GCTaskManager*, unsigned int)+0x4b
V  [libjvm.dylib+0x25f488]  GCTaskThread::run()+0x130
V  [libjvm.dylib+0x45fb8d]  java_start(Thread*)+0xfa
C  [libsystem_pthread.dylib+0x393b]  _pthread_body+0xb4
C  [libsystem_pthread.dylib+0x3887]  _pthread_body+0x0
C  [libsystem_pthread.dylib+0x308d]  thread_start+0xd


---------------  P R O C E S S  ---------------

Java Threads: ( => current thread )
  0x00007fce42ecd000 JavaThread "RxComputationThreadPool-4" daemon [_thread_blocked, id=48391, stack(0x000070000c1cd000,0x000070000c2cd000)]
  0x00007fce42a42000 JavaThread "RxComputationThreadPool-3" daemon [_thread_blocked, id=26943, stack(0x000070000c0ca000,0x000070000c1ca000)]
  0x00007fce3d337000 JavaThread "RxComputationThreadPool-2" daemon [_thread_blocked, id=5187, stack(0x000070000bfc7000,0x000070000c0c7000)]
  0x00007fce42356800 JavaThread "RxComputationThreadPool-1" daemon [_thread_blocked, id=22327, stack(0x000070000bec4000,0x000070000bfc4000)]
  0x00007fce42316000 JavaThread "RxCachedWorkerPoolEvictor-1" daemon [_thread_blocked, id=37939, stack(0x000070000bdc1000,0x000070000bec1000)]
  0x00007fce43091000 JavaThread "Cache worker for Java compile cache (/Users/sofiane/AndroidStudioProjects/MyNews/.gradle/5.1.1/javaCompile)" [_thread_blocked, id=36659, stack(0x000070000a373000,0x000070000a473000)]
  0x00007fce4349f800 JavaThread "Execution worker for ':' Thread 3" [_thread_blocked, id=37431, stack(0x000070000a16d000,0x000070000a26d000)]
  0x00007fce425b8800 JavaThread "Cache worker for execution history cache (/Users/sofiane/AndroidStudioProjects/MyNews/.gradle/5.1.1/executionHistory)" [_thread_blocked, id=20791, stack(0x000070000a06a000,0x000070000a16a000)]
  0x00007fce3edd4800 JavaThread "Execution worker for ':' Thread 2" [_thread_blocked, id=41247, stack(0x0000700009f67000,0x000070000a067000)]
  0x00007fce3edd3800 JavaThread "Execution worker for ':'" [_thread_blocked, id=42779, stack(0x0000700009e64000,0x0000700009f64000)]
  0x00007fce42fed800 JavaThread "Cache worker for file content cache (/Users/sofiane/AndroidStudioProjects/MyNews/.gradle/5.1.1/fileContent)" [_thread_blocked, id=48911, stack(0x0000700009d61000,0x0000700009e61000)]
  0x00007fce3d77a000 JavaThread "Cache worker for Build Output Cleanup Cache (/Users/sofiane/AndroidStudioProjects/MyNews/.gradle/buildOutputCleanup)" [_thread_blocked, id=29219, stack(0x0000700009a58000,0x0000700009b58000)]
  0x00007fce4337e800 JavaThread "Build operations Thread 4" [_thread_blocked, id=40223, stack(0x0000700009955000,0x0000700009a55000)]
  0x00007fce42bef800 JavaThread "Build operations Thread 3" [_thread_blocked, id=40479, stack(0x0000700009852000,0x0000700009952000)]
  0x00007fce4348a800 JavaThread "Build operations Thread 2" [_thread_blocked, id=37679, stack(0x000070000974f000,0x000070000984f000)]
  0x00007fce42ec9800 JavaThread "Build operations" [_thread_blocked, id=4163, stack(0x000070000964c000,0x000070000974c000)]
  0x00007fce3dd8a800 JavaThread "Cache worker for cache directory md-rule (/Users/sofiane/.gradle/caches/5.1.1/md-rule)" [_thread_blocked, id=43287, stack(0x0000700009446000,0x0000700009546000)]
  0x00007fce40686800 JavaThread "Cache worker for cache directory md-supplier (/Users/sofiane/.gradle/caches/5.1.1/md-supplier)" [_thread_blocked, id=39703, stack(0x0000700009343000,0x0000700009443000)]
  0x00007fce3deb4000 JavaThread "Cache worker for file hash cache (/Users/sofiane/AndroidStudioProjects/MyNews/.gradle/5.1.1/fileHashes)" [_thread_blocked, id=44815, stack(0x0000700009240000,0x0000700009340000)]
  0x00007fce3df38800 JavaThread "Thread-259" [_thread_blocked, id=45071, stack(0x0000700008e34000,0x0000700008f34000)]
  0x00007fce3d8aa000 JavaThread "Stdin handler" [_thread_blocked, id=42275, stack(0x0000700008d31000,0x0000700008e31000)]
  0x00007fce431ec000 JavaThread "Asynchronous log dispatcher for DefaultDaemonConnection: socket connection from /127.0.0.1:53523 to /127.0.0.1:55973" [_thread_blocked, id=47879, stack(0x0000700008c2e000,0x0000700008d2e000)]
  0x00007fce3ec4a800 JavaThread "Daemon worker Thread 10" [_thread_blocked, id=46091, stack(0x0000700008b2b000,0x0000700008c2b000)]
  0x00007fce4191b000 JavaThread "Cancel handler" [_thread_blocked, id=46603, stack(0x0000700008a28000,0x0000700008b28000)]
  0x00007fce3efea800 JavaThread "Handler for socket connection from /127.0.0.1:53523 to /127.0.0.1:55973" [_thread_in_native, id=45323, stack(0x0000700008822000,0x0000700008922000)]
  0x00007fce41ca8000 JavaThread "Daemon Thread 10" [_thread_blocked, id=20263, stack(0x000070000871f000,0x000070000881f000)]
  0x00007fce3e4c7000 JavaThread "RxComputationThreadPool-4" daemon [_thread_blocked, id=47367, stack(0x000070000bcbe000,0x000070000bdbe000)]
  0x00007fce3e4c6800 JavaThread "RxComputationThreadPool-3" daemon [_thread_blocked, id=42007, stack(0x000070000bbbb000,0x000070000bcbb000)]
  0x00007fce42ed6800 JavaThread "RxComputationThreadPool-2" daemon [_thread_blocked, id=23859, stack(0x000070000bab8000,0x000070000bbb8000)]
  0x00007fce42281800 JavaThread "RxComputationThreadPool-1" daemon [_thread_blocked, id=23355, stack(0x000070000b9b5000,0x000070000bab5000)]
  0x00007fce3d339000 JavaThread "RxCachedWorkerPoolEvictor-1" daemon [_thread_blocked, id=46347, stack(0x000070000b8b2000,0x000070000b9b2000)]
  0x00007fce42595000 JavaThread "RxComputationThreadPool-4" daemon [_thread_blocked, id=43791, stack(0x000070000b7af000,0x000070000b8af000)]
  0x00007fce427c1800 JavaThread "RxComputationThreadPool-3" daemon [_thread_blocked, id=42523, stack(0x000070000b6ac000,0x000070000b7ac000)]
  0x00007fce427c1000 JavaThread "RxComputationThreadPool-2" daemon [_thread_blocked, id=37163, stack(0x000070000b5a9000,0x000070000b6a9000)]
  0x00007fce427b4800 JavaThread "RxComputationThreadPool-1" daemon [_thread_blocked, id=5427, stack(0x000070000b4a6000,0x000070000b5a6000)]
  0x00007fce43406800 JavaThread "RxCachedWorkerPoolEvictor-1" daemon [_thread_blocked, id=25911, stack(0x000070000b3a3000,0x000070000b4a3000)]
  0x00007fce4331b800 JavaThread "RxComputationThreadPool-4" daemon [_thread_blocked, id=40711, stack(0x000070000b2a0000,0x000070000b3a0000)]
  0x00007fce3e655000 JavaThread "RxComputationThreadPool-3" daemon [_thread_blocked, id=32799, stack(0x000070000b19d000,0x000070000b29d000)]
  0x00007fce41ff0000 JavaThread "RxComputationThreadPool-2" daemon [_thread_blocked, id=31775, stack(0x000070000b09a000,0x000070000b19a000)]
  0x00007fce3d89c000 JavaThread "RxComputationThreadPool-1" daemon [_thread_blocked, id=27423, stack(0x000070000af97000,0x000070000b097000)]
  0x00007fce433fc800 JavaThread "RxCachedWorkerPoolEvictor-1" daemon [_thread_blocked, id=27935, stack(0x000070000ae94000,0x000070000af94000)]
  0x00007fce3e7e3000 JavaThread "RxComputationThreadPool-4" daemon [_thread_blocked, id=38663, stack(0x000070000ad91000,0x000070000ae91000)]
  0x00007fce3e7e2800 JavaThread "RxComputationThreadPool-3" daemon [_thread_blocked, id=30987, stack(0x000070000ac8e000,0x000070000ad8e000)]
  0x00007fce3e1c6800 JavaThread "RxComputationThreadPool-2" daemon [_thread_blocked, id=32011, stack(0x000070000ab8b000,0x000070000ac8b000)]
  0x00007fce3e1c6000 JavaThread "RxComputationThreadPool-1" daemon [_thread_blocked, id=30475, stack(0x000070000aa88000,0x000070000ab88000)]
  0x00007fce3e1c5000 JavaThread "RxCachedWorkerPoolEvictor-1" daemon [_thread_blocked, id=39179, stack(0x000070000a985000,0x000070000aa85000)]
  0x00007fce41e52800 JavaThread "RxComputationThreadPool-4" daemon [_thread_blocked, id=36099, stack(0x000070000a882000,0x000070000a982000)]
  0x00007fce41c68800 JavaThread "RxComputationThreadPool-3" daemon [_thread_blocked, id=35587, stack(0x000070000a77f000,0x000070000a87f000)]
  0x00007fce41c14800 JavaThread "RxComputationThreadPool-2" daemon [_thread_blocked, id=35075, stack(0x000070000a67c000,0x000070000a77c000)]
  0x00007fce3de0c000 JavaThread "RxComputationThreadPool-1" daemon [_thread_blocked, id=34563, stack(0x000070000a579000,0x000070000a679000)]
  0x00007fce43090000 JavaThread "RxCachedWorkerPoolEvictor-1" daemon [_thread_blocked, id=34051, stack(0x000070000a476000,0x000070000a576000)]
  0x00007fce3de0e000 JavaThread "Cache worker for Java compile cache (/Users/sofiane/.gradle/caches/5.1.1/javaCompile)" [_thread_blocked, id=33027, stack(0x000070000a270000,0x000070000a370000)]
  0x00007fce3df61800 JavaThread "Cache worker for file content cache (/Users/sofiane/.gradle/caches/5.1.1/fileContent)" [_thread_blocked, id=29955, stack(0x0000700009c5e000,0x0000700009d5e000)]
  0x00007fce3df31000 JavaThread "Memory manager" [_thread_blocked, id=29443, stack(0x0000700009b5b000,0x0000700009c5b000)]
  0x00007fce401a2800 JavaThread "Cache worker for execution history cache (/Users/sofiane/.gradle/caches/5.1.1/executionHistory)" [_thread_blocked, id=26371, stack(0x0000700009549000,0x0000700009649000)]
  0x00007fce3eae7000 JavaThread "Cache worker for journal cache (/Users/sofiane/.gradle/caches/journal-1)" [_thread_blocked, id=25347, stack(0x000070000913d000,0x000070000923d000)]
  0x00007fce3e866800 JavaThread "File lock request listener" [_thread_in_native, id=24835, stack(0x000070000903a000,0x000070000913a000)]
  0x00007fce3e83d800 JavaThread "Cache worker for file hash cache (/Users/sofiane/.gradle/caches/5.1.1/fileHashes)" [_thread_blocked, id=24323, stack(0x0000700008f37000,0x0000700009037000)]
  0x00007fce3ddca800 JavaThread "Daemon periodic checks" [_thread_blocked, id=21251, stack(0x0000700008925000,0x0000700008a25000)]
  0x00007fce3eaeb800 JavaThread "Incoming local TCP Connector on port 53523" [_thread_in_native, id=19715, stack(0x000070000861c000,0x000070000871c000)]
  0x00007fce3d062000 JavaThread "Service Thread" daemon [_thread_blocked, id=18691, stack(0x0000700008416000,0x0000700008516000)]
  0x00007fce3d047000 JavaThread "C1 CompilerThread2" daemon [_thread_blocked, id=18179, stack(0x0000700008313000,0x0000700008413000)]
  0x00007fce3d046800 JavaThread "C2 CompilerThread1" daemon [_thread_blocked, id=17667, stack(0x0000700008210000,0x0000700008310000)]
  0x00007fce3d044800 JavaThread "C2 CompilerThread0" daemon [_thread_blocked, id=17155, stack(0x000070000810d000,0x000070000820d000)]
  0x00007fce3d01d000 JavaThread "Signal Dispatcher" daemon [_thread_blocked, id=16643, stack(0x000070000800a000,0x000070000810a000)]
  0x00007fce3d032000 JavaThread "Finalizer" daemon [_thread_blocked, id=12547, stack(0x0000700007f07000,0x0000700008007000)]
  0x00007fce3d029800 JavaThread "Reference Handler" daemon [_thread_blocked, id=12035, stack(0x0000700007e04000,0x0000700007f04000)]
  0x00007fce3d001000 JavaThread "main" [_thread_blocked, id=7171, stack(0x00007000077f2000,0x00007000078f2000)]

Other Threads:
  0x00007fce3d002800 VMThread [stack: 0x0000700007d01000,0x0000700007e01000] [id=11523]
  0x00007fce3e005000 WatcherThread [stack: 0x0000700008519000,0x0000700008619000] [id=19203]

=>0x00007fce3e003000 (exited) GCTaskThread [stack: 0x0000700007afb000,0x0000700007bfb000] [id=10499]

VM state:at safepoint (normal execution)

VM Mutex/Monitor currently owned by a thread:  ([mutex/lock_event])
[0x00007fce3cc04bb0] Threads_lock - owner thread: 0x00007fce3d002800
[0x00007fce3cc050b0] Heap_lock - owner thread: 0x00007fce3edd3800

Heap:
 PSYoungGen      total 359424K, used 341288K [0x00000007a0000000, 0x00000007b9880000, 0x00000007c0000000)
  eden space 311808K, 100% used [0x00000007a0000000,0x00000007b3080000,0x00000007b3080000)
  from space 47616K, 61% used [0x00000007b6a00000,0x00000007b86ca150,0x00000007b9880000)
  to   space 53248K, 42% used [0x00000007b3080000,0x00000007b4666840,0x00000007b6480000)
 ParOldGen       total 200192K, used 146570K [0x0000000760000000, 0x000000076c380000, 0x00000007a0000000)
  object space 200192K, 73% used [0x0000000760000000,0x0000000768f22870,0x000000076c380000)
 Metaspace       used 104431K, capacity 109134K, committed 109464K, reserved 1144832K
  class space    used 12814K, capacity 13632K, committed 13720K, reserved 1048576K

Card table byte_map: [0x000000010765c000,0x000000010795d000] byte_map_base: 0x0000000103b5c000

Marking Bits: (ParMarkBitMap*) 0x000000010702c8f8
 Begin Bits: [0x0000000107b5d000, 0x000000010935d000)
 End Bits:   [0x000000010935d000, 0x000000010ab5d000)

Polling page: 0x0000000105e68000

CodeCache: size=245760Kb used=54065Kb max_used=54073Kb free=191694Kb
 bounds [0x0000000112a03000, 0x0000000115f33000, 0x0000000121a03000]
 total_blobs=17240 nmethods=16361 adapters=791
 compilation: enabled

Compilation events (10 events):
Event: 1670.237 Thread 0x00007fce3d047000 20892       3       com.android.build.gradle.internal.pipeline.TransformTask_Decorated::getVariantName (37 bytes)
Event: 1670.240 Thread 0x00007fce3d047000 nmethod 20892 0x0000000115f0e3d0 code [0x0000000115f0e780, 0x0000000115f10688]
Event: 1670.244 Thread 0x00007fce3d047000 20893       3       org.objectweb.asm.MethodVisitor::visitFieldInsn (20 bytes)
Event: 1670.245 Thread 0x00007fce3d047000 nmethod 20893 0x0000000114529f10 code [0x000000011452a080, 0x000000011452a2e8]
Event: 1670.245 Thread 0x00007fce3d047000 20894       3       org.objectweb.asm.tree.LdcInsnNode::accept (14 bytes)
Event: 1670.245 Thread 0x00007fce3d047000 nmethod 20894 0x0000000115f0de90 code [0x0000000115f0e000, 0x0000000115f0e2f8]
Event: 1670.245 Thread 0x00007fce3d047000 20895       3       org.objectweb.asm.util.TraceMethodVisitor::visitMethodInsn (57 bytes)
Event: 1670.246 Thread 0x00007fce3d047000 nmethod 20895 0x0000000115f0d7d0 code [0x0000000115f0d960, 0x0000000115f0dd48]
Event: 1670.258 Thread 0x00007fce3d047000 20896       1       java.util.Collections$EmptyMap::size (2 bytes)
Event: 1670.258 Thread 0x00007fce3d047000 nmethod 20896 0x0000000115c6c950 code [0x0000000115c6caa0, 0x0000000115c6cbb0]

GC Heap History (10 events):
Event: 758.146 GC heap after
Heap after GC invocations=26 (full 4):
 PSYoungGen      total 308224K, used 40944K [0x00000007a0000000, 0x00000007b8e00000, 0x00000007c0000000)
  eden space 267264K, 0% used [0x00000007a0000000,0x00000007a0000000,0x00000007b0500000)
  from space 40960K, 99% used [0x00000007b4180000,0x00000007b697c390,0x00000007b6980000)
  to   space 61952K, 0% used [0x00000007b0500000,0x00000007b0500000,0x00000007b4180000)
 ParOldGen       total 200192K, used 129816K [0x0000000760000000, 0x000000076c380000, 0x00000007a0000000)
  object space 200192K, 64% used [0x0000000760000000,0x0000000767ec6278,0x000000076c380000)
 Metaspace       used 94457K, capacity 98626K, committed 98712K, reserved 1134592K
  class space    used 11905K, capacity 12666K, committed 12696K, reserved 1048576K
}
Event: 822.315 GC heap before
{Heap before GC invocations=27 (full 4):
 PSYoungGen      total 308224K, used 308208K [0x00000007a0000000, 0x00000007b8e00000, 0x00000007c0000000)
  eden space 267264K, 100% used [0x00000007a0000000,0x00000007b0500000,0x00000007b0500000)
  from space 40960K, 99% used [0x00000007b4180000,0x00000007b697c390,0x00000007b6980000)
  to   space 61952K, 0% used [0x00000007b0500000,0x00000007b0500000,0x00000007b4180000)
 ParOldGen       total 200192K, used 129816K [0x0000000760000000, 0x000000076c380000, 0x00000007a0000000)
  object space 200192K, 64% used [0x0000000760000000,0x0000000767ec6278,0x000000076c380000)
 Metaspace       used 95015K, capacity 99330K, committed 99608K, reserved 1136640K
  class space    used 11933K, capacity 12718K, committed 12824K, reserved 1048576K
Event: 822.397 GC heap after
Heap after GC invocations=27 (full 4):
 PSYoungGen      total 329216K, used 21399K [0x00000007a0000000, 0x00000007b8f80000, 0x00000007c0000000)
  eden space 267264K, 0% used [0x00000007a0000000,0x00000007a0000000,0x00000007b0500000)
  from space 61952K, 34% used [0x00000007b0500000,0x00000007b19e5c18,0x00000007b4180000)
  to   space 58880K, 0% used [0x00000007b5600000,0x00000007b5600000,0x00000007b8f80000)
 ParOldGen       total 200192K, used 146538K [0x0000000760000000, 0x000000076c380000, 0x00000007a0000000)
  object space 200192K, 73% used [0x0000000760000000,0x0000000768f1a870,0x000000076c380000)
 Metaspace       used 95015K, capacity 99330K, committed 99608K, reserved 1136640K
  class space    used 11933K, capacity 12718K, committed 12824K, reserved 1048576K
}
Event: 1121.218 GC heap before
{Heap before GC invocations=28 (full 4):
 PSYoungGen      total 329216K, used 288663K [0x00000007a0000000, 0x00000007b8f80000, 0x00000007c0000000)
  eden space 267264K, 100% used [0x00000007a0000000,0x00000007b0500000,0x00000007b0500000)
  from space 61952K, 34% used [0x00000007b0500000,0x00000007b19e5c18,0x00000007b4180000)
  to   space 58880K, 0% used [0x00000007b5600000,0x00000007b5600000,0x00000007b8f80000)
 ParOldGen       total 200192K, used 146538K [0x0000000760000000, 0x000000076c380000, 0x00000007a0000000)
  object space 200192K, 73% used [0x0000000760000000,0x0000000768f1a870,0x000000076c380000)
 Metaspace       used 96490K, capacity 100860K, committed 101016K, reserved 1136640K
  class space    used 12058K, capacity 12853K, committed 12952K, reserved 1048576K
Event: 1121.458 GC heap after
Heap after GC invocations=28 (full 4):
 PSYoungGen      total 334848K, used 21860K [0x00000007a0000000, 0x00000007b8480000, 0x00000007c0000000)
  eden space 287232K, 0% used [0x00000007a0000000,0x00000007a0000000,0x00000007b1880000)
  from space 47616K, 45% used [0x00000007b5600000,0x00000007b6b591d8,0x00000007b8480000)
  to   space 55296K, 0% used [0x00000007b1880000,0x00000007b1880000,0x00000007b4e80000)
 ParOldGen       total 200192K, used 146546K [0x0000000760000000, 0x000000076c380000, 0x00000007a0000000)
  object space 200192K, 73% used [0x0000000760000000,0x0000000768f1c870,0x000000076c380000)
 Metaspace       used 96490K, capacity 100860K, committed 101016K, reserved 1136640K
  class space    used 12058K, capacity 12853K, committed 12952K, reserved 1048576K
}
Event: 1126.930 GC heap before
{Heap before GC invocations=29 (full 4):
 PSYoungGen      total 334848K, used 309092K [0x00000007a0000000, 0x00000007b8480000, 0x00000007c0000000)
  eden space 287232K, 100% used [0x00000007a0000000,0x00000007b1880000,0x00000007b1880000)
  from space 47616K, 45% used [0x00000007b5600000,0x00000007b6b591d8,0x00000007b8480000)
  to   space 55296K, 0% used [0x00000007b1880000,0x00000007b1880000,0x00000007b4e80000)
 ParOldGen       total 200192K, used 146546K [0x0000000760000000, 0x000000076c380000, 0x00000007a0000000)
  object space 200192K, 73% used [0x0000000760000000,0x0000000768f1c870,0x000000076c380000)
 Metaspace       used 99128K, capacity 103642K, committed 103832K, reserved 1140736K
  class space    used 12312K, capacity 13118K, committed 13208K, reserved 1048576K
Event: 1127.080 GC heap after
Heap after GC invocations=29 (full 4):
 PSYoungGen      total 342528K, used 28768K [0x00000007a0000000, 0x00000007b9f00000, 0x00000007c0000000)
  eden space 287232K, 0% used [0x00000007a0000000,0x00000007a0000000,0x00000007b1880000)
  from space 55296K, 52% used [0x00000007b1880000,0x00000007b3498390,0x00000007b4e80000)
  to   space 54272K, 0% used [0x00000007b6a00000,0x00000007b6a00000,0x00000007b9f00000)
 ParOldGen       total 200192K, used 146554K [0x0000000760000000, 0x000000076c380000, 0x00000007a0000000)
  object space 200192K, 73% used [0x0000000760000000,0x0000000768f1e870,0x000000076c380000)
 Metaspace       used 99128K, capacity 103642K, committed 103832K, reserved 1140736K
  class space    used 12312K, capacity 13118K, committed 13208K, reserved 1048576K
}
Event: 1293.999 GC heap before
{Heap before GC invocations=30 (full 4):
 PSYoungGen      total 342528K, used 315975K [0x00000007a0000000, 0x00000007b9f00000, 0x00000007c0000000)
  eden space 287232K, 99% used [0x00000007a0000000,0x00000007b1879a80,0x00000007b1880000)
  from space 55296K, 52% used [0x00000007b1880000,0x00000007b3498390,0x00000007b4e80000)
  to   space 54272K, 0% used [0x00000007b6a00000,0x00000007b6a00000,0x00000007b9f00000)
 ParOldGen       total 200192K, used 146554K [0x0000000760000000, 0x000000076c380000, 0x00000007a0000000)
  object space 200192K, 73% used [0x0000000760000000,0x0000000768f1e870,0x000000076c380000)
 Metaspace       used 101914K, capacity 106512K, committed 106648K, reserved 1142784K
  class space    used 12590K, capacity 13399K, committed 13464K, reserved 1048576K
Event: 1294.221 GC heap after
Heap after GC invocations=30 (full 4):
 PSYoungGen      total 359424K, used 29480K [0x00000007a0000000, 0x00000007b9880000, 0x00000007c0000000)
  eden space 311808K, 0% used [0x00000007a0000000,0x00000007a0000000,0x00000007b3080000)
  from space 47616K, 61% used [0x00000007b6a00000,0x00000007b86ca150,0x00000007b9880000)
  to   space 53248K, 0% used [0x00000007b3080000,0x00000007b3080000,0x00000007b6480000)
 ParOldGen       total 200192K, used 146562K [0x0000000760000000, 0x000000076c380000, 0x00000007a0000000)
  object space 200192K, 73% used [0x0000000760000000,0x0000000768f20870,0x000000076c380000)
 Metaspace       used 101914K, capacity 106512K, committed 106648K, reserved 1142784K
  class space    used 12590K, capacity 13399K, committed 13464K, reserved 1048576K
}
Event: 1670.265 GC heap before
{Heap before GC invocations=31 (full 4):
 PSYoungGen      total 359424K, used 341288K [0x00000007a0000000, 0x00000007b9880000, 0x00000007c0000000)
  eden space 311808K, 100% used [0x00000007a0000000,0x00000007b3080000,0x00000007b3080000)
  from space 47616K, 61% used [0x00000007b6a00000,0x00000007b86ca150,0x00000007b9880000)
  to   space 53248K, 0% used [0x00000007b3080000,0x00000007b3080000,0x00000007b6480000)
 ParOldGen       total 200192K, used 146562K [0x0000000760000000, 0x000000076c380000, 0x00000007a0000000)
  object space 200192K, 73% used [0x0000000760000000,0x0000000768f20870,0x000000076c380000)
 Metaspace       used 104431K, capacity 109134K, committed 109464K, reserved 1144832K
  class space    used 12814K, capacity 13632K, committed 13720K, reserved 1048576K

Deoptimization events (10 events):
Event: 1667.403 Thread 0x00007fce3edd4800 Uncommon trap: reason=array_check action=maybe_recompile pc=0x000000011426de28 method=java.util.ComparableTimSort.mergeLo(IIII)V @ 240
Event: 1667.403 Thread 0x00007fce3edd4800 Uncommon trap: reason=array_check action=maybe_recompile pc=0x0000000114303fd8 method=java.util.ComparableTimSort.mergeHi(IIII)V @ 101
Event: 1667.403 Thread 0x00007fce3edd4800 Uncommon trap: reason=array_check action=maybe_recompile pc=0x0000000114303fd8 method=java.util.ComparableTimSort.mergeHi(IIII)V @ 101
Event: 1667.403 Thread 0x00007fce3edd4800 Uncommon trap: reason=array_check action=maybe_recompile pc=0x0000000115ba655c method=java.util.ComparableTimSort.mergeHi(IIII)V @ 245
Event: 1667.404 Thread 0x00007fce3edd4800 Uncommon trap: reason=array_check action=maybe_recompile pc=0x0000000115ba655c method=java.util.ComparableTimSort.mergeHi(IIII)V @ 245
Event: 1667.426 Thread 0x00007fce3edd4800 Uncommon trap: reason=array_check action=maybe_recompile pc=0x000000011499ef40 method=java.util.ComparableTimSort.reverseRange([Ljava/lang/Object;II)V @ 20
Event: 1667.426 Thread 0x00007fce3edd4800 Uncommon trap: reason=array_check action=maybe_recompile pc=0x000000011499ef40 method=java.util.ComparableTimSort.reverseRange([Ljava/lang/Object;II)V @ 20
Event: 1667.428 Thread 0x00007fce3edd4800 Uncommon trap: reason=array_check action=maybe_recompile pc=0x000000011499ef40 method=java.util.ComparableTimSort.reverseRange([Ljava/lang/Object;II)V @ 20
Event: 1667.512 Thread 0x00007fce3edd4800 Uncommon trap: reason=array_check action=maybe_recompile pc=0x000000011421204c method=java.util.ComparableTimSort.mergeLo(IIII)V @ 207
Event: 1667.512 Thread 0x00007fce3edd4800 Uncommon trap: reason=array_check action=maybe_recompile pc=0x000000011421204c method=java.util.ComparableTimSort.mergeLo(IIII)V @ 207

Classes redefined (0 events):
No events

Internal exceptions (10 events):
Event: 1120.175 Thread 0x00007fce42bef800 Exception <a 'java/lang/NoSuchMethodError': <clinit>> (0x00000007ae7b70f0) thrown at [/Volumes/android/AOSP-openjdk-git/jdk8u/hotspot/src/share/vm/prims/jni.cpp, line 1613]
Event: 1120.175 Thread 0x00007fce42bef800 Exception <a 'java/lang/NoSuchMethodError': <clinit>> (0x00000007ae7bafd0) thrown at [/Volumes/android/AOSP-openjdk-git/jdk8u/hotspot/src/share/vm/prims/jni.cpp, line 1613]
Event: 1120.175 Thread 0x00007fce42bef800 Exception <a 'java/lang/NoSuchMethodError': <clinit>> (0x00000007ae7bcad8) thrown at [/Volumes/android/AOSP-openjdk-git/jdk8u/hotspot/src/share/vm/prims/jni.cpp, line 1613]
Event: 1120.175 Thread 0x00007fce42bef800 Exception <a 'java/lang/NoSuchMethodError': <clinit>> (0x00000007ae7be2a8) thrown at [/Volumes/android/AOSP-openjdk-git/jdk8u/hotspot/src/share/vm/prims/jni.cpp, line 1613]
Event: 1120.175 Thread 0x00007fce42bef800 Exception <a 'java/lang/NoSuchMethodError': <clinit>> (0x00000007ae7bf928) thrown at [/Volumes/android/AOSP-openjdk-git/jdk8u/hotspot/src/share/vm/prims/jni.cpp, line 1613]
Event: 1126.418 Thread 0x00007fce3df38800 Exception <a 'sun/nio/fs/UnixException'> (0x00000007b012a978) thrown at [/Volumes/android/AOSP-openjdk-git/jdk8u/hotspot/src/share/vm/prims/jni.cpp, line 709]
Event: 1126.643 Thread 0x00007fce4034d800 Exception <a 'sun/nio/fs/UnixException'> (0x00000007b0e91c20) thrown at [/Volumes/android/AOSP-openjdk-git/jdk8u/hotspot/src/share/vm/prims/jni.cpp, line 709]
Event: 1292.671 Thread 0x00007fce404b8000 Implicit null exception at 0x000000011561c886 to 0x000000011561c9b5
Event: 1294.377 Thread 0x00007fce3efea800 Exception <a 'sun/nio/fs/UnixException'> (0x00000007a15b84d0) thrown at [/Volumes/android/AOSP-openjdk-git/jdk8u/hotspot/src/share/vm/prims/jni.cpp, line 709]
Event: 1294.558 Thread 0x00007fce3def6800 Exception <a 'sun/nio/fs/UnixException'> (0x00000007a22fe930) thrown at [/Volumes/android/AOSP-openjdk-git/jdk8u/hotspot/src/share/vm/prims/jni.cpp, line 709]

Events (10 events):
Event: 1668.764 loading class com/google/auto/service/AutoService
Event: 1668.764 loading class com/google/auto/service/AutoService done
Event: 1668.839 Thread 0x00007fce3d044800 flushing nmethod 0x00000001149571d0
Event: 1668.839 Thread 0x00007fce3d044800 flushing nmethod 0x0000000114967550
Event: 1668.840 Thread 0x00007fce3d044800 flushing nmethod 0x00000001149a9f10
Event: 1669.594 Thread 0x00007fce3edd4800 DEOPT PACKING pc=0x000000011521a3d2 sp=0x000070000a062870
Event: 1669.594 Thread 0x00007fce3edd4800 DEOPT UNPACKING pc=0x0000000112a4a4c4 sp=0x000070000a062648 mode 0
Event: 1669.722 Thread 0x00007fce3edd4800 DEOPT PACKING pc=0x000000011521a3d2 sp=0x000070000a062870
Event: 1669.722 Thread 0x00007fce3edd4800 DEOPT UNPACKING pc=0x0000000112a4a4c4 sp=0x000070000a062648 mode 0
Event: 1670.264 Executing VM operation: ParallelGCFailedAllocation


Dynamic libraries:
0x0000000011cc7000 	/System/Library/Frameworks/Cocoa.framework/Versions/A/Cocoa
0x0000000011cc7000 	/System/Library/Frameworks/Security.framework/Versions/A/Security
0x0000000011cc7000 	/System/Library/Frameworks/ApplicationServices.framework/Versions/A/ApplicationServices
0x0000000011cc7000 	/usr/lib/libz.1.dylib
0x0000000011cc7000 	/usr/lib/libSystem.B.dylib
0x0000000011cc7000 	/System/Library/Frameworks/CoreFoundation.framework/Versions/A/CoreFoundation
0x0000000011cc7000 	/System/Library/Frameworks/Foundation.framework/Versions/C/Foundation
0x0000000011cc7000 	/usr/lib/libobjc.A.dylib
0x0000000011cc7000 	/System/Library/Frameworks/AppKit.framework/Versions/C/AppKit
0x0000000011cc7000 	/System/Library/Frameworks/CoreData.framework/Versions/A/CoreData
0x0000000011cc7000 	/System/Library/PrivateFrameworks/RemoteViewServices.framework/Versions/A/RemoteViewServices
0x0000000011cc7000 	/System/Library/PrivateFrameworks/UIFoundation.framework/Versions/A/UIFoundation
0x0000000011cc7000 	/System/Library/PrivateFrameworks/DFRFoundation.framework/Versions/A/DFRFoundation
0x0000000011cc7000 	/usr/lib/libenergytrace.dylib
0x0000000011cc7000 	/System/Library/PrivateFrameworks/SkyLight.framework/Versions/A/SkyLight
0x0000000011cc7000 	/System/Library/Frameworks/CoreGraphics.framework/Versions/A/CoreGraphics
0x0000000011cc7000 	/usr/lib/libScreenReader.dylib
0x0000000011cc7000 	/System/Library/Frameworks/Accelerate.framework/Versions/A/Accelerate
0x0000000011cc7000 	/System/Library/Frameworks/IOSurface.framework/Versions/A/IOSurface
0x0000000011cc7000 	/System/Library/Frameworks/AudioToolbox.framework/Versions/A/AudioToolbox
0x0000000011cc7000 	/System/Library/Frameworks/AudioUnit.framework/Versions/A/AudioUnit
0x0000000011cc7000 	/System/Library/PrivateFrameworks/DataDetectorsCore.framework/Versions/A/DataDetectorsCore
0x0000000011cc7000 	/System/Library/PrivateFrameworks/DesktopServicesPriv.framework/Versions/A/DesktopServicesPriv
0x0000000011cc7000 	/System/Library/Frameworks/Carbon.framework/Versions/A/Frameworks/HIToolbox.framework/Versions/A/HIToolbox
0x0000000011cc7000 	/usr/lib/libicucore.A.dylib
0x0000000011cc7000 	/System/Library/Frameworks/QuartzCore.framework/Versions/A/QuartzCore
0x0000000011cc7000 	/System/Library/Frameworks/Carbon.framework/Versions/A/Frameworks/SpeechRecognition.framework/Versions/A/SpeechRecognition
0x0000000011cc7000 	/usr/lib/libauto.dylib
0x0000000011cc7000 	/usr/lib/libxml2.2.dylib
0x0000000011cc7000 	/System/Library/PrivateFrameworks/CoreUI.framework/Versions/A/CoreUI
0x0000000011cc7000 	/System/Library/Frameworks/CoreAudio.framework/Versions/A/CoreAudio
0x0000000011cc7000 	/System/Library/Frameworks/DiskArbitration.framework/Versions/A/DiskArbitration
0x0000000011cc7000 	/usr/lib/liblangid.dylib
0x0000000011cc7000 	/System/Library/PrivateFrameworks/MultitouchSupport.framework/Versions/A/MultitouchSupport
0x0000000011cc7000 	/System/Library/Frameworks/IOKit.framework/Versions/A/IOKit
0x0000000011cc7000 	/usr/lib/libDiagnosticMessagesClient.dylib
0x0000000011cc7000 	/System/Library/Frameworks/CoreServices.framework/Versions/A/CoreServices
0x0000000011cc7000 	/System/Library/PrivateFrameworks/PerformanceAnalysis.framework/Versions/A/PerformanceAnalysis
0x0000000011cc7000 	/System/Library/PrivateFrameworks/GenerationalStorage.framework/Versions/A/GenerationalStorage
0x0000000011cc7000 	/System/Library/Frameworks/OpenGL.framework/Versions/A/OpenGL
0x0000000011cc7000 	/System/Library/Frameworks/CoreImage.framework/Versions/A/CoreImage
0x0000000011cc7000 	/System/Library/Frameworks/CoreText.framework/Versions/A/CoreText
0x0000000011cc7000 	/System/Library/Frameworks/ImageIO.framework/Versions/A/ImageIO
0x0000000011cc7000 	/System/Library/PrivateFrameworks/Backup.framework/Versions/A/Backup
0x0000000011cc7000 	/usr/lib/libarchive.2.dylib
0x0000000011cc7000 	/System/Library/Frameworks/CFNetwork.framework/Versions/A/CFNetwork
0x0000000011cc7000 	/System/Library/Frameworks/SystemConfiguration.framework/Versions/A/SystemConfiguration
0x0000000011cc7000 	/usr/lib/libCRFSuite.dylib
0x0000000011cc7000 	/usr/lib/libc++.1.dylib
0x0000000011cc7000 	/usr/lib/libc++abi.dylib
0x0000000011cc7000 	/usr/lib/system/libcache.dylib
0x0000000011cc7000 	/usr/lib/system/libcommonCrypto.dylib
0x0000000011cc7000 	/usr/lib/system/libcompiler_rt.dylib
0x0000000011cc7000 	/usr/lib/system/libcopyfile.dylib
0x0000000011cc7000 	/usr/lib/system/libcorecrypto.dylib
0x0000000011cc7000 	/usr/lib/system/libdispatch.dylib
0x0000000011cc7000 	/usr/lib/system/libdyld.dylib
0x0000000011cc7000 	/usr/lib/system/libkeymgr.dylib
0x0000000011cc7000 	/usr/lib/system/liblaunch.dylib
0x0000000011cc7000 	/usr/lib/system/libmacho.dylib
0x0000000011cc7000 	/usr/lib/system/libquarantine.dylib
0x0000000011cc7000 	/usr/lib/system/libremovefile.dylib
0x0000000011cc7000 	/usr/lib/system/libsystem_asl.dylib
0x0000000011cc7000 	/usr/lib/system/libsystem_blocks.dylib
0x0000000011cc7000 	/usr/lib/system/libsystem_c.dylib
0x0000000011cc7000 	/usr/lib/system/libsystem_configuration.dylib
0x0000000011cc7000 	/usr/lib/system/libsystem_coreservices.dylib
0x0000000011cc7000 	/usr/lib/system/libsystem_coretls.dylib
0x0000000011cc7000 	/usr/lib/system/libsystem_dnssd.dylib
0x0000000011cc7000 	/usr/lib/system/libsystem_info.dylib
0x0000000011cc7000 	/usr/lib/system/libsystem_kernel.dylib
0x0000000011cc7000 	/usr/lib/system/libsystem_m.dylib
0x0000000011cc7000 	/usr/lib/system/libsystem_malloc.dylib
0x0000000011cc7000 	/usr/lib/system/libsystem_network.dylib
0x0000000011cc7000 	/usr/lib/system/libsystem_networkextension.dylib
0x0000000011cc7000 	/usr/lib/system/libsystem_notify.dylib
0x0000000011cc7000 	/usr/lib/system/libsystem_platform.dylib
0x0000000011cc7000 	/usr/lib/system/libsystem_pthread.dylib
0x0000000011cc7000 	/usr/lib/system/libsystem_sandbox.dylib
0x0000000011cc7000 	/usr/lib/system/libsystem_secinit.dylib
0x0000000011cc7000 	/usr/lib/system/libsystem_symptoms.dylib
0x0000000011cc7000 	/usr/lib/system/libsystem_trace.dylib
0x0000000011cc7000 	/usr/lib/system/libunwind.dylib
0x0000000011cc7000 	/usr/lib/system/libxpc.dylib
0x0000000011cc7000 	/usr/lib/libbsm.0.dylib
0x0000000011cc7000 	/usr/lib/system/libkxld.dylib
0x0000000011cc7000 	/usr/lib/libcoretls.dylib
0x0000000011cc7000 	/usr/lib/libcoretls_cfhelpers.dylib
0x0000000011cc7000 	/usr/lib/libOpenScriptingUtil.dylib
0x0000000011cc7000 	/usr/lib/libpam.2.dylib
0x0000000011cc7000 	/usr/lib/libsqlite3.dylib
0x0000000011cc7000 	/usr/lib/libxar.1.dylib
0x0000000011cc7000 	/usr/lib/libbz2.1.0.dylib
0x0000000011cc7000 	/usr/lib/liblzma.5.dylib
0x0000000011cc7000 	/usr/lib/libnetwork.dylib
0x0000000011cc7000 	/usr/lib/libpcap.A.dylib
0x0000000011cc7000 	/System/Library/Frameworks/CoreServices.framework/Versions/A/Frameworks/FSEvents.framework/Versions/A/FSEvents
0x0000000011cc7000 	/System/Library/Frameworks/CoreServices.framework/Versions/A/Frameworks/CarbonCore.framework/Versions/A/CarbonCore
0x0000000011cc7000 	/System/Library/Frameworks/CoreServices.framework/Versions/A/Frameworks/Metadata.framework/Versions/A/Metadata
0x0000000011cc7000 	/System/Library/Frameworks/CoreServices.framework/Versions/A/Frameworks/OSServices.framework/Versions/A/OSServices
0x0000000011cc7000 	/System/Library/Frameworks/CoreServices.framework/Versions/A/Frameworks/SearchKit.framework/Versions/A/SearchKit
0x0000000011cc7000 	/System/Library/Frameworks/CoreServices.framework/Versions/A/Frameworks/AE.framework/Versions/A/AE
0x0000000011cc7000 	/System/Library/Frameworks/CoreServices.framework/Versions/A/Frameworks/LaunchServices.framework/Versions/A/LaunchServices
0x0000000011cc7000 	/System/Library/Frameworks/CoreServices.framework/Versions/A/Frameworks/DictionaryServices.framework/Versions/A/DictionaryServices
0x0000000011cc7000 	/System/Library/Frameworks/CoreServices.framework/Versions/A/Frameworks/SharedFileList.framework/Versions/A/SharedFileList
0x0000000011cc7000 	/System/Library/Frameworks/NetFS.framework/Versions/A/NetFS
0x0000000011cc7000 	/System/Library/PrivateFrameworks/NetAuth.framework/Versions/A/NetAuth
0x0000000011cc7000 	/System/Library/PrivateFrameworks/login.framework/Versions/A/Frameworks/loginsupport.framework/Versions/A/loginsupport
0x0000000011cc7000 	/System/Library/PrivateFrameworks/TCC.framework/Versions/A/TCC
0x0000000011cc7000 	/usr/lib/libmecabra.dylib
0x0000000011cc7000 	/System/Library/Frameworks/ApplicationServices.framework/Versions/A/Frameworks/ATS.framework/Versions/A/ATS
0x0000000011cc7000 	/System/Library/Frameworks/ApplicationServices.framework/Versions/A/Frameworks/ColorSync.framework/Versions/A/ColorSync
0x0000000011cc7000 	/System/Library/Frameworks/ApplicationServices.framework/Versions/A/Frameworks/HIServices.framework/Versions/A/HIServices
0x0000000011cc7000 	/System/Library/Frameworks/ApplicationServices.framework/Versions/A/Frameworks/LangAnalysis.framework/Versions/A/LangAnalysis
0x0000000011cc7000 	/System/Library/Frameworks/ApplicationServices.framework/Versions/A/Frameworks/PrintCore.framework/Versions/A/PrintCore
0x0000000011cc7000 	/System/Library/Frameworks/ApplicationServices.framework/Versions/A/Frameworks/QD.framework/Versions/A/QD
0x0000000011cc7000 	/System/Library/Frameworks/ApplicationServices.framework/Versions/A/Frameworks/SpeechSynthesis.framework/Versions/A/SpeechSynthesis
0x0000000011cc7000 	/System/Library/Frameworks/Accelerate.framework/Versions/A/Frameworks/vImage.framework/Versions/A/vImage
0x0000000011cc7000 	/System/Library/Frameworks/Accelerate.framework/Versions/A/Frameworks/vecLib.framework/Versions/A/vecLib
0x0000000011cc7000 	/System/Library/Frameworks/Accelerate.framework/Versions/A/Frameworks/vecLib.framework/Versions/A/libvDSP.dylib
0x0000000011cc7000 	/System/Library/Frameworks/Accelerate.framework/Versions/A/Frameworks/vecLib.framework/Versions/A/libBNNS.dylib
0x0000000011cc7000 	/System/Library/Frameworks/Accelerate.framework/Versions/A/Frameworks/vecLib.framework/Versions/A/libQuadrature.dylib
0x0000000011cc7000 	/System/Library/Frameworks/Accelerate.framework/Versions/A/Frameworks/vecLib.framework/Versions/A/libvMisc.dylib
0x0000000011cc7000 	/System/Library/Frameworks/Accelerate.framework/Versions/A/Frameworks/vecLib.framework/Versions/A/libLAPACK.dylib
0x0000000011cc7000 	/System/Library/Frameworks/Accelerate.framework/Versions/A/Frameworks/vecLib.framework/Versions/A/libBLAS.dylib
0x0000000011cc7000 	/System/Library/Frameworks/Accelerate.framework/Versions/A/Frameworks/vecLib.framework/Versions/A/libLinearAlgebra.dylib
0x0000000011cc7000 	/System/Library/Frameworks/Accelerate.framework/Versions/A/Frameworks/vecLib.framework/Versions/A/libSparseBLAS.dylib
0x0000000011cc7000 	/System/Library/Frameworks/ApplicationServices.framework/Versions/A/Frameworks/ATS.framework/Versions/A/Resources/libFontParser.dylib
0x0000000011cc7000 	/System/Library/Frameworks/ApplicationServices.framework/Versions/A/Frameworks/ATS.framework/Versions/A/Resources/libFontRegistry.dylib
0x0000000011cc7000 	/System/Library/Frameworks/ImageIO.framework/Versions/A/Resources/libJPEG.dylib
0x0000000011cc7000 	/System/Library/Frameworks/ImageIO.framework/Versions/A/Resources/libTIFF.dylib
0x0000000011cc7000 	/System/Library/Frameworks/ImageIO.framework/Versions/A/Resources/libPng.dylib
0x0000000011cc7000 	/System/Library/Frameworks/ImageIO.framework/Versions/A/Resources/libGIF.dylib
0x0000000011cc7000 	/System/Library/Frameworks/ImageIO.framework/Versions/A/Resources/libJP2.dylib
0x0000000011cc7000 	/System/Library/Frameworks/ImageIO.framework/Versions/A/Resources/libRadiance.dylib
0x0000000011cc7000 	/usr/lib/libcompression.dylib
0x0000000011cc7000 	/System/Library/PrivateFrameworks/AppleJPEG.framework/Versions/A/AppleJPEG
0x0000000011cc7000 	/usr/lib/libcups.2.dylib
0x0000000011cc7000 	/System/Library/Frameworks/Kerberos.framework/Versions/A/Kerberos
0x0000000011cc7000 	/System/Library/Frameworks/GSS.framework/Versions/A/GSS
0x0000000011cc7000 	/usr/lib/libresolv.9.dylib
0x0000000011cc7000 	/usr/lib/libiconv.2.dylib
0x0000000011cc7000 	/System/Library/PrivateFrameworks/Heimdal.framework/Versions/A/Heimdal
0x0000000011cc7000 	/usr/lib/libheimdal-asn1.dylib
0x0000000011cc7000 	/System/Library/Frameworks/OpenDirectory.framework/Versions/A/OpenDirectory
0x0000000011cc7000 	/System/Library/PrivateFrameworks/CommonAuth.framework/Versions/A/CommonAuth
0x0000000011cc7000 	/System/Library/Frameworks/OpenDirectory.framework/Versions/A/Frameworks/CFOpenDirectory.framework/Versions/A/CFOpenDirectory
0x0000000011cc7000 	/System/Library/Frameworks/SecurityFoundation.framework/Versions/A/SecurityFoundation
0x0000000011cc7000 	/System/Library/PrivateFrameworks/LanguageModeling.framework/Versions/A/LanguageModeling
0x0000000011cc7000 	/usr/lib/libmarisa.dylib
0x0000000011cc7000 	/usr/lib/libChineseTokenizer.dylib
0x0000000011cc7000 	/usr/lib/libcmph.dylib
0x0000000011cc7000 	/System/Library/PrivateFrameworks/CoreEmoji.framework/Versions/A/CoreEmoji
0x0000000011cc7000 	/System/Library/Frameworks/ServiceManagement.framework/Versions/A/ServiceManagement
0x0000000011cc7000 	/usr/lib/libxslt.1.dylib
0x0000000011cc7000 	/System/Library/Frameworks/Carbon.framework/Versions/A/Frameworks/Ink.framework/Versions/A/Ink
0x0000000011cc7000 	/System/Library/PrivateFrameworks/TextureIO.framework/Versions/A/TextureIO
0x0000000011cc7000 	/System/Library/Frameworks/Metal.framework/Versions/A/Metal
0x0000000011cc7000 	/usr/lib/libate.dylib
0x0000000011cc7000 	/System/Library/PrivateFrameworks/GPUCompiler.framework/libmetal_timestamp.dylib
0x0000000011cc7000 	/System/Library/Frameworks/OpenGL.framework/Versions/A/Libraries/libCoreFSCache.dylib
0x0000000011cc7000 	/System/Library/PrivateFrameworks/IOAccelerator.framework/Versions/A/IOAccelerator
0x0000000011cc7000 	/System/Library/Frameworks/CoreVideo.framework/Versions/A/CoreVideo
0x0000000011cc7000 	/usr/lib/libFosl_dynamic.dylib
0x0000000011cc7000 	/System/Library/PrivateFrameworks/MetalPerformanceShaders.framework/Versions/A/MetalPerformanceShaders
0x0000000011cc7000 	/System/Library/PrivateFrameworks/FaceCore.framework/Versions/A/FaceCore
0x0000000011cc7000 	/System/Library/Frameworks/OpenCL.framework/Versions/A/OpenCL
0x0000000011cc7000 	/System/Library/Frameworks/OpenGL.framework/Versions/A/Libraries/libGLU.dylib
0x0000000011cc7000 	/System/Library/Frameworks/OpenGL.framework/Versions/A/Libraries/libGFXShared.dylib
0x0000000011cc7000 	/System/Library/Frameworks/OpenGL.framework/Versions/A/Libraries/libGL.dylib
0x0000000011cc7000 	/System/Library/Frameworks/OpenGL.framework/Versions/A/Libraries/libGLImage.dylib
0x0000000011cc7000 	/System/Library/Frameworks/OpenGL.framework/Versions/A/Libraries/libCVMSPluginSupport.dylib
0x0000000011cc7000 	/System/Library/Frameworks/OpenGL.framework/Versions/A/Libraries/libCoreVMClient.dylib
0x0000000011cc7000 	/System/Library/PrivateFrameworks/CrashReporterSupport.framework/Versions/A/CrashReporterSupport
0x0000000011cc7000 	/System/Library/PrivateFrameworks/Sharing.framework/Versions/A/Sharing
0x0000000011cc7000 	/System/Library/PrivateFrameworks/IconServices.framework/Versions/A/IconServices
0x0000000011cc7000 	/System/Library/PrivateFrameworks/ProtocolBuffer.framework/Versions/A/ProtocolBuffer
0x0000000011cc7000 	/System/Library/PrivateFrameworks/Apple80211.framework/Versions/A/Apple80211
0x0000000011cc7000 	/System/Library/Frameworks/CoreWLAN.framework/Versions/A/CoreWLAN
0x0000000011cc7000 	/System/Library/PrivateFrameworks/CoreUtils.framework/Versions/A/CoreUtils
0x0000000011cc7000 	/System/Library/Frameworks/IOBluetooth.framework/Versions/A/IOBluetooth
0x0000000011cc7000 	/System/Library/PrivateFrameworks/CoreWiFi.framework/Versions/A/CoreWiFi
0x0000000011cc7000 	/System/Library/Frameworks/CoreBluetooth.framework/Versions/A/CoreBluetooth
0x0000000011cc7000 	/System/Library/Frameworks/CoreDisplay.framework/Versions/A/CoreDisplay
0x0000000011cc7000 	/System/Library/PrivateFrameworks/IOPresentment.framework/Versions/A/IOPresentment
0x0000000011cc7000 	/System/Library/PrivateFrameworks/DSExternalDisplay.framework/Versions/A/DSExternalDisplay
0x0000000011cc7000 	/System/Library/PrivateFrameworks/DebugSymbols.framework/Versions/A/DebugSymbols
0x0000000011cc7000 	/System/Library/PrivateFrameworks/CoreSymbolication.framework/Versions/A/CoreSymbolication
0x0000000011cc7000 	/System/Library/PrivateFrameworks/Symbolication.framework/Versions/A/Symbolication
0x0000000011cc7000 	/System/Library/PrivateFrameworks/AppleFSCompression.framework/Versions/A/AppleFSCompression
0x0000000011cc7000 	/System/Library/PrivateFrameworks/SpeechRecognitionCore.framework/Versions/A/SpeechRecognitionCore
0x0000000011cc7000 	/System/Library/PrivateFrameworks/ChunkingLibrary.framework/Versions/A/ChunkingLibrary
0x0000000106800000 	/Applications/Android Studio.app/Contents/jre/jdk/Contents/Home/jre/lib/server/libjvm.dylib
0x0000000011cc7000 	/usr/lib/libstdc++.6.dylib
0x0000000105e28000 	/Applications/Android Studio.app/Contents/jre/jdk/Contents/Home/jre/lib/libverify.dylib
0x0000000105e34000 	/Applications/Android Studio.app/Contents/jre/jdk/Contents/Home/jre/lib/libjava.dylib
0x0000000105e72000 	/Applications/Android Studio.app/Contents/jre/jdk/Contents/Home/jre/lib/libzip.dylib
0x000000010cf44000 	/Applications/Android Studio.app/Contents/jre/jdk/Contents/Home/jre/lib/libnet.dylib
0x000000010cf5b000 	/Applications/Android Studio.app/Contents/jre/jdk/Contents/Home/jre/lib/libnio.dylib
0x000000010cf6b000 	/Users/sofiane/.gradle/native/25/osx-amd64/libnative-platform.dylib
0x000000010d290000 	/Applications/Android Studio.app/Contents/jre/jdk/Contents/Home/jre/lib/libmanagement.dylib

VM Arguments:
jvm_args: -Xmx1536m -Dfile.encoding=UTF-8 -Duser.country=FR -Duser.language=fr -Duser.variant 
java_command: org.gradle.launcher.daemon.bootstrap.GradleDaemon 5.1.1
java_class_path (initial): /Users/sofiane/.gradle/wrapper/dists/gradle-5.1.1-all/97z1ksx6lirer3kbvdnh7jtjg/gradle-5.1.1/lib/gradle-launcher-5.1.1.jar
Launcher Type: SUN_STANDARD

Environment Variables:
JAVA_HOME=/Library/Java/JavaVirtualMachines/jdk-11.0.1.jdk/Contents/Home
PATH=/Library/Java/JavaVirtualMachines/jdk-9.0.1.jdk/Contents/Home//bin:/usr/local/bin:/usr/bin:/bin:/usr/sbin:/sbin:/tools:/platform-tools:/Library/Java/JavaVirtualMachines/jdk-11.0.1.jdk/Contents/Home/bin:
SHELL=/bin/bash

Signal Handlers:
SIGSEGV: [libjvm.dylib+0x570b99], sa_mask[0]=11111111011111110111111111111111, sa_flags=SA_ONSTACK|SA_RESTART|SA_SIGINFO
SIGBUS: [libjvm.dylib+0x570b99], sa_mask[0]=11111111011111110111111111111111, sa_flags=SA_RESTART|SA_SIGINFO
SIGFPE: [libjvm.dylib+0x461f81], sa_mask[0]=11111111011111110111111111111111, sa_flags=SA_RESTART|SA_SIGINFO
SIGPIPE: [libjvm.dylib+0x461f81], sa_mask[0]=11111111011111110111111111111111, sa_flags=SA_RESTART|SA_SIGINFO
SIGXFSZ: [libjvm.dylib+0x461f81], sa_mask[0]=11111111011111110111111111111111, sa_flags=SA_RESTART|SA_SIGINFO
SIGILL: [libjvm.dylib+0x461f81], sa_mask[0]=11111111011111110111111111111111, sa_flags=SA_RESTART|SA_SIGINFO
SIGUSR1: SIG_DFL, sa_mask[0]=00000000000000000000000000000000, sa_flags=none
SIGUSR2: [libjvm.dylib+0x462892], sa_mask[0]=00100000000000000000000000000000, sa_flags=SA_RESTART|SA_SIGINFO
SIGHUP: [libjvm.dylib+0x460a7b], sa_mask[0]=11111111011111110111111111111111, sa_flags=SA_RESTART|SA_SIGINFO
SIGINT: [libjvm.dylib+0x460a7b], sa_mask[0]=11111111011111110111111111111111, sa_flags=SA_RESTART|SA_SIGINFO
SIGTERM: [libjvm.dylib+0x460a7b], sa_mask[0]=11111111011111110111111111111111, sa_flags=SA_RESTART|SA_SIGINFO
SIGQUIT: [libjvm.dylib+0x460a7b], sa_mask[0]=11111111011111110111111111111111, sa_flags=SA_RESTART|SA_SIGINFO


---------------  S Y S T E M  ---------------

OS:Bsduname:Darwin 16.7.0 Darwin Kernel Version 16.7.0: Thu Jun 15 17:36:27 PDT 2017; root:xnu-3789.70.16~2/RELEASE_X86_64 x86_64
rlimit: STACK 8192k, CORE 0k, NPROC 709, NOFILE 10240, AS infinity
load average:3.90 3.33 3.66

CPU:total 4 (initial active 4) (2 cores per cpu, 2 threads per core) family 6 model 61 stepping 4, cmov, cx8, fxsr, mmx, sse, sse2, sse3, ssse3, sse4.1, sse4.2, popcnt, avx, avx2, aes, clmul, erms, 3dnowpref, lzcnt, ht, tsc, tscinvbit, bmi1, bmi2, adx

Memory: 4k page, physical 8388608k(23228k free)

/proc/meminfo:


vm_info: OpenJDK 64-Bit Server VM (25.152-b01) for bsd-amd64 JRE (1.8.0_152-release-1343-b01), built by "builder" with gcc 4.2.1 Compatible Apple LLVM 9.1.0 (clang-902.0.39.2)

time: Sun Sep 15 17:02:51 2019
elapsed time: 1670 seconds (0d 0h 27m 50s)

