#
# A fatal error has been detected by the Java Runtime Environment:
#
#  SIGSEGV (0xb) at pc=0x0000000119fd3fdf, pid=1281, tid=0x000000000002280f
#
# JRE version: OpenJDK Runtime Environment (8.0_152-b01) (build 1.8.0_152-release-1343-b01)
# Java VM: OpenJDK 64-Bit Server VM (25.152-b01 mixed mode bsd-amd64 compressed oops)
# Problematic frame:
# J 36649 C1 com.android.build.gradle.internal.scope.MutableTaskContainer.getCompileTask()Lorg/gradle/api/tasks/TaskProvider; (14 bytes) @ 0x0000000119fd3fdf [0x0000000119fd3f60+0x7f]
#
# Failed to write core dump. Core dumps have been disabled. To enable core dumping, try "ulimit -c unlimited" before starting Java again
#
# If you would like to submit a bug report, please visit:
#   http://bugreport.java.com/bugreport/crash.jsp
#

---------------  T H R E A D  ---------------

Current thread (0x00007fcdc0661000):  JavaThread "Daemon worker Thread 44" [_thread_in_Java, id=141327, stack(0x000070000687d000,0x000070000697d000)]

siginfo: si_signo: 11 (SIGSEGV), si_code: 0 (unknown), si_addr: 0x0000000000000000

Registers:
RAX=0x0000000125a35238, RBX=0x0000000125a35238, RCX=0x00000007a2ee1fd0, RDX=0x000000012de466e8
RSP=0x0000700006979100, RBP=0x0000700006979230, RSI=0x000a850f00000108, RDI=0x0000000000000778
R8 =0x00000007a2f090a0, R9 =0x00000000ec074c5a, R10=0x000000010ca37f90, R11=0x0000000119fd3f80
R12=0x0000000000000000, R13=0x00007000069791e0, R14=0x0000700006979248, R15=0x00007fcdc0661000
RIP=0x0000000119fd3fdf, EFLAGS=0x0000000000010292, ERR=0x0000000000000000
  TRAPNO=0x000000000000000d

Top of Stack: (sp=0x0000700006979100)
0x0000700006979100:   00007000f80002c2 0000000100000013
0x0000700006979110:   0000700006979158 0000000125ac7828
0x0000700006979120:   00000000f45e1135 00000001182136d7
0x0000700006979130:   0000001300000044 00000007a2ee16b8
0x0000700006979140:   0000700006979230 000000011775dfb4
0x0000700006979150:   00000044f45e112b 00000007a2f071e8
0x0000700006979160:   00007000069791d0 0000000114409ffd
0x0000700006979170:   00000001f45e112b 0000000114409ffd
0x0000700006979180:   0000000761266150 00000007a2ee1fd0
0x0000700006979190:   0000700006979190 0000000125a352db
0x00007000069791a0:   00000007a2f05f68 0000000125a38250
0x00007000069791b0:   0000000000000000 0000000125a35308
0x00007000069791c0:   0000700006979230 0000000114409d80
0x00007000069791d0:   0000700006979230 0000000114409d80
0x00007000069791e0:   00000007a2ee1fd0 00000007a2f05f68
0x00007000069791f0:   00007000069791f0 00000001244b64ca
0x0000700006979200:   0000700006979248 0000000124eb0548
0x0000700006979210:   0000000000000000 00000001244b6500
0x0000700006979220:   00007000069791e0 0000700006979240
0x0000700006979230:   0000700006979290 0000000114409ffd
0x0000700006979240:   00000007a2ee1ef0 00000007a2dbf5d0
0x0000700006979250:   0000700006979250 00000001244b6238
0x0000700006979260:   00007000069792b0 0000000124eb0548
0x0000700006979270:   0000000000000000 00000001244b6288
0x0000700006979280:   0000700006979240 00007000069792a8
0x0000700006979290:   00007000069792f8 0000000114409ffd
0x00007000069792a0:   00000007a2ee1e60 00000007a2ee1ef0
0x00007000069792b0:   00000007a2dbf5d0 00007000069792b8
0x00007000069792c0:   00000001244bd04a 0000700006979318
0x00007000069792d0:   0000000124ed2d08 0000000000000000
0x00007000069792e0:   00000001244bd238 00007000069792a8
0x00007000069792f0:   0000700006979310 0000700006979360 

Instructions: (pc=0x0000000119fd3fdf)
0x0000000119fd3fbf:   46 14 49 c1 e0 03 49 83 f8 00 48 ba e8 66 e4 2d
0x0000000119fd3fcf:   01 00 00 00 48 be 08 01 00 00 0f 85 0a 00 00 00
0x0000000119fd3fdf:   00 be 18 01 00 00 00 00 48 00 48 8b 3c 00 00 00
0x0000000119fd3fef:   00 32 48 8d 7f 01 48 89 3c 32 4c 89 84 00 00 00 

Register to memory mapping:

RAX=0x0000000125a35238 is pointing into metadata
RBX=0x0000000125a35238 is pointing into metadata
RCX=0x00000007a2ee1fd0 is an oop
com.android.build.gradle.internal.scope.MutableTaskContainer 
 - klass: 'com/android/build/gradle/internal/scope/MutableTaskContainer'
RDX=0x000000012de466e8 is pointing into metadata
RSP=0x0000700006979100 is pointing into the stack for thread: 0x00007fcdc0661000
RBP=0x0000700006979230 is pointing into the stack for thread: 0x00007fcdc0661000
RSI=0x000a850f00000108 is an unknown value
RDI=0x0000000000000778 is an unknown value
R8 =0x00000007a2f090a0 is an oop
org.gradle.api.internal.tasks.DefaultTaskContainer$TaskCreatingProvider_Decorated 
 - klass: 'org/gradle/api/internal/tasks/DefaultTaskContainer$TaskCreatingProvider_Decorated'
R9 =0x00000000ec074c5a is an unknown value
R10=0x000000010ca37f90: _ZN19TemplateInterpreter20_invoke_return_entryE+0 in /Applications/Android Studio.app/Contents/jre/jdk/Contents/Home/jre/lib/server/libjvm.dylib at 0x000000010c200000
R11=0x0000000119fd3f80 is at entry_point+32 in (nmethod*)0x0000000119fd3d10
R12=0x0000000000000000 is an unknown value
R13=0x00007000069791e0 is pointing into the stack for thread: 0x00007fcdc0661000
R14=0x0000700006979248 is pointing into the stack for thread: 0x00007fcdc0661000
R15=0x00007fcdc0661000 is a thread


Stack: [0x000070000687d000,0x000070000697d000],  sp=0x0000700006979100,  free space=1008k
Native frames: (J=compiled Java code, j=interpreted, Vv=VM code, C=native code)
J 36649 C1 com.android.build.gradle.internal.scope.MutableTaskContainer.getCompileTask()Lorg/gradle/api/tasks/TaskProvider; (14 bytes) @ 0x0000000119fd3fdf [0x0000000119fd3f60+0x7f]
j  com.android.build.gradle.internal.TaskManager.createCompileAnchorTask(Lcom/android/build/gradle/internal/scope/VariantScope;)V+50
j  com.android.build.gradle.internal.TaskManager.createAnchorTasks(Lcom/android/build/gradle/internal/scope/VariantScope;)V+176
j  com.android.build.gradle.internal.ApplicationTaskManager.createTasksForVariantScope(Lcom/android/build/gradle/internal/scope/VariantScope;)V+2
j  com.android.build.gradle.internal.VariantManager.createTasksForVariantData(Lcom/android/build/gradle/internal/scope/VariantScope;)V+556
j  com.android.build.gradle.internal.VariantManager.createAndroidTasks()Ljava/util/List;+94
j  com.android.build.gradle.BasePlugin.createAndroidTasks()V+356
j  com.android.build.gradle.BasePlugin$$Lambda$97.call()V+4
J 39380 C1 com.android.builder.profile.ThreadRecorder.record(Lcom/google/wireless/android/sdk/stats/GradleBuildProfileSpan$ExecutionType;Ljava/lang/String;Ljava/lang/String;Lcom/android/builder/profile/Recorder$VoidBlock;)V (63 bytes) @ 0x000000011a79a764 [0x000000011a79a500+0x264]
j  com.android.build.gradle.BasePlugin.lambda$createTasks$4(Lorg/gradle/api/Project;)V+30
j  com.android.build.gradle.BasePlugin$$Lambda$96.accept(Ljava/lang/Object;)V+8
j  com.android.build.gradle.internal.crash.CrashReporting$afterEvaluate$1.execute(Lorg/gradle/api/Project;)V+12
j  com.android.build.gradle.internal.crash.CrashReporting$afterEvaluate$1.execute(Ljava/lang/Object;)V+5
j  org.gradle.configuration.internal.DefaultListenerBuildOperationDecorator$BuildOperationEmittingAction$1$1.run()V+17
J 20559 C2 org.gradle.configuration.internal.DefaultUserCodeApplicationContext.reapply(Lorg/gradle/configuration/internal/UserCodeApplicationId;Ljava/lang/Runnable;)V (47 bytes) @ 0x000000011623f1b8 [0x000000011623efe0+0x1d8]
j  org.gradle.configuration.internal.DefaultListenerBuildOperationDecorator$BuildOperationEmittingAction$1.run(Lorg/gradle/internal/operations/BuildOperationContext;)V+25
J 34809 C2 org.gradle.internal.operations.DefaultBuildOperationExecutor.execute(Lorg/gradle/internal/operations/BuildOperation;Lorg/gradle/internal/operations/BuildOperationWorker;Lorg/gradle/internal/operations/DefaultBuildOperationExecutor$BuildOperationState;)V (336 bytes) @ 0x0000000119be2190 [0x0000000119be1720+0xa70]
J 18958 C2 org.gradle.internal.operations.DefaultBuildOperationExecutor.run(Lorg/gradle/internal/operations/RunnableBuildOperation;)V (28 bytes) @ 0x0000000116976cb8 [0x0000000116976ba0+0x118]
j  org.gradle.configuration.internal.DefaultListenerBuildOperationDecorator$BuildOperationEmittingAction.execute(Ljava/lang/Object;)V+24
J 28652 C1 org.gradle.internal.event.BroadcastDispatch$ActionInvocationHandler.dispatch(Ljava/lang/Object;)V (9 bytes) @ 0x0000000115a61c04 [0x0000000115a617c0+0x444]
J 14462 C2 org.gradle.internal.event.BroadcastDispatch$SingletonDispatch.dispatch(Ljava/lang/Object;)V (9 bytes) @ 0x00000001167eceb8 [0x00000001167ecd80+0x138]
J 16694 C2 org.gradle.internal.dispatch.ProxyDispatchAdapter$DispatchingInvocationHandler.invoke(Ljava/lang/Object;Ljava/lang/reflect/Method;[Ljava/lang/Object;)Ljava/lang/Object; (184 bytes) @ 0x0000000115de96cc [0x0000000115de9220+0x4ac]
j  com.sun.proxy.$Proxy25.afterEvaluate(Lorg/gradle/api/Project;Lorg/gradle/api/ProjectState;)V+20
j  org.gradle.configuration.project.LifecycleProjectEvaluator$NotifyAfterEvaluate$1.execute(Lorg/gradle/api/ProjectEvaluationListener;)V+15
j  org.gradle.configuration.project.LifecycleProjectEvaluator$NotifyAfterEvaluate$1.execute(Ljava/lang/Object;)V+5
j  org.gradle.api.internal.project.DefaultProject.stepEvaluationListener(Lorg/gradle/api/ProjectEvaluationListener;Lorg/gradle/api/Action;)Lorg/gradle/api/ProjectEvaluationListener;+19
j  org.gradle.configuration.project.LifecycleProjectEvaluator$NotifyAfterEvaluate.run(Lorg/gradle/internal/operations/BuildOperationContext;)V+25
J 34809 C2 org.gradle.internal.operations.DefaultBuildOperationExecutor.execute(Lorg/gradle/internal/operations/BuildOperation;Lorg/gradle/internal/operations/BuildOperationWorker;Lorg/gradle/internal/operations/DefaultBuildOperationExecutor$BuildOperationState;)V (336 bytes) @ 0x0000000119be2190 [0x0000000119be1720+0xa70]
J 34175 C2 org.gradle.internal.operations.DelegatingBuildOperationExecutor.run(Lorg/gradle/internal/operations/RunnableBuildOperation;)V (11 bytes) @ 0x00000001158a9e4c [0x00000001158a9d20+0x12c]
j  org.gradle.configuration.project.LifecycleProjectEvaluator$EvaluateProject$1.run()V+141
J 19392 C1 org.gradle.internal.Factories$1.create()Ljava/lang/Object; (11 bytes) @ 0x000000011491928c [0x0000000114919180+0x10c]
J 17795 C1 org.gradle.internal.work.DefaultWorkerLeaseService.withLocks(Ljava/lang/Iterable;Lorg/gradle/internal/Factory;)Ljava/lang/Object; (51 bytes) @ 0x0000000116f7bd34 [0x0000000116f7b940+0x3f4]
J 33326 C1 org.gradle.internal.work.StopShieldingWorkerLeaseService.withLocks(Ljava/lang/Iterable;Lorg/gradle/internal/Factory;)Ljava/lang/Object; (12 bytes) @ 0x0000000116b2594c [0x0000000116b25840+0x10c]
J 20072 C1 org.gradle.api.internal.project.DefaultProjectStateRegistry$ProjectStateImpl.withMutableState(Lorg/gradle/internal/Factory;)Ljava/lang/Object; (138 bytes) @ 0x00000001173aa7d4 [0x00000001173a9d00+0xad4]
J 20298 C1 org.gradle.api.internal.project.DefaultProjectStateRegistry$ProjectStateImpl.withMutableState(Ljava/lang/Runnable;)V (10 bytes) @ 0x000000011532b2d4 [0x000000011532b120+0x1b4]
j  org.gradle.configuration.project.LifecycleProjectEvaluator$EvaluateProject.run(Lorg/gradle/internal/operations/BuildOperationContext;)V+18
J 34809 C2 org.gradle.internal.operations.DefaultBuildOperationExecutor.execute(Lorg/gradle/internal/operations/BuildOperation;Lorg/gradle/internal/operations/BuildOperationWorker;Lorg/gradle/internal/operations/DefaultBuildOperationExecutor$BuildOperationState;)V (336 bytes) @ 0x0000000119be2190 [0x0000000119be1720+0xa70]
J 34175 C2 org.gradle.internal.operations.DelegatingBuildOperationExecutor.run(Lorg/gradle/internal/operations/RunnableBuildOperation;)V (11 bytes) @ 0x00000001158a9e4c [0x00000001158a9d20+0x12c]
J 38320 C1 org.gradle.configuration.project.LifecycleProjectEvaluator.evaluate(Lorg/gradle/api/internal/project/ProjectInternal;Lorg/gradle/api/internal/project/ProjectStateInternal;)V (28 bytes) @ 0x0000000115d4f1c4 [0x0000000115d4ee40+0x384]
J 38319 C1 org.gradle.execution.TaskPathProjectEvaluator.configure(Lorg/gradle/api/internal/project/ProjectInternal;)V (28 bytes) @ 0x0000000118201f94 [0x0000000118201a60+0x534]
j  org.gradle.execution.TaskPathProjectEvaluator.configureHierarchy(Lorg/gradle/api/internal/project/ProjectInternal;)V+41
j  org.gradle.configuration.DefaultBuildConfigurer.configure(Lorg/gradle/api/internal/GradleInternal;)V+63
j  org.gradle.initialization.DefaultGradleLauncher$ConfigureBuild.run(Lorg/gradle/internal/operations/BuildOperationContext;)V+40
J 34809 C2 org.gradle.internal.operations.DefaultBuildOperationExecutor.execute(Lorg/gradle/internal/operations/BuildOperation;Lorg/gradle/internal/operations/BuildOperationWorker;Lorg/gradle/internal/operations/DefaultBuildOperationExecutor$BuildOperationState;)V (336 bytes) @ 0x0000000119be2190 [0x0000000119be1720+0xa70]
J 34175 C2 org.gradle.internal.operations.DelegatingBuildOperationExecutor.run(Lorg/gradle/internal/operations/RunnableBuildOperation;)V (11 bytes) @ 0x00000001158a9e4c [0x00000001158a9d20+0x12c]
j  org.gradle.initialization.DefaultGradleLauncher.configureBuild()V+23
j  org.gradle.initialization.DefaultGradleLauncher.doBuildStages(Lorg/gradle/initialization/DefaultGradleLauncher$Stage;)V+13
j  org.gradle.initialization.DefaultGradleLauncher.executeTasks()Lorg/gradle/api/internal/GradleInternal;+4
j  org.gradle.internal.invocation.GradleBuildController$1.execute(Lorg/gradle/initialization/GradleLauncher;)V+1
j  org.gradle.internal.invocation.GradleBuildController$1.execute(Ljava/lang/Object;)V+5
j  org.gradle.internal.invocation.GradleBuildController$3.create()Lorg/gradle/api/internal/GradleInternal;+31
j  org.gradle.internal.invocation.GradleBuildController$3.create()Ljava/lang/Object;+1
J 17795 C1 org.gradle.internal.work.DefaultWorkerLeaseService.withLocks(Ljava/lang/Iterable;Lorg/gradle/internal/Factory;)Ljava/lang/Object; (51 bytes) @ 0x0000000116f7bd34 [0x0000000116f7b940+0x3f4]
J 33326 C1 org.gradle.internal.work.StopShieldingWorkerLeaseService.withLocks(Ljava/lang/Iterable;Lorg/gradle/internal/Factory;)Ljava/lang/Object; (12 bytes) @ 0x0000000116b2594c [0x0000000116b25840+0x10c]
j  org.gradle.internal.invocation.GradleBuildController.doBuild(Lorg/gradle/api/internal/GradleInternal$BuildType;Lorg/gradle/api/Action;)Lorg/gradle/api/internal/GradleInternal;+26
j  org.gradle.internal.invocation.GradleBuildController.run()Lorg/gradle/api/internal/GradleInternal;+12
j  org.gradle.tooling.internal.provider.runner.ClientProvidedBuildActionRunner.run(Lorg/gradle/internal/invocation/BuildAction;Lorg/gradle/internal/invocation/BuildController;)Lorg/gradle/internal/invocation/BuildActionRunner$Result;+89
j  org.gradle.launcher.exec.ChainingBuildActionRunner.run(Lorg/gradle/internal/invocation/BuildAction;Lorg/gradle/internal/invocation/BuildController;)Lorg/gradle/internal/invocation/BuildActionRunner$Result;+34
j  org.gradle.launcher.exec.ChainingBuildActionRunner.run(Lorg/gradle/internal/invocation/BuildAction;Lorg/gradle/internal/invocation/BuildController;)Lorg/gradle/internal/invocation/BuildActionRunner$Result;+34
j  org.gradle.launcher.exec.BuildOutcomeReportingBuildActionRunner.run(Lorg/gradle/internal/invocation/BuildAction;Lorg/gradle/internal/invocation/BuildController;)Lorg/gradle/internal/invocation/BuildActionRunner$Result;+143
j  org.gradle.tooling.internal.provider.ValidatingBuildActionRunner.run(Lorg/gradle/internal/invocation/BuildAction;Lorg/gradle/internal/invocation/BuildController;)Lorg/gradle/internal/invocation/BuildActionRunner$Result;+6
j  org.gradle.launcher.exec.BuildCompletionNotifyingBuildActionRunner.run(Lorg/gradle/internal/invocation/BuildAction;Lorg/gradle/internal/invocation/BuildController;)Lorg/gradle/internal/invocation/BuildActionRunner$Result;+28
j  org.gradle.launcher.exec.RunAsBuildOperationBuildActionRunner$3.call(Lorg/gradle/internal/operations/BuildOperationContext;)Lorg/gradle/internal/invocation/BuildActionRunner$Result;+68
j  org.gradle.launcher.exec.RunAsBuildOperationBuildActionRunner$3.call(Lorg/gradle/internal/operations/BuildOperationContext;)Ljava/lang/Object;+2
J 34809 C2 org.gradle.internal.operations.DefaultBuildOperationExecutor.execute(Lorg/gradle/internal/operations/BuildOperation;Lorg/gradle/internal/operations/BuildOperationWorker;Lorg/gradle/internal/operations/DefaultBuildOperationExecutor$BuildOperationState;)V (336 bytes) @ 0x0000000119be2ab8 [0x0000000119be1720+0x1398]
J 23267 C2 org.gradle.internal.operations.DelegatingBuildOperationExecutor.call(Lorg/gradle/internal/operations/CallableBuildOperation;)Ljava/lang/Object; (11 bytes) @ 0x0000000115c32d54 [0x0000000115c32be0+0x174]
j  org.gradle.launcher.exec.RunAsBuildOperationBuildActionRunner.run(Lorg/gradle/internal/invocation/BuildAction;Lorg/gradle/internal/invocation/BuildController;)Lorg/gradle/internal/invocation/BuildActionRunner$Result;+33
j  org.gradle.launcher.exec.InProcessBuildActionExecuter$1.transform(Lorg/gradle/internal/invocation/BuildController;)Lorg/gradle/launcher/exec/BuildActionResult;+12
j  org.gradle.launcher.exec.InProcessBuildActionExecuter$1.transform(Ljava/lang/Object;)Ljava/lang/Object;+5
j  org.gradle.composite.internal.DefaultRootBuildState.run(Lorg/gradle/api/Transformer;)Ljava/lang/Object;+35
j  org.gradle.launcher.exec.InProcessBuildActionExecuter.execute(Lorg/gradle/internal/invocation/BuildAction;Lorg/gradle/initialization/BuildRequestContext;Lorg/gradle/launcher/exec/BuildActionParameters;Lorg/gradle/internal/service/ServiceRegistry;)Lorg/gradle/launcher/exec/BuildActionResult;+82
j  org.gradle.launcher.exec.InProcessBuildActionExecuter.execute(Lorg/gradle/internal/invocation/BuildAction;Lorg/gradle/initialization/BuildRequestContext;Ljava/lang/Object;Lorg/gradle/internal/service/ServiceRegistry;)Lorg/gradle/launcher/exec/BuildActionResult;+9
j  org.gradle.launcher.exec.BuildTreeScopeBuildActionExecuter.execute(Lorg/gradle/internal/invocation/BuildAction;Lorg/gradle/initialization/BuildRequestContext;Lorg/gradle/launcher/exec/BuildActionParameters;Lorg/gradle/internal/service/ServiceRegistry;)Lorg/gradle/launcher/exec/BuildActionResult;+38
j  org.gradle.launcher.exec.BuildTreeScopeBuildActionExecuter.execute(Lorg/gradle/internal/invocation/BuildAction;Lorg/gradle/initialization/BuildRequestContext;Ljava/lang/Object;Lorg/gradle/internal/service/ServiceRegistry;)Lorg/gradle/launcher/exec/BuildActionResult;+9
j  org.gradle.tooling.internal.provider.ContinuousBuildActionExecuter.execute(Lorg/gradle/internal/invocation/BuildAction;Lorg/gradle/initialization/BuildRequestContext;Lorg/gradle/launcher/exec/BuildActionParameters;Lorg/gradle/internal/service/ServiceRegistry;)Lorg/gradle/launcher/exec/BuildActionResult;+58
j  org.gradle.tooling.internal.provider.ContinuousBuildActionExecuter.execute(Lorg/gradle/internal/invocation/BuildAction;Lorg/gradle/initialization/BuildRequestContext;Ljava/lang/Object;Lorg/gradle/internal/service/ServiceRegistry;)Lorg/gradle/launcher/exec/BuildActionResult;+9
j  org.gradle.tooling.internal.provider.SubscribableBuildActionExecuter.execute(Lorg/gradle/internal/invocation/BuildAction;Lorg/gradle/initialization/BuildRequestContext;Lorg/gradle/launcher/exec/BuildActionParameters;Lorg/gradle/internal/service/ServiceRegistry;)Lorg/gradle/launcher/exec/BuildActionResult;+45
j  org.gradle.tooling.internal.provider.SubscribableBuildActionExecuter.execute(Lorg/gradle/internal/invocation/BuildAction;Lorg/gradle/initialization/BuildRequestContext;Ljava/lang/Object;Lorg/gradle/internal/service/ServiceRegistry;)Lorg/gradle/launcher/exec/BuildActionResult;+9
j  org.gradle.tooling.internal.provider.SessionScopeBuildActionExecuter.execute(Lorg/gradle/internal/invocation/BuildAction;Lorg/gradle/initialization/BuildRequestContext;Lorg/gradle/launcher/exec/BuildActionParameters;Lorg/gradle/internal/service/ServiceRegistry;)Lorg/gradle/launcher/exec/BuildActionResult;+117
j  org.gradle.tooling.internal.provider.SessionScopeBuildActionExecuter.execute(Lorg/gradle/internal/invocation/BuildAction;Lorg/gradle/initialization/BuildRequestContext;Ljava/lang/Object;Lorg/gradle/internal/service/ServiceRegistry;)Lorg/gradle/launcher/exec/BuildActionResult;+9
j  org.gradle.tooling.internal.provider.GradleThreadBuildActionExecuter.execute(Lorg/gradle/internal/invocation/BuildAction;Lorg/gradle/initialization/BuildRequestContext;Lorg/gradle/launcher/exec/BuildActionParameters;Lorg/gradle/internal/service/ServiceRegistry;)Lorg/gradle/launcher/exec/BuildActionResult;+12
j  org.gradle.tooling.internal.provider.GradleThreadBuildActionExecuter.execute(Lorg/gradle/internal/invocation/BuildAction;Lorg/gradle/initialization/BuildRequestContext;Ljava/lang/Object;Lorg/gradle/internal/service/ServiceRegistry;)Lorg/gradle/launcher/exec/BuildActionResult;+9
j  org.gradle.tooling.internal.provider.ParallelismConfigurationBuildActionExecuter.execute(Lorg/gradle/internal/invocation/BuildAction;Lorg/gradle/initialization/BuildRequestContext;Lorg/gradle/launcher/exec/BuildActionParameters;Lorg/gradle/internal/service/ServiceRegistry;)Lorg/gradle/launcher/exec/BuildActionResult;+43
j  org.gradle.tooling.internal.provider.ParallelismConfigurationBuildActionExecuter.execute(Lorg/gradle/internal/invocation/BuildAction;Lorg/gradle/initialization/BuildRequestContext;Ljava/lang/Object;Lorg/gradle/internal/service/ServiceRegistry;)Lorg/gradle/launcher/exec/BuildActionResult;+9
j  org.gradle.tooling.internal.provider.StartParamsValidatingActionExecuter.execute(Lorg/gradle/internal/invocation/BuildAction;Lorg/gradle/initialization/BuildRequestContext;Lorg/gradle/launcher/exec/BuildActionParameters;Lorg/gradle/internal/service/ServiceRegistry;)Lorg/gradle/launcher/exec/BuildActionResult;+177
j  org.gradle.tooling.internal.provider.StartParamsValidatingActionExecuter.execute(Lorg/gradle/internal/invocation/BuildAction;Lorg/gradle/initialization/BuildRequestContext;Ljava/lang/Object;Lorg/gradle/internal/service/ServiceRegistry;)Lorg/gradle/launcher/exec/BuildActionResult;+9
j  org.gradle.tooling.internal.provider.SessionFailureReportingActionExecuter.execute(Lorg/gradle/internal/invocation/BuildAction;Lorg/gradle/initialization/BuildRequestContext;Lorg/gradle/launcher/exec/BuildActionParameters;Lorg/gradle/internal/service/ServiceRegistry;)Lorg/gradle/launcher/exec/BuildActionResult;+9
j  org.gradle.tooling.internal.provider.SessionFailureReportingActionExecuter.execute(Lorg/gradle/internal/invocation/BuildAction;Lorg/gradle/initialization/BuildRequestContext;Ljava/lang/Object;Lorg/gradle/internal/service/ServiceRegistry;)Lorg/gradle/launcher/exec/BuildActionResult;+9
j  org.gradle.tooling.internal.provider.SetupLoggingActionExecuter.execute(Lorg/gradle/internal/invocation/BuildAction;Lorg/gradle/initialization/BuildRequestContext;Lorg/gradle/launcher/exec/BuildActionParameters;Lorg/gradle/internal/service/ServiceRegistry;)Lorg/gradle/launcher/exec/BuildActionResult;+52
j  org.gradle.tooling.internal.provider.SetupLoggingActionExecuter.execute(Lorg/gradle/internal/invocation/BuildAction;Lorg/gradle/initialization/BuildRequestContext;Ljava/lang/Object;Lorg/gradle/internal/service/ServiceRegistry;)Lorg/gradle/launcher/exec/BuildActionResult;+9
j  org.gradle.launcher.daemon.server.exec.ExecuteBuild.doBuild(Lorg/gradle/launcher/daemon/server/api/DaemonCommandExecution;Lorg/gradle/launcher/daemon/protocol/Build;)V+118
j  org.gradle.launcher.daemon.server.exec.BuildCommandOnly.execute(Lorg/gradle/launcher/daemon/server/api/DaemonCommandExecution;)V+49
J 25043 C1 org.gradle.launcher.daemon.server.api.DaemonCommandExecution.proceed()Z (35 bytes) @ 0x000000011463f43c [0x000000011463f080+0x3bc]
j  org.gradle.launcher.daemon.server.exec.WatchForDisconnection.execute(Lorg/gradle/launcher/daemon/server/api/DaemonCommandExecution;)V+19
J 25043 C1 org.gradle.launcher.daemon.server.api.DaemonCommandExecution.proceed()Z (35 bytes) @ 0x000000011463f43c [0x000000011463f080+0x3bc]
j  org.gradle.launcher.daemon.server.exec.ResetDeprecationLogger.execute(Lorg/gradle/launcher/daemon/server/api/DaemonCommandExecution;)V+4
J 25043 C1 org.gradle.launcher.daemon.server.api.DaemonCommandExecution.proceed()Z (35 bytes) @ 0x000000011463f43c [0x000000011463f080+0x3bc]
j  org.gradle.launcher.daemon.server.exec.RequestStopIfSingleUsedDaemon.execute(Lorg/gradle/launcher/daemon/server/api/DaemonCommandExecution;)V+33
J 25043 C1 org.gradle.launcher.daemon.server.api.DaemonCommandExecution.proceed()Z (35 bytes) @ 0x000000011463f43c [0x000000011463f080+0x3bc]
j  org.gradle.launcher.daemon.server.exec.ForwardClientInput$2.call()Ljava/lang/Void;+4
...<more frames>...


---------------  P R O C E S S  ---------------

Java Threads: ( => current thread )
  0x00007fcdbc6dd000 JavaThread "Cache worker for Build Output Cleanup Cache (/Users/sofiane/AndroidStudioProjects/MyNews/.gradle/buildOutputCleanup)" [_thread_blocked, id=135783, stack(0x00007000077aa000,0x00007000078aa000)]
  0x00007fcdbc28b000 JavaThread "Build operations Thread 4" [_thread_blocked, id=93339, stack(0x00007000076a7000,0x00007000077a7000)]
  0x00007fcdbfe76800 JavaThread "Build operations Thread 3" [_thread_blocked, id=110695, stack(0x00007000075a4000,0x00007000076a4000)]
  0x00007fcdc1265000 JavaThread "Build operations Thread 2" [_thread_blocked, id=95891, stack(0x00007000074a1000,0x00007000075a1000)]
  0x00007fcdc130c800 JavaThread "Build operations" [_thread_blocked, id=93831, stack(0x000070000729b000,0x000070000739b000)]
  0x00007fcdc030d800 JavaThread "Cache worker for cache directory md-rule (/Users/sofiane/.gradle/caches/5.1.1/md-rule)" [_thread_blocked, id=130895, stack(0x0000700007198000,0x0000700007298000)]
  0x00007fcdc1c37800 JavaThread "Cache worker for cache directory md-supplier (/Users/sofiane/.gradle/caches/5.1.1/md-supplier)" [_thread_blocked, id=39919, stack(0x0000700007095000,0x0000700007195000)]
  0x00007fcdbc823000 JavaThread "Cache worker for file hash cache (/Users/sofiane/AndroidStudioProjects/MyNews/.gradle/5.1.1/fileHashes)" [_thread_blocked, id=140823, stack(0x0000700006c89000,0x0000700006d89000)]
  0x00007fcdc1256000 JavaThread "Thread-1406" [_thread_blocked, id=116583, stack(0x0000700006b86000,0x0000700006c86000)]
  0x00007fcdc1fd7000 JavaThread "Stdin handler" [_thread_blocked, id=95087, stack(0x0000700006a83000,0x0000700006b83000)]
  0x00007fcdc1eb4800 JavaThread "Asynchronous log dispatcher for DefaultDaemonConnection: socket connection from /127.0.0.1:49349 to /127.0.0.1:53469" [_thread_blocked, id=138007, stack(0x0000700006980000,0x0000700006a80000)]
=>0x00007fcdc0661000 JavaThread "Daemon worker Thread 44" [_thread_in_Java, id=141327, stack(0x000070000687d000,0x000070000697d000)]
  0x00007fcdc067d800 JavaThread "Cancel handler" [_thread_blocked, id=137751, stack(0x000070000677a000,0x000070000687a000)]
  0x00007fcdc11ea000 JavaThread "Handler for socket connection from /127.0.0.1:49349 to /127.0.0.1:53469" [_thread_in_native, id=132895, stack(0x0000700006677000,0x0000700006777000)]
  0x00007fcdbbec5800 JavaThread "Daemon Thread 44" [_thread_blocked, id=13631, stack(0x0000700005541000,0x0000700005641000)]
  0x00007fcdc1208800 JavaThread "RxComputationThreadPool-4" daemon [_thread_blocked, id=141583, stack(0x0000700014c20000,0x0000700014d20000)]
  0x00007fcdc0174800 JavaThread "RxComputationThreadPool-3" daemon [_thread_blocked, id=119691, stack(0x0000700014b1d000,0x0000700014c1d000)]
  0x00007fcdc1388000 JavaThread "RxComputationThreadPool-2" daemon [_thread_blocked, id=135479, stack(0x0000700014a1a000,0x0000700014b1a000)]
  0x00007fcdbcefa800 JavaThread "RxComputationThreadPool-1" daemon [_thread_blocked, id=133943, stack(0x0000700014917000,0x0000700014a17000)]
  0x00007fcdbc7b1000 JavaThread "RxCachedWorkerPoolEvictor-1" daemon [_thread_blocked, id=131611, stack(0x0000700014814000,0x0000700014914000)]
  0x00007fcdbbf1a000 JavaThread "RxComputationThreadPool-4" daemon [_thread_blocked, id=20935, stack(0x0000700014711000,0x0000700014811000)]
  0x00007fcdc0615800 JavaThread "RxComputationThreadPool-3" daemon [_thread_blocked, id=131115, stack(0x000070001460e000,0x000070001470e000)]
  0x00007fcdc18b5800 JavaThread "RxComputationThreadPool-2" daemon [_thread_blocked, id=123287, stack(0x000070001450b000,0x000070001460b000)]
  0x00007fcdbc8a8000 JavaThread "RxComputationThreadPool-1" daemon [_thread_blocked, id=138771, stack(0x0000700014408000,0x0000700014508000)]
  0x00007fcdc1154000 JavaThread "RxCachedWorkerPoolEvictor-1" daemon [_thread_blocked, id=116319, stack(0x0000700014305000,0x0000700014405000)]
  0x00007fcdbcf45800 JavaThread "RxComputationThreadPool-4" daemon [_thread_blocked, id=127051, stack(0x0000700014202000,0x0000700014302000)]
  0x00007fcdc1e1e800 JavaThread "RxComputationThreadPool-3" daemon [_thread_blocked, id=127847, stack(0x0000700013bf0000,0x0000700013cf0000)]
  0x00007fcdac0b9800 JavaThread "RxComputationThreadPool-2" daemon [_thread_blocked, id=125287, stack(0x0000700013aed000,0x0000700013bed000)]
  0x00007fcdc15ee000 JavaThread "RxComputationThreadPool-1" daemon [_thread_blocked, id=139287, stack(0x00007000139ea000,0x0000700013aea000)]
  0x00007fcdbcd3e800 JavaThread "RxCachedWorkerPoolEvictor-1" daemon [_thread_blocked, id=98967, stack(0x00007000138e7000,0x00007000139e7000)]
  0x00007fcdbce02800 JavaThread "RxComputationThreadPool-4" daemon [_thread_blocked, id=117099, stack(0x00007000137e4000,0x00007000138e4000)]
  0x00007fcdbc399800 JavaThread "RxComputationThreadPool-3" daemon [_thread_blocked, id=125791, stack(0x00007000131d2000,0x00007000132d2000)]
  0x00007fcdbffd8800 JavaThread "RxComputationThreadPool-2" daemon [_thread_blocked, id=94359, stack(0x00007000130cf000,0x00007000131cf000)]
  0x00007fcdc1e7d000 JavaThread "RxComputationThreadPool-1" daemon [_thread_blocked, id=123431, stack(0x0000700012fcc000,0x00007000130cc000)]
  0x00007fcdc1d6f800 JavaThread "RxCachedWorkerPoolEvictor-1" daemon [_thread_blocked, id=80539, stack(0x0000700012ec9000,0x0000700012fc9000)]
  0x00007fcdbe84e000 JavaThread "RxComputationThreadPool-4" daemon [_thread_blocked, id=134675, stack(0x00007000140ff000,0x00007000141ff000)]
  0x00007fcdc1a85800 JavaThread "RxComputationThreadPool-3" daemon [_thread_blocked, id=130315, stack(0x0000700013ffc000,0x00007000140fc000)]
  0x00007fcdbc774000 JavaThread "RxComputationThreadPool-2" daemon [_thread_blocked, id=133131, stack(0x0000700013ef9000,0x0000700013ff9000)]
  0x00007fcdc10aa800 JavaThread "RxComputationThreadPool-1" daemon [_thread_blocked, id=134155, stack(0x0000700013df6000,0x0000700013ef6000)]
  0x00007fcdc14ed800 JavaThread "RxCachedWorkerPoolEvictor-1" daemon [_thread_blocked, id=129547, stack(0x0000700013cf3000,0x0000700013df3000)]
  0x00007fcdbbad1000 JavaThread "RxComputationThreadPool-4" daemon [_thread_blocked, id=118319, stack(0x0000700012dc6000,0x0000700012ec6000)]
  0x00007fcdc3573800 JavaThread "RxComputationThreadPool-3" daemon [_thread_blocked, id=99219, stack(0x00007000128b7000,0x00007000129b7000)]
  0x00007fcdc1056800 JavaThread "RxComputationThreadPool-2" daemon [_thread_blocked, id=96135, stack(0x00007000127b4000,0x00007000128b4000)]
  0x00007fcdc1122000 JavaThread "RxComputationThreadPool-1" daemon [_thread_blocked, id=114507, stack(0x00007000126b1000,0x00007000127b1000)]
  0x00007fcdc1385000 JavaThread "RxCachedWorkerPoolEvictor-1" daemon [_thread_blocked, id=116035, stack(0x00007000125ae000,0x00007000126ae000)]
  0x00007fcdc76ba800 JavaThread "RxComputationThreadPool-4" daemon [_thread_blocked, id=124423, stack(0x00007000136e1000,0x00007000137e1000)]
  0x00007fcdbfe6e000 JavaThread "RxComputationThreadPool-3" daemon [_thread_blocked, id=119063, stack(0x00007000135de000,0x00007000136de000)]
  0x00007fcdc32ab800 JavaThread "RxComputationThreadPool-2" daemon [_thread_blocked, id=106047, stack(0x00007000134db000,0x00007000135db000)]
  0x00007fcdbefc1800 JavaThread "RxComputationThreadPool-1" daemon [_thread_blocked, id=125963, stack(0x00007000133d8000,0x00007000134d8000)]
  0x00007fcdc9b1b800 JavaThread "RxCachedWorkerPoolEvictor-1" daemon [_thread_blocked, id=128523, stack(0x00007000132d5000,0x00007000133d5000)]
  0x00007fcdc3601000 JavaThread "RxComputationThreadPool-4" daemon [_thread_blocked, id=82755, stack(0x00007000124ab000,0x00007000125ab000)]
  0x00007fcdc3532000 JavaThread "RxComputationThreadPool-3" daemon [_thread_blocked, id=98639, stack(0x00007000123a8000,0x00007000124a8000)]
  0x00007fcdc1abf800 JavaThread "RxComputationThreadPool-2" daemon [_thread_blocked, id=99411, stack(0x00007000122a5000,0x00007000123a5000)]
  0x00007fcdc0386800 JavaThread "RxComputationThreadPool-1" daemon [_thread_blocked, id=81759, stack(0x000070001209f000,0x000070001219f000)]
  0x00007fcdc0cae000 JavaThread "RxCachedWorkerPoolEvictor-1" daemon [_thread_blocked, id=82011, stack(0x0000700011f9c000,0x000070001209c000)]
  0x00007fcdc77f1800 JavaThread "RxComputationThreadPool-4" daemon [_thread_blocked, id=120839, stack(0x0000700012cc3000,0x0000700012dc3000)]
  0x00007fcdc7455800 JavaThread "RxComputationThreadPool-3" daemon [_thread_blocked, id=120327, stack(0x0000700012bc0000,0x0000700012cc0000)]
  0x00007fcdbcd7d000 JavaThread "RxComputationThreadPool-2" daemon [_thread_blocked, id=119815, stack(0x0000700012abd000,0x0000700012bbd000)]
  0x00007fcdc069d800 JavaThread "RxComputationThreadPool-1" daemon [_thread_blocked, id=121351, stack(0x00007000129ba000,0x0000700012aba000)]
  0x00007fcdc068c000 JavaThread "RxCachedWorkerPoolEvictor-1" daemon [_thread_blocked, id=114699, stack(0x00007000121a2000,0x00007000122a2000)]
  0x00007fcdc3128800 JavaThread "RxComputationThreadPool-4" daemon [_thread_blocked, id=107015, stack(0x0000700011e99000,0x0000700011f99000)]
  0x00007fcdbc247800 JavaThread "RxComputationThreadPool-3" daemon [_thread_blocked, id=105739, stack(0x0000700011d96000,0x0000700011e96000)]
  0x00007fcdbbf62000 JavaThread "RxComputationThreadPool-2" daemon [_thread_blocked, id=110087, stack(0x0000700011c93000,0x0000700011d93000)]
  0x00007fcdc7003800 JavaThread "RxComputationThreadPool-1" daemon [_thread_blocked, id=108039, stack(0x0000700011b90000,0x0000700011c90000)]
  0x00007fcdc45a2000 JavaThread "RxCachedWorkerPoolEvictor-1" daemon [_thread_blocked, id=108295, stack(0x0000700011a8d000,0x0000700011b8d000)]
  0x00007fcdc752b800 JavaThread "RxComputationThreadPool-4" daemon [_thread_blocked, id=113671, stack(0x000070001198a000,0x0000700011a8a000)]
  0x00007fcdbff46800 JavaThread "RxComputationThreadPool-3" daemon [_thread_blocked, id=104471, stack(0x0000700011887000,0x0000700011987000)]
  0x00007fcdc05b8800 JavaThread "RxComputationThreadPool-2" daemon [_thread_blocked, id=112395, stack(0x0000700011784000,0x0000700011884000)]
  0x00007fcdc075d800 JavaThread "RxComputationThreadPool-1" daemon [_thread_blocked, id=104215, stack(0x0000700011681000,0x0000700011781000)]
  0x00007fcdbf96c800 JavaThread "RxCachedWorkerPoolEvictor-1" daemon [_thread_blocked, id=113163, stack(0x000070001157e000,0x000070001167e000)]
  0x00007fcdc370a800 JavaThread "RxComputationThreadPool-4" daemon [_thread_blocked, id=113931, stack(0x000070001147b000,0x000070001157b000)]
  0x00007fcdbc971000 JavaThread "RxComputationThreadPool-3" daemon [_thread_blocked, id=105487, stack(0x0000700011378000,0x0000700011478000)]
  0x00007fcdbc77c000 JavaThread "RxComputationThreadPool-2" daemon [_thread_blocked, id=111115, stack(0x0000700011275000,0x0000700011375000)]
  0x00007fcdc75e4800 JavaThread "RxComputationThreadPool-1" daemon [_thread_blocked, id=85555, stack(0x0000700011172000,0x0000700011272000)]
  0x00007fcdbc315800 JavaThread "RxCachedWorkerPoolEvictor-1" daemon [_thread_blocked, id=41859, stack(0x000070001106f000,0x000070001116f000)]
  0x00007fcdc343e000 JavaThread "RxComputationThreadPool-4" daemon [_thread_blocked, id=82475, stack(0x0000700010f6c000,0x000070001106c000)]
  0x00007fcdc3535000 JavaThread "RxComputationThreadPool-3" daemon [_thread_blocked, id=42123, stack(0x000070000ff3c000,0x000070001003c000)]
  0x00007fcdbcd2b800 JavaThread "RxComputationThreadPool-2" daemon [_thread_blocked, id=96803, stack(0x000070000fe39000,0x000070000ff39000)]
  0x00007fcdbcbac000 JavaThread "RxComputationThreadPool-1" daemon [_thread_blocked, id=95527, stack(0x000070000fd36000,0x000070000fe36000)]
  0x00007fcdc7359000 JavaThread "RxCachedWorkerPoolEvictor-1" daemon [_thread_blocked, id=27023, stack(0x000070000fc33000,0x000070000fd33000)]
  0x00007fcdbc1db800 JavaThread "RxComputationThreadPool-4" daemon [_thread_blocked, id=80943, stack(0x000070000fb30000,0x000070000fc30000)]
  0x00007fcdbc976800 JavaThread "RxComputationThreadPool-3" daemon [_thread_blocked, id=40823, stack(0x000070000fa2d000,0x000070000fb2d000)]
  0x00007fcdc3692000 JavaThread "RxComputationThreadPool-2" daemon [_thread_blocked, id=102423, stack(0x000070000f92a000,0x000070000fa2a000)]
  0x00007fcdc31d0000 JavaThread "RxComputationThreadPool-1" daemon [_thread_blocked, id=24187, stack(0x000070000f827000,0x000070000f927000)]
  0x00007fcdbce46800 JavaThread "RxCachedWorkerPoolEvictor-1" daemon [_thread_blocked, id=42883, stack(0x000070000f724000,0x000070000f824000)]
  0x00007fcdc1d61000 JavaThread "RxComputationThreadPool-4" daemon [_thread_blocked, id=113419, stack(0x0000700010e69000,0x0000700010f69000)]
  0x00007fcdbfed5000 JavaThread "RxComputationThreadPool-3" daemon [_thread_blocked, id=104719, stack(0x0000700010d66000,0x0000700010e66000)]
  0x00007fcdc7008000 JavaThread "RxComputationThreadPool-2" daemon [_thread_blocked, id=40083, stack(0x0000700010c63000,0x0000700010d63000)]
  0x00007fcdbfa01000 JavaThread "RxComputationThreadPool-1" daemon [_thread_blocked, id=40551, stack(0x0000700010b60000,0x0000700010c60000)]
  0x00007fcdc41f0000 JavaThread "RxCachedWorkerPoolEvictor-1" daemon [_thread_blocked, id=44919, stack(0x0000700010a5d000,0x0000700010b5d000)]
  0x00007fcdbb2b9000 JavaThread "RxComputationThreadPool-4" daemon [_thread_blocked, id=98063, stack(0x000070001095a000,0x0000700010a5a000)]
  0x00007fcdc415e800 JavaThread "RxComputationThreadPool-3" daemon [_thread_blocked, id=103691, stack(0x0000700010857000,0x0000700010957000)]
  0x00007fcdbfaa8000 JavaThread "RxComputationThreadPool-2" daemon [_thread_blocked, id=103947, stack(0x0000700010754000,0x0000700010854000)]
  0x00007fcdc8cb7000 JavaThread "RxComputationThreadPool-1" daemon [_thread_blocked, id=102667, stack(0x0000700010651000,0x0000700010751000)]
  0x00007fcdc0746000 JavaThread "RxCachedWorkerPoolEvictor-1" daemon [_thread_blocked, id=103187, stack(0x000070001003f000,0x000070001013f000)]
  0x00007fcdc46dc000 JavaThread "RxComputationThreadPool-4" daemon [_thread_blocked, id=97035, stack(0x000070001054e000,0x000070001064e000)]
  0x00007fcdc4104800 JavaThread "RxComputationThreadPool-3" daemon [_thread_blocked, id=99591, stack(0x000070001044b000,0x000070001054b000)]
  0x00007fcdc4a79800 JavaThread "RxComputationThreadPool-2" daemon [_thread_blocked, id=100103, stack(0x0000700010348000,0x0000700010448000)]
  0x00007fcdc46e7000 JavaThread "RxComputationThreadPool-1" daemon [_thread_blocked, id=101127, stack(0x0000700010245000,0x0000700010345000)]
  0x00007fcdbc8e9000 JavaThread "RxCachedWorkerPoolEvictor-1" daemon [_thread_blocked, id=100615, stack(0x0000700010142000,0x0000700010242000)]
  0x00007fcdc0354000 JavaThread "RxComputationThreadPool-4" daemon [_thread_blocked, id=92419, stack(0x000070000f621000,0x000070000f721000)]
  0x00007fcdc0583000 JavaThread "RxComputationThreadPool-3" daemon [_thread_blocked, id=91907, stack(0x000070000f51e000,0x000070000f61e000)]
  0x00007fcdc1d45800 JavaThread "RxComputationThreadPool-2" daemon [_thread_blocked, id=91395, stack(0x000070000f41b000,0x000070000f51b000)]
  0x00007fcdc1d99000 JavaThread "RxComputationThreadPool-1" daemon [_thread_blocked, id=90883, stack(0x000070000f318000,0x000070000f418000)]
  0x00007fcdc08ed800 JavaThread "RxCachedWorkerPoolEvictor-1" daemon [_thread_blocked, id=90371, stack(0x000070000f215000,0x000070000f315000)]
  0x00007fcdc1bcd800 JavaThread "RxComputationThreadPool-4" daemon [_thread_blocked, id=89859, stack(0x000070000f112000,0x000070000f212000)]
  0x00007fcdc1dac800 JavaThread "RxComputationThreadPool-3" daemon [_thread_blocked, id=89347, stack(0x000070000f00f000,0x000070000f10f000)]
  0x00007fcdbccd1000 JavaThread "RxComputationThreadPool-2" daemon [_thread_blocked, id=88835, stack(0x000070000ef0c000,0x000070000f00c000)]
  0x00007fcdbc8e4000 JavaThread "RxComputationThreadPool-1" daemon [_thread_blocked, id=75027, stack(0x000070000ee09000,0x000070000ef09000)]
  0x00007fcdbfed2800 JavaThread "RxCachedWorkerPoolEvictor-1" daemon [_thread_blocked, id=37215, stack(0x000070000ed06000,0x000070000ee06000)]
  0x00007fcdc1f9b000 JavaThread "RxComputationThreadPool-4" daemon [_thread_blocked, id=37471, stack(0x000070000ec03000,0x000070000ed03000)]
  0x00007fcdc1cb6000 JavaThread "RxComputationThreadPool-3" daemon [_thread_blocked, id=81159, stack(0x000070000e5f1000,0x000070000e6f1000)]
  0x00007fcdc1a09000 JavaThread "RxComputationThreadPool-2" daemon [_thread_blocked, id=84491, stack(0x000070000e4ee000,0x000070000e5ee000)]
  0x00007fcdc19b4800 JavaThread "RxComputationThreadPool-1" daemon [_thread_blocked, id=84235, stack(0x000070000e3eb000,0x000070000e4eb000)]
  0x00007fcdbfed3800 JavaThread "RxCachedWorkerPoolEvictor-1" daemon [_thread_blocked, id=3951, stack(0x000070000e2e8000,0x000070000e3e8000)]
  0x00007fcdc0e35800 JavaThread "RxComputationThreadPool-4" daemon [_thread_blocked, id=83719, stack(0x000070000e1e5000,0x000070000e2e5000)]
  0x00007fcdc19ae800 JavaThread "RxComputationThreadPool-3" daemon [_thread_blocked, id=83207, stack(0x000070000e0e2000,0x000070000e1e2000)]
  0x00007fcdc19ad800 JavaThread "RxComputationThreadPool-2" daemon [_thread_blocked, id=27995, stack(0x000070000dfdf000,0x000070000e0df000)]
  0x00007fcdc1dae000 JavaThread "RxComputationThreadPool-1" daemon [_thread_blocked, id=29019, stack(0x000070000dedc000,0x000070000dfdc000)]
  0x00007fcdc1b73800 JavaThread "RxCachedWorkerPoolEvictor-1" daemon [_thread_blocked, id=85767, stack(0x000070000ddd9000,0x000070000ded9000)]
  0x00007fcdc1d20000 JavaThread "RxComputationThreadPool-4" daemon [_thread_blocked, id=88323, stack(0x000070000eb00000,0x000070000ec00000)]
  0x00007fcdc19af800 JavaThread "RxComputationThreadPool-3" daemon [_thread_blocked, id=87811, stack(0x000070000e9fd000,0x000070000eafd000)]
  0x00007fcdc142b800 JavaThread "RxComputationThreadPool-2" daemon [_thread_blocked, id=87299, stack(0x000070000e8fa000,0x000070000e9fa000)]
  0x00007fcdbc996800 JavaThread "RxComputationThreadPool-1" daemon [_thread_blocked, id=86787, stack(0x000070000e7f7000,0x000070000e8f7000)]
  0x00007fcdbc997800 JavaThread "RxCachedWorkerPoolEvictor-1" daemon [_thread_blocked, id=86275, stack(0x000070000e6f4000,0x000070000e7f4000)]
  0x00007fcdbf9a1000 JavaThread "RxComputationThreadPool-4" daemon [_thread_blocked, id=79619, stack(0x000070000dcd6000,0x000070000ddd6000)]
  0x00007fcdc00eb000 JavaThread "RxComputationThreadPool-3" daemon [_thread_blocked, id=79107, stack(0x000070000dbd3000,0x000070000dcd3000)]
  0x00007fcdbba00800 JavaThread "RxComputationThreadPool-2" daemon [_thread_blocked, id=78595, stack(0x000070000dad0000,0x000070000dbd0000)]
  0x00007fcdbb625000 JavaThread "RxComputationThreadPool-1" daemon [_thread_blocked, id=78083, stack(0x000070000d9cd000,0x000070000dacd000)]
  0x00007fcdc0070800 JavaThread "RxCachedWorkerPoolEvictor-1" daemon [_thread_blocked, id=22095, stack(0x000070000d8ca000,0x000070000d9ca000)]
  0x00007fcdc0be9000 JavaThread "RxComputationThreadPool-4" daemon [_thread_blocked, id=77315, stack(0x000070000d7c7000,0x000070000d8c7000)]
  0x00007fcdc12ad000 JavaThread "RxComputationThreadPool-3" daemon [_thread_blocked, id=76803, stack(0x000070000d6c4000,0x000070000d7c4000)]
  0x00007fcdbc0d7000 JavaThread "RxComputationThreadPool-2" daemon [_thread_blocked, id=76291, stack(0x000070000d5c1000,0x000070000d6c1000)]
  0x00007fcdbc6e2000 JavaThread "RxComputationThreadPool-1" daemon [_thread_blocked, id=75779, stack(0x000070000d4be000,0x000070000d5be000)]
  0x00007fcdc1d9a000 JavaThread "RxCachedWorkerPoolEvictor-1" daemon [_thread_blocked, id=75267, stack(0x000070000d3bb000,0x000070000d4bb000)]
  0x00007fcdbc277800 JavaThread "RxComputationThreadPool-4" daemon [_thread_blocked, id=74499, stack(0x000070000d2b8000,0x000070000d3b8000)]
  0x00007fcdc1bcf000 JavaThread "RxComputationThreadPool-3" daemon [_thread_blocked, id=73987, stack(0x000070000d1b5000,0x000070000d2b5000)]
  0x00007fcdc196f000 JavaThread "RxComputationThreadPool-2" daemon [_thread_blocked, id=73475, stack(0x000070000d0b2000,0x000070000d1b2000)]
  0x00007fcdc127b800 JavaThread "RxComputationThreadPool-1" daemon [_thread_blocked, id=72963, stack(0x000070000cfaf000,0x000070000d0af000)]
  0x00007fcdbc273000 JavaThread "RxCachedWorkerPoolEvictor-1" daemon [_thread_blocked, id=72451, stack(0x000070000ceac000,0x000070000cfac000)]
  0x00007fcdc1b4e800 JavaThread "RxComputationThreadPool-4" daemon [_thread_blocked, id=71939, stack(0x000070000cda9000,0x000070000cea9000)]
  0x00007fcdc0a10800 JavaThread "RxComputationThreadPool-3" daemon [_thread_blocked, id=71427, stack(0x000070000cca6000,0x000070000cda6000)]
  0x00007fcdbccf5000 JavaThread "RxComputationThreadPool-2" daemon [_thread_blocked, id=70915, stack(0x000070000cba3000,0x000070000cca3000)]
  0x00007fcdc1218000 JavaThread "RxComputationThreadPool-1" daemon [_thread_blocked, id=70403, stack(0x000070000caa0000,0x000070000cba0000)]
  0x00007fcdc0e19000 JavaThread "RxCachedWorkerPoolEvictor-1" daemon [_thread_blocked, id=69891, stack(0x000070000c99d000,0x000070000ca9d000)]
  0x00007fcdc1b0e800 JavaThread "RxComputationThreadPool-4" daemon [_thread_blocked, id=69379, stack(0x000070000c89a000,0x000070000c99a000)]
  0x00007fcdc0f10000 JavaThread "RxComputationThreadPool-3" daemon [_thread_blocked, id=68867, stack(0x000070000c797000,0x000070000c897000)]
  0x00007fcdc18ef000 JavaThread "RxComputationThreadPool-2" daemon [_thread_blocked, id=68355, stack(0x000070000c694000,0x000070000c794000)]
  0x00007fcdbffa6000 JavaThread "RxComputationThreadPool-1" daemon [_thread_blocked, id=67843, stack(0x000070000c591000,0x000070000c691000)]
  0x00007fcdc18f0000 JavaThread "RxCachedWorkerPoolEvictor-1" daemon [_thread_blocked, id=67331, stack(0x000070000c48e000,0x000070000c58e000)]
  0x00007fcdc1d5d000 JavaThread "RxComputationThreadPool-4" daemon [_thread_blocked, id=66819, stack(0x000070000c38b000,0x000070000c48b000)]
  0x00007fcdbcd64000 JavaThread "RxComputationThreadPool-3" daemon [_thread_blocked, id=66307, stack(0x000070000c288000,0x000070000c388000)]
  0x00007fcdbb04f000 JavaThread "RxComputationThreadPool-2" daemon [_thread_blocked, id=65795, stack(0x000070000c185000,0x000070000c285000)]
  0x00007fcdbbeee800 JavaThread "RxComputationThreadPool-1" daemon [_thread_blocked, id=65283, stack(0x000070000c082000,0x000070000c182000)]
  0x00007fcdc0543000 JavaThread "RxCachedWorkerPoolEvictor-1" daemon [_thread_blocked, id=64771, stack(0x000070000bf7f000,0x000070000c07f000)]
  0x00007fcdc182b000 JavaThread "RxComputationThreadPool-4" daemon [_thread_blocked, id=64259, stack(0x000070000be7c000,0x000070000bf7c000)]
  0x00007fcdc0e35000 JavaThread "RxComputationThreadPool-3" daemon [_thread_blocked, id=63747, stack(0x000070000bd79000,0x000070000be79000)]
  0x00007fcdbfeda800 JavaThread "RxComputationThreadPool-2" daemon [_thread_blocked, id=63235, stack(0x000070000bc76000,0x000070000bd76000)]
  0x00007fcdc0d8d000 JavaThread "RxComputationThreadPool-1" daemon [_thread_blocked, id=62723, stack(0x000070000bb73000,0x000070000bc73000)]
  0x00007fcdc0b78000 JavaThread "RxCachedWorkerPoolEvictor-1" daemon [_thread_blocked, id=62211, stack(0x000070000ba70000,0x000070000bb70000)]
  0x00007fcdc1eae800 JavaThread "RxComputationThreadPool-4" daemon [_thread_blocked, id=61699, stack(0x000070000b96d000,0x000070000ba6d000)]
  0x00007fcdc0dbc000 JavaThread "RxComputationThreadPool-3" daemon [_thread_blocked, id=61187, stack(0x000070000b86a000,0x000070000b96a000)]
  0x00007fcdbbe7d800 JavaThread "RxComputationThreadPool-2" daemon [_thread_blocked, id=60675, stack(0x000070000b767000,0x000070000b867000)]
  0x00007fcdc1a08800 JavaThread "RxComputationThreadPool-1" daemon [_thread_blocked, id=60163, stack(0x000070000b664000,0x000070000b764000)]
  0x00007fcdc0f75800 JavaThread "RxCachedWorkerPoolEvictor-1" daemon [_thread_blocked, id=59651, stack(0x000070000b561000,0x000070000b661000)]
  0x00007fcdc0fe3800 JavaThread "RxComputationThreadPool-4" daemon [_thread_blocked, id=59139, stack(0x000070000b45e000,0x000070000b55e000)]
  0x00007fcdbbf0a800 JavaThread "RxComputationThreadPool-3" daemon [_thread_blocked, id=58627, stack(0x000070000b35b000,0x000070000b45b000)]
  0x00007fcdc0b21000 JavaThread "RxComputationThreadPool-2" daemon [_thread_blocked, id=58115, stack(0x000070000b258000,0x000070000b358000)]
  0x00007fcdc1e7c000 JavaThread "RxComputationThreadPool-1" daemon [_thread_blocked, id=57603, stack(0x000070000b155000,0x000070000b255000)]
  0x00007fcdc07ae800 JavaThread "RxCachedWorkerPoolEvictor-1" daemon [_thread_blocked, id=57091, stack(0x000070000b052000,0x000070000b152000)]
  0x00007fcdc05fb000 JavaThread "RxComputationThreadPool-4" daemon [_thread_blocked, id=56579, stack(0x000070000af4f000,0x000070000b04f000)]
  0x00007fcdc0202000 JavaThread "RxComputationThreadPool-3" daemon [_thread_blocked, id=56067, stack(0x000070000ae4c000,0x000070000af4c000)]
  0x00007fcdc0d83800 JavaThread "RxComputationThreadPool-2" daemon [_thread_blocked, id=55555, stack(0x000070000ad49000,0x000070000ae49000)]
  0x00007fcdc0a45000 JavaThread "RxComputationThreadPool-1" daemon [_thread_blocked, id=55043, stack(0x000070000ac46000,0x000070000ad46000)]
  0x00007fcdc0f9f800 JavaThread "RxCachedWorkerPoolEvictor-1" daemon [_thread_blocked, id=54531, stack(0x000070000ab43000,0x000070000ac43000)]
  0x00007fcdbb161800 JavaThread "RxComputationThreadPool-4" daemon [_thread_blocked, id=54019, stack(0x000070000aa40000,0x000070000ab40000)]
  0x00007fcdc05a3800 JavaThread "RxComputationThreadPool-3" daemon [_thread_blocked, id=53507, stack(0x000070000a93d000,0x000070000aa3d000)]
  0x00007fcdbdf19800 JavaThread "RxComputationThreadPool-2" daemon [_thread_blocked, id=52995, stack(0x000070000a83a000,0x000070000a93a000)]
  0x00007fcdc14f4000 JavaThread "RxComputationThreadPool-1" daemon [_thread_blocked, id=52483, stack(0x000070000a737000,0x000070000a837000)]
  0x00007fcdbc32e800 JavaThread "RxCachedWorkerPoolEvictor-1" daemon [_thread_blocked, id=51971, stack(0x000070000a634000,0x000070000a734000)]
  0x00007fcdbdff3800 JavaThread "RxComputationThreadPool-4" daemon [_thread_blocked, id=51459, stack(0x000070000a531000,0x000070000a631000)]
  0x00007fcdc1d33800 JavaThread "RxComputationThreadPool-3" daemon [_thread_blocked, id=50947, stack(0x000070000a42e000,0x000070000a52e000)]
  0x00007fcdbdb14800 JavaThread "RxComputationThreadPool-2" daemon [_thread_blocked, id=50435, stack(0x000070000a32b000,0x000070000a42b000)]
  0x00007fcdbb7ce800 JavaThread "RxComputationThreadPool-1" daemon [_thread_blocked, id=49923, stack(0x000070000a228000,0x000070000a328000)]
  0x00007fcdbfcad800 JavaThread "RxCachedWorkerPoolEvictor-1" daemon [_thread_blocked, id=49411, stack(0x000070000a125000,0x000070000a225000)]
  0x00007fcdc1e42000 JavaThread "RxComputationThreadPool-4" daemon [_thread_blocked, id=48899, stack(0x000070000a022000,0x000070000a122000)]
  0x00007fcdc0918800 JavaThread "RxComputationThreadPool-3" daemon [_thread_blocked, id=48387, stack(0x0000700009f1f000,0x000070000a01f000)]
  0x00007fcdbb3ff800 JavaThread "RxComputationThreadPool-2" daemon [_thread_blocked, id=47875, stack(0x0000700009e1c000,0x0000700009f1c000)]
  0x00007fcdbbf63000 JavaThread "RxComputationThreadPool-1" daemon [_thread_blocked, id=46855, stack(0x0000700009d19000,0x0000700009e19000)]
  0x00007fcdbb055000 JavaThread "RxCachedWorkerPoolEvictor-1" daemon [_thread_blocked, id=45831, stack(0x0000700009c16000,0x0000700009d16000)]
  0x00007fcdbcc6b000 JavaThread "RxComputationThreadPool-4" daemon [_thread_blocked, id=46343, stack(0x0000700009b13000,0x0000700009c13000)]
  0x00007fcdc00aa000 JavaThread "RxComputationThreadPool-3" daemon [_thread_blocked, id=22807, stack(0x0000700009a10000,0x0000700009b10000)]
  0x00007fcdbff89000 JavaThread "RxComputationThreadPool-2" daemon [_thread_blocked, id=25875, stack(0x000070000990d000,0x0000700009a0d000)]
  0x00007fcdc0c3d800 JavaThread "RxComputationThreadPool-1" daemon [_thread_blocked, id=28695, stack(0x000070000980a000,0x000070000990a000)]
  0x00007fcdc1fe2800 JavaThread "RxCachedWorkerPoolEvictor-1" daemon [_thread_blocked, id=28443, stack(0x0000700009707000,0x0000700009807000)]
  0x00007fcdc1d38000 JavaThread "RxComputationThreadPool-4" daemon [_thread_blocked, id=43271, stack(0x0000700009604000,0x0000700009704000)]
  0x00007fcdc0fa1000 JavaThread "RxComputationThreadPool-3" daemon [_thread_blocked, id=27155, stack(0x0000700009501000,0x0000700009601000)]
  0x00007fcdc1ec1000 JavaThread "RxComputationThreadPool-2" daemon [_thread_blocked, id=30483, stack(0x00007000093fe000,0x00007000094fe000)]
  0x00007fcdc091d800 JavaThread "RxComputationThreadPool-1" daemon [_thread_blocked, id=23319, stack(0x00007000092fb000,0x00007000093fb000)]
  0x00007fcdc1b3c000 JavaThread "RxCachedWorkerPoolEvictor-1" daemon [_thread_blocked, id=44299, stack(0x00007000091f8000,0x00007000092f8000)]
  0x00007fcdbdb57000 JavaThread "RxComputationThreadPool-4" daemon [_thread_blocked, id=41479, stack(0x00007000090f5000,0x00007000091f5000)]
  0x00007fcdbc8fa800 JavaThread "RxComputationThreadPool-3" daemon [_thread_blocked, id=5135, stack(0x0000700008ff2000,0x00007000090f2000)]
  0x00007fcdbdde1800 JavaThread "RxComputationThreadPool-2" daemon [_thread_blocked, id=33547, stack(0x0000700008eef000,0x0000700008fef000)]
  0x00007fcdbda95000 JavaThread "RxComputationThreadPool-1" daemon [_thread_blocked, id=32523, stack(0x0000700008dec000,0x0000700008eec000)]
  0x00007fcdc1215800 JavaThread "RxCachedWorkerPoolEvictor-1" daemon [_thread_blocked, id=41227, stack(0x0000700008ce9000,0x0000700008de9000)]
  0x00007fcdbf066800 JavaThread "RxComputationThreadPool-4" daemon [_thread_blocked, id=38411, stack(0x0000700008be6000,0x0000700008ce6000)]
  0x00007fcdc0b35800 JavaThread "RxComputationThreadPool-3" daemon [_thread_blocked, id=38667, stack(0x0000700008ae3000,0x0000700008be3000)]
  0x00007fcdc11ec000 JavaThread "RxComputationThreadPool-2" daemon [_thread_blocked, id=31495, stack(0x00007000089e0000,0x0000700008ae0000)]
  0x00007fcdbbfda000 JavaThread "RxComputationThreadPool-1" daemon [_thread_blocked, id=30983, stack(0x00007000088dd000,0x00007000089dd000)]
  0x00007fcdc1a48800 JavaThread "RxCachedWorkerPoolEvictor-1" daemon [_thread_blocked, id=32007, stack(0x00007000087da000,0x00007000088da000)]
  0x00007fcdbfea4800 JavaThread "RxComputationThreadPool-4" daemon [_thread_blocked, id=36099, stack(0x00007000086d7000,0x00007000087d7000)]
  0x00007fcdbfea8800 JavaThread "RxComputationThreadPool-3" daemon [_thread_blocked, id=35587, stack(0x00007000085d4000,0x00007000086d4000)]
  0x00007fcdc1eff800 JavaThread "RxComputationThreadPool-2" daemon [_thread_blocked, id=35075, stack(0x00007000084d1000,0x00007000085d1000)]
  0x00007fcdc1ef5800 JavaThread "RxComputationThreadPool-1" daemon [_thread_blocked, id=34563, stack(0x00007000083ce000,0x00007000084ce000)]
  0x00007fcdc090d800 JavaThread "RxCachedWorkerPoolEvictor-1" daemon [_thread_blocked, id=34051, stack(0x00007000082cb000,0x00007000083cb000)]
  0x00007fcdc18a8000 JavaThread "Cache worker for Java compile cache (/Users/sofiane/.gradle/caches/5.1.1/javaCompile)" [_thread_blocked, id=33027, stack(0x00007000080c5000,0x00007000081c5000)]
  0x00007fcdc1945800 JavaThread "Cache worker for file content cache (/Users/sofiane/.gradle/caches/5.1.1/fileContent)" [_thread_blocked, id=29955, stack(0x0000700007ab3000,0x0000700007bb3000)]
  0x00007fcdbc732000 JavaThread "Memory manager" [_thread_blocked, id=29443, stack(0x00007000079b0000,0x0000700007ab0000)]
  0x00007fcdbf067800 JavaThread "Cache worker for execution history cache (/Users/sofiane/.gradle/caches/5.1.1/executionHistory)" [_thread_blocked, id=26371, stack(0x000070000739e000,0x000070000749e000)]
  0x00007fcdbbed5000 JavaThread "Cache worker for journal cache (/Users/sofiane/.gradle/caches/journal-1)" [_thread_blocked, id=25347, stack(0x0000700006f92000,0x0000700007092000)]
  0x00007fcdbcb76800 JavaThread "File lock request listener" [_thread_in_native, id=24835, stack(0x0000700006e8f000,0x0000700006f8f000)]
  0x00007fcdbc753000 JavaThread "Cache worker for file hash cache (/Users/sofiane/.gradle/caches/5.1.1/fileHashes)" [_thread_blocked, id=24323, stack(0x0000700006d8c000,0x0000700006e8c000)]
  0x00007fcdbb1c3000 JavaThread "Daemon periodic checks" [_thread_blocked, id=20227, stack(0x0000700006574000,0x0000700006674000)]
  0x00007fcdbbe5b000 JavaThread "Incoming local TCP Connector on port 49349" [_thread_in_native, id=19715, stack(0x0000700006471000,0x0000700006571000)]
  0x00007fcdbb827000 JavaThread "Service Thread" daemon [_thread_blocked, id=18691, stack(0x000070000626b000,0x000070000636b000)]
  0x00007fcdbc819800 JavaThread "C1 CompilerThread2" daemon [_thread_blocked, id=18179, stack(0x0000700006168000,0x0000700006268000)]
  0x00007fcdbc045800 JavaThread "C2 CompilerThread1" daemon [_thread_blocked, id=17667, stack(0x0000700006065000,0x0000700006165000)]
  0x00007fcdbb826800 JavaThread "C2 CompilerThread0" daemon [_thread_blocked, id=17155, stack(0x0000700005f62000,0x0000700006062000)]
  0x00007fcdbc800800 JavaThread "Signal Dispatcher" daemon [_thread_blocked, id=16643, stack(0x0000700005e5f000,0x0000700005f5f000)]
  0x00007fcdbb820800 JavaThread "Finalizer" daemon [_thread_blocked, id=12547, stack(0x0000700005d5c000,0x0000700005e5c000)]
  0x00007fcdbc026000 JavaThread "Reference Handler" daemon [_thread_blocked, id=12035, stack(0x0000700005c59000,0x0000700005d59000)]
  0x00007fcdbb802800 JavaThread "main" [_thread_blocked, id=7171, stack(0x0000700005647000,0x0000700005747000)]

Other Threads:
  0x00007fcdbc025800 VMThread [stack: 0x0000700005b56000,0x0000700005c56000] [id=11523]
  0x00007fcdbc02d800 WatcherThread [stack: 0x000070000636e000,0x000070000646e000] [id=19203]

VM state:not at safepoint (normal execution)

VM Mutex/Monitor currently owned by a thread: None

Heap:
 PSYoungGen      total 421888K, used 60390K [0x00000007a0000000, 0x00000007bf900000, 0x00000007c0000000)
  eden space 330240K, 14% used [0x00000007a0000000,0x00000007a2f0ef28,0x00000007b4280000)
  from space 91648K, 13% used [0x00000007b4280000,0x00000007b4e6a9f8,0x00000007b9c00000)
  to   space 87040K, 0% used [0x00000007ba400000,0x00000007ba400000,0x00000007bf900000)
 ParOldGen       total 339968K, used 278688K [0x0000000760000000, 0x0000000774c00000, 0x00000007a0000000)
  object space 339968K, 81% used [0x0000000760000000,0x0000000771028108,0x0000000774c00000)
 Metaspace       used 186042K, capacity 195088K, committed 196760K, reserved 1222656K
  class space    used 20838K, capacity 22593K, committed 22936K, reserved 1048576K

Card table byte_map: [0x000000010d05c000,0x000000010d35d000] byte_map_base: 0x000000010955c000

Marking Bits: (ParMarkBitMap*) 0x000000010ca2c8f8
 Begin Bits: [0x000000010d55d000, 0x000000010ed5d000)
 End Bits:   [0x000000010ed5d000, 0x000000011055d000)

Polling page: 0x000000010b93a000

CodeCache: size=245760Kb used=105639Kb max_used=105639Kb free=140121Kb
 bounds [0x0000000114402000, 0x000000011abe2000, 0x0000000123402000]
 total_blobs=29557 nmethods=28638 adapters=829
 compilation: enabled

Compilation events (10 events):
Event: 29057.320 Thread 0x00007fcdbc819800 41338       3       org.codehaus.groovy.reflection.ParameterTypes::isVargsMethod (87 bytes)
Event: 29057.328 Thread 0x00007fcdbc819800 nmethod 41338 0x00000001173a2310 code [0x00000001173a24a0, 0x00000001173a2a48]
Event: 29057.328 Thread 0x00007fcdbc819800 41340       3       java.util.StringTokenizer::hasMoreElements (5 bytes)
Event: 29057.331 Thread 0x00007fcdbc819800 nmethod 41340 0x00000001173a1e50 code [0x00000001173a1fc0, 0x00000001173a2228]
Event: 29057.331 Thread 0x00007fcdbc819800 41339       3       com.android.builder.model.OptionalCompilationStep::valueOf (10 bytes)
Event: 29057.333 Thread 0x00007fcdbc819800 nmethod 41339 0x000000011739e8d0 code [0x000000011739ea40, 0x000000011739eca8]
Event: 29057.338 Thread 0x00007fcdbc045800 41341       4       java.security.MessageDigest$Delegate::engineUpdate (9 bytes)
Event: 29057.341 Thread 0x00007fcdbc819800 41342       3       com.google.common.collect.Maps::newHashMap (8 bytes)
Event: 29057.342 Thread 0x00007fcdbc819800 nmethod 41342 0x00000001173a1910 code [0x00000001173a1a80, 0x00000001173a1d30]
Event: 29057.345 Thread 0x00007fcdbc819800 41343       3       com.android.build.gradle.internal.VariantManager::getParser (20 bytes)

GC Heap History (10 events):
Event: 23835.274 GC heap before
{Heap before GC invocations=113 (full 6):
 PSYoungGen      total 398848K, used 298400K [0x00000007a0000000, 0x00000007bf700000, 0x00000007c0000000)
  eden space 294912K, 100% used [0x00000007a0000000,0x00000007b2000000,0x00000007b2000000)
  from space 103936K, 3% used [0x00000007b9180000,0x00000007b94e8000,0x00000007bf700000)
  to   space 110080K, 0% used [0x00000007b2000000,0x00000007b2000000,0x00000007b8b80000)
 ParOldGen       total 339968K, used 268492K [0x0000000760000000, 0x0000000774c00000, 0x00000007a0000000)
  object space 339968K, 78% used [0x0000000760000000,0x00000007706333b0,0x0000000774c00000)
 Metaspace       used 176546K, capacity 185316K, committed 191768K, reserved 1218560K
  class space    used 19957K, capacity 21681K, committed 22808K, reserved 1048576K
Event: 23835.491 GC heap after
Heap after GC invocations=113 (full 6):
 PSYoungGen      total 404992K, used 19891K [0x00000007a0000000, 0x00000007bf900000, 0x00000007c0000000)
  eden space 294912K, 0% used [0x00000007a0000000,0x00000007a0000000,0x00000007b2000000)
  from space 110080K, 18% used [0x00000007b2000000,0x00000007b336ccf8,0x00000007b8b80000)
  to   space 103424K, 0% used [0x00000007b9400000,0x00000007b9400000,0x00000007bf900000)
 ParOldGen       total 339968K, used 268604K [0x0000000760000000, 0x0000000774c00000, 0x00000007a0000000)
  object space 339968K, 79% used [0x0000000760000000,0x000000077064f0a8,0x0000000774c00000)
 Metaspace       used 176546K, capacity 185316K, committed 191768K, reserved 1218560K
  class space    used 19957K, capacity 21681K, committed 22808K, reserved 1048576K
}
Event: 24321.612 GC heap before
{Heap before GC invocations=114 (full 6):
 PSYoungGen      total 404992K, used 314803K [0x00000007a0000000, 0x00000007bf900000, 0x00000007c0000000)
  eden space 294912K, 100% used [0x00000007a0000000,0x00000007b2000000,0x00000007b2000000)
  from space 110080K, 18% used [0x00000007b2000000,0x00000007b336ccf8,0x00000007b8b80000)
  to   space 103424K, 0% used [0x00000007b9400000,0x00000007b9400000,0x00000007bf900000)
 ParOldGen       total 339968K, used 268604K [0x0000000760000000, 0x0000000774c00000, 0x00000007a0000000)
  object space 339968K, 79% used [0x0000000760000000,0x000000077064f0a8,0x0000000774c00000)
 Metaspace       used 181143K, capacity 190104K, committed 192024K, reserved 1218560K
  class space    used 20388K, capacity 22127K, committed 22808K, reserved 1048576K
Event: 24322.155 GC heap after
Heap after GC invocations=114 (full 6):
 PSYoungGen      total 406528K, used 37603K [0x00000007a0000000, 0x00000007bf180000, 0x00000007c0000000)
  eden space 310784K, 0% used [0x00000007a0000000,0x00000007a0000000,0x00000007b2f80000)
  from space 95744K, 39% used [0x00000007b9400000,0x00000007bb8b8d88,0x00000007bf180000)
  to   space 99328K, 0% used [0x00000007b2f80000,0x00000007b2f80000,0x00000007b9080000)
 ParOldGen       total 339968K, used 273134K [0x0000000760000000, 0x0000000774c00000, 0x00000007a0000000)
  object space 339968K, 80% used [0x0000000760000000,0x0000000770abba08,0x0000000774c00000)
 Metaspace       used 181143K, capacity 190104K, committed 192024K, reserved 1218560K
  class space    used 20388K, capacity 22127K, committed 22808K, reserved 1048576K
}
Event: 24841.559 GC heap before
{Heap before GC invocations=115 (full 6):
 PSYoungGen      total 406528K, used 348387K [0x00000007a0000000, 0x00000007bf180000, 0x00000007c0000000)
  eden space 310784K, 100% used [0x00000007a0000000,0x00000007b2f80000,0x00000007b2f80000)
  from space 95744K, 39% used [0x00000007b9400000,0x00000007bb8b8d88,0x00000007bf180000)
  to   space 99328K, 0% used [0x00000007b2f80000,0x00000007b2f80000,0x00000007b9080000)
 ParOldGen       total 339968K, used 273134K [0x0000000760000000, 0x0000000774c00000, 0x00000007a0000000)
  object space 339968K, 80% used [0x0000000760000000,0x0000000770abba08,0x0000000774c00000)
 Metaspace       used 181408K, capacity 190418K, committed 192280K, reserved 1218560K
  class space    used 20420K, capacity 22168K, committed 22808K, reserved 1048576K
Event: 24841.916 GC heap after
Heap after GC invocations=115 (full 6):
 PSYoungGen      total 410112K, used 16974K [0x00000007a0000000, 0x00000007bfa80000, 0x00000007c0000000)
  eden space 310784K, 0% used [0x00000007a0000000,0x00000007a0000000,0x00000007b2f80000)
  from space 99328K, 17% used [0x00000007b2f80000,0x00000007b4013a18,0x00000007b9080000)
  to   space 94720K, 0% used [0x00000007b9e00000,0x00000007b9e00000,0x00000007bfa80000)
 ParOldGen       total 339968K, used 278178K [0x0000000760000000, 0x0000000774c00000, 0x00000007a0000000)
  object space 339968K, 81% used [0x0000000760000000,0x0000000770fa89e0,0x0000000774c00000)
 Metaspace       used 181408K, capacity 190418K, committed 192280K, reserved 1218560K
  class space    used 20420K, capacity 22168K, committed 22808K, reserved 1048576K
}
Event: 25037.887 GC heap before
{Heap before GC invocations=116 (full 6):
 PSYoungGen      total 410112K, used 327758K [0x00000007a0000000, 0x00000007bfa80000, 0x00000007c0000000)
  eden space 310784K, 100% used [0x00000007a0000000,0x00000007b2f80000,0x00000007b2f80000)
  from space 99328K, 17% used [0x00000007b2f80000,0x00000007b4013a18,0x00000007b9080000)
  to   space 94720K, 0% used [0x00000007b9e00000,0x00000007b9e00000,0x00000007bfa80000)
 ParOldGen       total 339968K, used 278178K [0x0000000760000000, 0x0000000774c00000, 0x00000007a0000000)
  object space 339968K, 81% used [0x0000000760000000,0x0000000770fa89e0,0x0000000774c00000)
 Metaspace       used 183579K, capacity 192600K, committed 194328K, reserved 1220608K
  class space    used 20613K, capacity 22361K, committed 22808K, reserved 1048576K
Event: 25038.128 GC heap after
Heap after GC invocations=116 (full 6):
 PSYoungGen      total 419840K, used 7022K [0x00000007a0000000, 0x00000007bf580000, 0x00000007c0000000)
  eden space 330240K, 0% used [0x00000007a0000000,0x00000007a0000000,0x00000007b4280000)
  from space 89600K, 7% used [0x00000007b9e00000,0x00000007ba4dbba8,0x00000007bf580000)
  to   space 91648K, 0% used [0x00000007b4280000,0x00000007b4280000,0x00000007b9c00000)
 ParOldGen       total 339968K, used 278450K [0x0000000760000000, 0x0000000774c00000, 0x00000007a0000000)
  object space 339968K, 81% used [0x0000000760000000,0x0000000770fecab8,0x0000000774c00000)
 Metaspace       used 183579K, capacity 192600K, committed 194328K, reserved 1220608K
  class space    used 20613K, capacity 22361K, committed 22808K, reserved 1048576K
}
Event: 25201.284 GC heap before
{Heap before GC invocations=117 (full 6):
 PSYoungGen      total 419840K, used 337262K [0x00000007a0000000, 0x00000007bf580000, 0x00000007c0000000)
  eden space 330240K, 100% used [0x00000007a0000000,0x00000007b4280000,0x00000007b4280000)
  from space 89600K, 7% used [0x00000007b9e00000,0x00000007ba4dbba8,0x00000007bf580000)
  to   space 91648K, 0% used [0x00000007b4280000,0x00000007b4280000,0x00000007b9c00000)
 ParOldGen       total 339968K, used 278450K [0x0000000760000000, 0x0000000774c00000, 0x00000007a0000000)
  object space 339968K, 81% used [0x0000000760000000,0x0000000770fecab8,0x0000000774c00000)
 Metaspace       used 185961K, capacity 195016K, committed 196760K, reserved 1222656K
  class space    used 20838K, capacity 22593K, committed 22936K, reserved 1048576K
Event: 25201.494 GC heap after
Heap after GC invocations=117 (full 6):
 PSYoungGen      total 421888K, used 12202K [0x00000007a0000000, 0x00000007bf900000, 0x00000007c0000000)
  eden space 330240K, 0% used [0x00000007a0000000,0x00000007a0000000,0x00000007b4280000)
  from space 91648K, 13% used [0x00000007b4280000,0x00000007b4e6a9f8,0x00000007b9c00000)
  to   space 87040K, 0% used [0x00000007ba400000,0x00000007ba400000,0x00000007bf900000)
 ParOldGen       total 339968K, used 278688K [0x0000000760000000, 0x0000000774c00000, 0x00000007a0000000)
  object space 339968K, 81% used [0x0000000760000000,0x0000000771028108,0x0000000774c00000)
 Metaspace       used 185961K, capacity 195016K, committed 196760K, reserved 1222656K
  class space    used 20838K, capacity 22593K, committed 22936K, reserved 1048576K
}

Deoptimization events (10 events):
Event: 24326.337 Thread 0x00007fcdc1d8b000 Uncommon trap: reason=unstable_if action=reinterpret pc=0x0000000117d9e70c method=java.util.TreeMap.getCeilingEntry(Ljava/lang/Object;)Ljava/util/TreeMap$Entry; @ 80
Event: 24846.846 Thread 0x00007fcdc1a0b000 Uncommon trap: reason=unstable_if action=reinterpret pc=0x0000000114c37514 method=java.util.TreeMap.getCeilingEntry(Ljava/lang/Object;)Ljava/util/TreeMap$Entry; @ 80
Event: 25192.368 Thread 0x00007fcdbcc58800 Uncommon trap: reason=class_check action=maybe_recompile pc=0x00000001165b0740 method=java.util.Collections$UnmodifiableMap$UnmodifiableEntrySet$UnmodifiableEntry.<init>(Ljava/util/Map$Entry;)V @ 9
Event: 25192.368 Thread 0x00007fcdbcc58800 Uncommon trap: reason=class_check action=maybe_recompile pc=0x00000001165b0740 method=java.util.Collections$UnmodifiableMap$UnmodifiableEntrySet$UnmodifiableEntry.<init>(Ljava/util/Map$Entry;)V @ 9
Event: 25192.368 Thread 0x00007fcdbcc58800 Uncommon trap: reason=class_check action=maybe_recompile pc=0x00000001165b0740 method=java.util.Collections$UnmodifiableMap$UnmodifiableEntrySet$UnmodifiableEntry.<init>(Ljava/util/Map$Entry;)V @ 9
Event: 25192.368 Thread 0x00007fcdbcc58800 Uncommon trap: reason=class_check action=maybe_recompile pc=0x00000001165b0740 method=java.util.Collections$UnmodifiableMap$UnmodifiableEntrySet$UnmodifiableEntry.<init>(Ljava/util/Map$Entry;)V @ 9
Event: 29057.098 Thread 0x00007fcdc0661000 Uncommon trap: reason=class_check action=maybe_recompile pc=0x000000011abd52f0 method=sun.reflect.DelegatingConstructorAccessorImpl.newInstance([Ljava/lang/Object;)Ljava/lang/Object; @ 5
Event: 29057.116 Thread 0x00007fcdc0661000 Uncommon trap: reason=class_check action=maybe_recompile pc=0x000000011abd52f0 method=sun.reflect.DelegatingConstructorAccessorImpl.newInstance([Ljava/lang/Object;)Ljava/lang/Object; @ 5
Event: 29057.119 Thread 0x00007fcdc0661000 Uncommon trap: reason=class_check action=maybe_recompile pc=0x000000011abd52f0 method=sun.reflect.DelegatingConstructorAccessorImpl.newInstance([Ljava/lang/Object;)Ljava/lang/Object; @ 5
Event: 29057.123 Thread 0x00007fcdc0661000 Uncommon trap: reason=class_check action=maybe_recompile pc=0x000000011abd52f0 method=sun.reflect.DelegatingConstructorAccessorImpl.newInstance([Ljava/lang/Object;)Ljava/lang/Object; @ 5

Classes redefined (0 events):
No events

Internal exceptions (10 events):
Event: 24325.998 Thread 0x00007fcdbbec5800 Exception <a 'sun/nio/fs/UnixException'> (0x00000007ab149e58) thrown at [/Volumes/android/AOSP-openjdk-git/jdk8u/hotspot/src/share/vm/prims/jni.cpp, line 709]
Event: 24326.005 Thread 0x00007fcdbbec5800 Exception <a 'sun/nio/fs/UnixException'> (0x00000007ab151570) thrown at [/Volumes/android/AOSP-openjdk-git/jdk8u/hotspot/src/share/vm/prims/jni.cpp, line 709]
Event: 24326.016 Thread 0x00007fcdbbec5800 Exception <a 'sun/nio/fs/UnixException'> (0x00000007ab1e3890) thrown at [/Volumes/android/AOSP-openjdk-git/jdk8u/hotspot/src/share/vm/prims/jni.cpp, line 709]
Event: 24326.158 Thread 0x00007fcdbfccf800 Exception <a 'sun/nio/fs/UnixException'> (0x00000007ac0c0878) thrown at [/Volumes/android/AOSP-openjdk-git/jdk8u/hotspot/src/share/vm/prims/jni.cpp, line 709]
Event: 24326.182 Thread 0x00007fcdac48b000 Exception <a 'sun/nio/fs/UnixException'> (0x00000007ac31b830) thrown at [/Volumes/android/AOSP-openjdk-git/jdk8u/hotspot/src/share/vm/prims/jni.cpp, line 709]
Event: 24846.336 Thread 0x00007fcdbce8e000 Exception <a 'sun/nio/fs/UnixException'> (0x00000007ac0d9ec8) thrown at [/Volumes/android/AOSP-openjdk-git/jdk8u/hotspot/src/share/vm/prims/jni.cpp, line 709]
Event: 24846.719 Thread 0x00007fcdbc313000 Exception <a 'sun/nio/fs/UnixException'> (0x00000007ace4c020) thrown at [/Volumes/android/AOSP-openjdk-git/jdk8u/hotspot/src/share/vm/prims/jni.cpp, line 709]
Event: 25200.650 Thread 0x00007fcdbfc2b800 Exception <a 'sun/nio/fs/UnixException'> (0x00000007b2f90158) thrown at [/Volumes/android/AOSP-openjdk-git/jdk8u/hotspot/src/share/vm/prims/jni.cpp, line 709]
Event: 25200.940 Thread 0x00007fcdc10e9800 Exception <a 'sun/nio/fs/UnixException'> (0x00000007b3c3f650) thrown at [/Volumes/android/AOSP-openjdk-git/jdk8u/hotspot/src/share/vm/prims/jni.cpp, line 709]
Event: 29057.351 Thread 0x00007fcdc0661000 Implicit null exception at 0x0000000119fd3fdf to 0x0000000000000000

Events (10 events):
Event: 29057.116 Thread 0x00007fcdc0661000 Uncommon trap: trap_request=0xffffffde fr.pc=0x000000011abd52f0
Event: 29057.118 Thread 0x00007fcdc0661000 DEOPT PACKING pc=0x000000011abd52f0 sp=0x0000700006978490
Event: 29057.118 Thread 0x00007fcdc0661000 DEOPT UNPACKING pc=0x000000011444747a sp=0x00007000069783a0 mode 2
Event: 29057.119 Thread 0x00007fcdc0661000 Uncommon trap: trap_request=0xffffffde fr.pc=0x000000011abd52f0
Event: 29057.119 Thread 0x00007fcdc0661000 DEOPT PACKING pc=0x000000011abd52f0 sp=0x0000700006978470
Event: 29057.119 Thread 0x00007fcdc0661000 DEOPT UNPACKING pc=0x000000011444747a sp=0x0000700006978380 mode 2
Event: 29057.123 Thread 0x00007fcdc0661000 Uncommon trap: trap_request=0xffffffde fr.pc=0x000000011abd52f0
Event: 29057.123 Thread 0x00007fcdc0661000 DEOPT PACKING pc=0x000000011abd52f0 sp=0x0000700006978480
Event: 29057.123 Thread 0x00007fcdc0661000 DEOPT UNPACKING pc=0x000000011444747a sp=0x0000700006978390 mode 2
Event: 29057.132 Thread 0x00007fcdbc6dd000 Thread added: 0x00007fcdbc6dd000


Dynamic libraries:
0x0000000011cc7000 	/System/Library/Frameworks/Cocoa.framework/Versions/A/Cocoa
0x0000000011cc7000 	/System/Library/Frameworks/Security.framework/Versions/A/Security
0x0000000011cc7000 	/System/Library/Frameworks/ApplicationServices.framework/Versions/A/ApplicationServices
0x0000000011cc7000 	/usr/lib/libz.1.dylib
0x0000000011cc7000 	/usr/lib/libSystem.B.dylib
0x0000000011cc7000 	/System/Library/Frameworks/CoreFoundation.framework/Versions/A/CoreFoundation
0x0000000011cc7000 	/System/Library/Frameworks/Foundation.framework/Versions/C/Foundation
0x0000000011cc7000 	/usr/lib/libobjc.A.dylib
0x0000000011cc7000 	/System/Library/Frameworks/AppKit.framework/Versions/C/AppKit
0x0000000011cc7000 	/System/Library/Frameworks/CoreData.framework/Versions/A/CoreData
0x0000000011cc7000 	/System/Library/PrivateFrameworks/RemoteViewServices.framework/Versions/A/RemoteViewServices
0x0000000011cc7000 	/System/Library/PrivateFrameworks/UIFoundation.framework/Versions/A/UIFoundation
0x0000000011cc7000 	/System/Library/PrivateFrameworks/DFRFoundation.framework/Versions/A/DFRFoundation
0x0000000011cc7000 	/usr/lib/libenergytrace.dylib
0x0000000011cc7000 	/System/Library/PrivateFrameworks/SkyLight.framework/Versions/A/SkyLight
0x0000000011cc7000 	/System/Library/Frameworks/CoreGraphics.framework/Versions/A/CoreGraphics
0x0000000011cc7000 	/usr/lib/libScreenReader.dylib
0x0000000011cc7000 	/System/Library/Frameworks/Accelerate.framework/Versions/A/Accelerate
0x0000000011cc7000 	/System/Library/Frameworks/IOSurface.framework/Versions/A/IOSurface
0x0000000011cc7000 	/System/Library/Frameworks/AudioToolbox.framework/Versions/A/AudioToolbox
0x0000000011cc7000 	/System/Library/Frameworks/AudioUnit.framework/Versions/A/AudioUnit
0x0000000011cc7000 	/System/Library/PrivateFrameworks/DataDetectorsCore.framework/Versions/A/DataDetectorsCore
0x0000000011cc7000 	/System/Library/PrivateFrameworks/DesktopServicesPriv.framework/Versions/A/DesktopServicesPriv
0x0000000011cc7000 	/System/Library/Frameworks/Carbon.framework/Versions/A/Frameworks/HIToolbox.framework/Versions/A/HIToolbox
0x0000000011cc7000 	/usr/lib/libicucore.A.dylib
0x0000000011cc7000 	/System/Library/Frameworks/QuartzCore.framework/Versions/A/QuartzCore
0x0000000011cc7000 	/System/Library/Frameworks/Carbon.framework/Versions/A/Frameworks/SpeechRecognition.framework/Versions/A/SpeechRecognition
0x0000000011cc7000 	/usr/lib/libauto.dylib
0x0000000011cc7000 	/usr/lib/libxml2.2.dylib
0x0000000011cc7000 	/System/Library/PrivateFrameworks/CoreUI.framework/Versions/A/CoreUI
0x0000000011cc7000 	/System/Library/Frameworks/CoreAudio.framework/Versions/A/CoreAudio
0x0000000011cc7000 	/System/Library/Frameworks/DiskArbitration.framework/Versions/A/DiskArbitration
0x0000000011cc7000 	/usr/lib/liblangid.dylib
0x0000000011cc7000 	/System/Library/PrivateFrameworks/MultitouchSupport.framework/Versions/A/MultitouchSupport
0x0000000011cc7000 	/System/Library/Frameworks/IOKit.framework/Versions/A/IOKit
0x0000000011cc7000 	/usr/lib/libDiagnosticMessagesClient.dylib
0x0000000011cc7000 	/System/Library/Frameworks/CoreServices.framework/Versions/A/CoreServices
0x0000000011cc7000 	/System/Library/PrivateFrameworks/PerformanceAnalysis.framework/Versions/A/PerformanceAnalysis
0x0000000011cc7000 	/System/Library/PrivateFrameworks/GenerationalStorage.framework/Versions/A/GenerationalStorage
0x0000000011cc7000 	/System/Library/Frameworks/OpenGL.framework/Versions/A/OpenGL
0x0000000011cc7000 	/System/Library/Frameworks/CoreImage.framework/Versions/A/CoreImage
0x0000000011cc7000 	/System/Library/Frameworks/CoreText.framework/Versions/A/CoreText
0x0000000011cc7000 	/System/Library/Frameworks/ImageIO.framework/Versions/A/ImageIO
0x0000000011cc7000 	/System/Library/PrivateFrameworks/Backup.framework/Versions/A/Backup
0x0000000011cc7000 	/usr/lib/libarchive.2.dylib
0x0000000011cc7000 	/System/Library/Frameworks/CFNetwork.framework/Versions/A/CFNetwork
0x0000000011cc7000 	/System/Library/Frameworks/SystemConfiguration.framework/Versions/A/SystemConfiguration
0x0000000011cc7000 	/usr/lib/libCRFSuite.dylib
0x0000000011cc7000 	/usr/lib/libc++.1.dylib
0x0000000011cc7000 	/usr/lib/libc++abi.dylib
0x0000000011cc7000 	/usr/lib/system/libcache.dylib
0x0000000011cc7000 	/usr/lib/system/libcommonCrypto.dylib
0x0000000011cc7000 	/usr/lib/system/libcompiler_rt.dylib
0x0000000011cc7000 	/usr/lib/system/libcopyfile.dylib
0x0000000011cc7000 	/usr/lib/system/libcorecrypto.dylib
0x0000000011cc7000 	/usr/lib/system/libdispatch.dylib
0x0000000011cc7000 	/usr/lib/system/libdyld.dylib
0x0000000011cc7000 	/usr/lib/system/libkeymgr.dylib
0x0000000011cc7000 	/usr/lib/system/liblaunch.dylib
0x0000000011cc7000 	/usr/lib/system/libmacho.dylib
0x0000000011cc7000 	/usr/lib/system/libquarantine.dylib
0x0000000011cc7000 	/usr/lib/system/libremovefile.dylib
0x0000000011cc7000 	/usr/lib/system/libsystem_asl.dylib
0x0000000011cc7000 	/usr/lib/system/libsystem_blocks.dylib
0x0000000011cc7000 	/usr/lib/system/libsystem_c.dylib
0x0000000011cc7000 	/usr/lib/system/libsystem_configuration.dylib
0x0000000011cc7000 	/usr/lib/system/libsystem_coreservices.dylib
0x0000000011cc7000 	/usr/lib/system/libsystem_coretls.dylib
0x0000000011cc7000 	/usr/lib/system/libsystem_dnssd.dylib
0x0000000011cc7000 	/usr/lib/system/libsystem_info.dylib
0x0000000011cc7000 	/usr/lib/system/libsystem_kernel.dylib
0x0000000011cc7000 	/usr/lib/system/libsystem_m.dylib
0x0000000011cc7000 	/usr/lib/system/libsystem_malloc.dylib
0x0000000011cc7000 	/usr/lib/system/libsystem_network.dylib
0x0000000011cc7000 	/usr/lib/system/libsystem_networkextension.dylib
0x0000000011cc7000 	/usr/lib/system/libsystem_notify.dylib
0x0000000011cc7000 	/usr/lib/system/libsystem_platform.dylib
0x0000000011cc7000 	/usr/lib/system/libsystem_pthread.dylib
0x0000000011cc7000 	/usr/lib/system/libsystem_sandbox.dylib
0x0000000011cc7000 	/usr/lib/system/libsystem_secinit.dylib
0x0000000011cc7000 	/usr/lib/system/libsystem_symptoms.dylib
0x0000000011cc7000 	/usr/lib/system/libsystem_trace.dylib
0x0000000011cc7000 	/usr/lib/system/libunwind.dylib
0x0000000011cc7000 	/usr/lib/system/libxpc.dylib
0x0000000011cc7000 	/usr/lib/libbsm.0.dylib
0x0000000011cc7000 	/usr/lib/system/libkxld.dylib
0x0000000011cc7000 	/usr/lib/libcoretls.dylib
0x0000000011cc7000 	/usr/lib/libcoretls_cfhelpers.dylib
0x0000000011cc7000 	/usr/lib/libOpenScriptingUtil.dylib
0x0000000011cc7000 	/usr/lib/libpam.2.dylib
0x0000000011cc7000 	/usr/lib/libsqlite3.dylib
0x0000000011cc7000 	/usr/lib/libxar.1.dylib
0x0000000011cc7000 	/usr/lib/libbz2.1.0.dylib
0x0000000011cc7000 	/usr/lib/liblzma.5.dylib
0x0000000011cc7000 	/usr/lib/libnetwork.dylib
0x0000000011cc7000 	/usr/lib/libpcap.A.dylib
0x0000000011cc7000 	/System/Library/Frameworks/CoreServices.framework/Versions/A/Frameworks/FSEvents.framework/Versions/A/FSEvents
0x0000000011cc7000 	/System/Library/Frameworks/CoreServices.framework/Versions/A/Frameworks/CarbonCore.framework/Versions/A/CarbonCore
0x0000000011cc7000 	/System/Library/Frameworks/CoreServices.framework/Versions/A/Frameworks/Metadata.framework/Versions/A/Metadata
0x0000000011cc7000 	/System/Library/Frameworks/CoreServices.framework/Versions/A/Frameworks/OSServices.framework/Versions/A/OSServices
0x0000000011cc7000 	/System/Library/Frameworks/CoreServices.framework/Versions/A/Frameworks/SearchKit.framework/Versions/A/SearchKit
0x0000000011cc7000 	/System/Library/Frameworks/CoreServices.framework/Versions/A/Frameworks/AE.framework/Versions/A/AE
0x0000000011cc7000 	/System/Library/Frameworks/CoreServices.framework/Versions/A/Frameworks/LaunchServices.framework/Versions/A/LaunchServices
0x0000000011cc7000 	/System/Library/Frameworks/CoreServices.framework/Versions/A/Frameworks/DictionaryServices.framework/Versions/A/DictionaryServices
0x0000000011cc7000 	/System/Library/Frameworks/CoreServices.framework/Versions/A/Frameworks/SharedFileList.framework/Versions/A/SharedFileList
0x0000000011cc7000 	/System/Library/Frameworks/NetFS.framework/Versions/A/NetFS
0x0000000011cc7000 	/System/Library/PrivateFrameworks/NetAuth.framework/Versions/A/NetAuth
0x0000000011cc7000 	/System/Library/PrivateFrameworks/login.framework/Versions/A/Frameworks/loginsupport.framework/Versions/A/loginsupport
0x0000000011cc7000 	/System/Library/PrivateFrameworks/TCC.framework/Versions/A/TCC
0x0000000011cc7000 	/usr/lib/libmecabra.dylib
0x0000000011cc7000 	/System/Library/Frameworks/ApplicationServices.framework/Versions/A/Frameworks/ATS.framework/Versions/A/ATS
0x0000000011cc7000 	/System/Library/Frameworks/ApplicationServices.framework/Versions/A/Frameworks/ColorSync.framework/Versions/A/ColorSync
0x0000000011cc7000 	/System/Library/Frameworks/ApplicationServices.framework/Versions/A/Frameworks/HIServices.framework/Versions/A/HIServices
0x0000000011cc7000 	/System/Library/Frameworks/ApplicationServices.framework/Versions/A/Frameworks/LangAnalysis.framework/Versions/A/LangAnalysis
0x0000000011cc7000 	/System/Library/Frameworks/ApplicationServices.framework/Versions/A/Frameworks/PrintCore.framework/Versions/A/PrintCore
0x0000000011cc7000 	/System/Library/Frameworks/ApplicationServices.framework/Versions/A/Frameworks/QD.framework/Versions/A/QD
0x0000000011cc7000 	/System/Library/Frameworks/ApplicationServices.framework/Versions/A/Frameworks/SpeechSynthesis.framework/Versions/A/SpeechSynthesis
0x0000000011cc7000 	/System/Library/Frameworks/Accelerate.framework/Versions/A/Frameworks/vImage.framework/Versions/A/vImage
0x0000000011cc7000 	/System/Library/Frameworks/Accelerate.framework/Versions/A/Frameworks/vecLib.framework/Versions/A/vecLib
0x0000000011cc7000 	/System/Library/Frameworks/Accelerate.framework/Versions/A/Frameworks/vecLib.framework/Versions/A/libvDSP.dylib
0x0000000011cc7000 	/System/Library/Frameworks/Accelerate.framework/Versions/A/Frameworks/vecLib.framework/Versions/A/libBNNS.dylib
0x0000000011cc7000 	/System/Library/Frameworks/Accelerate.framework/Versions/A/Frameworks/vecLib.framework/Versions/A/libQuadrature.dylib
0x0000000011cc7000 	/System/Library/Frameworks/Accelerate.framework/Versions/A/Frameworks/vecLib.framework/Versions/A/libvMisc.dylib
0x0000000011cc7000 	/System/Library/Frameworks/Accelerate.framework/Versions/A/Frameworks/vecLib.framework/Versions/A/libLAPACK.dylib
0x0000000011cc7000 	/System/Library/Frameworks/Accelerate.framework/Versions/A/Frameworks/vecLib.framework/Versions/A/libBLAS.dylib
0x0000000011cc7000 	/System/Library/Frameworks/Accelerate.framework/Versions/A/Frameworks/vecLib.framework/Versions/A/libLinearAlgebra.dylib
0x0000000011cc7000 	/System/Library/Frameworks/Accelerate.framework/Versions/A/Frameworks/vecLib.framework/Versions/A/libSparseBLAS.dylib
0x0000000011cc7000 	/System/Library/Frameworks/ApplicationServices.framework/Versions/A/Frameworks/ATS.framework/Versions/A/Resources/libFontParser.dylib
0x0000000011cc7000 	/System/Library/Frameworks/ApplicationServices.framework/Versions/A/Frameworks/ATS.framework/Versions/A/Resources/libFontRegistry.dylib
0x0000000011cc7000 	/System/Library/Frameworks/ImageIO.framework/Versions/A/Resources/libJPEG.dylib
0x0000000011cc7000 	/System/Library/Frameworks/ImageIO.framework/Versions/A/Resources/libTIFF.dylib
0x0000000011cc7000 	/System/Library/Frameworks/ImageIO.framework/Versions/A/Resources/libPng.dylib
0x0000000011cc7000 	/System/Library/Frameworks/ImageIO.framework/Versions/A/Resources/libGIF.dylib
0x0000000011cc7000 	/System/Library/Frameworks/ImageIO.framework/Versions/A/Resources/libJP2.dylib
0x0000000011cc7000 	/System/Library/Frameworks/ImageIO.framework/Versions/A/Resources/libRadiance.dylib
0x0000000011cc7000 	/usr/lib/libcompression.dylib
0x0000000011cc7000 	/System/Library/PrivateFrameworks/AppleJPEG.framework/Versions/A/AppleJPEG
0x0000000011cc7000 	/usr/lib/libcups.2.dylib
0x0000000011cc7000 	/System/Library/Frameworks/Kerberos.framework/Versions/A/Kerberos
0x0000000011cc7000 	/System/Library/Frameworks/GSS.framework/Versions/A/GSS
0x0000000011cc7000 	/usr/lib/libresolv.9.dylib
0x0000000011cc7000 	/usr/lib/libiconv.2.dylib
0x0000000011cc7000 	/System/Library/PrivateFrameworks/Heimdal.framework/Versions/A/Heimdal
0x0000000011cc7000 	/usr/lib/libheimdal-asn1.dylib
0x0000000011cc7000 	/System/Library/Frameworks/OpenDirectory.framework/Versions/A/OpenDirectory
0x0000000011cc7000 	/System/Library/PrivateFrameworks/CommonAuth.framework/Versions/A/CommonAuth
0x0000000011cc7000 	/System/Library/Frameworks/OpenDirectory.framework/Versions/A/Frameworks/CFOpenDirectory.framework/Versions/A/CFOpenDirectory
0x0000000011cc7000 	/System/Library/Frameworks/SecurityFoundation.framework/Versions/A/SecurityFoundation
0x0000000011cc7000 	/System/Library/PrivateFrameworks/LanguageModeling.framework/Versions/A/LanguageModeling
0x0000000011cc7000 	/usr/lib/libmarisa.dylib
0x0000000011cc7000 	/usr/lib/libChineseTokenizer.dylib
0x0000000011cc7000 	/usr/lib/libcmph.dylib
0x0000000011cc7000 	/System/Library/PrivateFrameworks/CoreEmoji.framework/Versions/A/CoreEmoji
0x0000000011cc7000 	/System/Library/Frameworks/ServiceManagement.framework/Versions/A/ServiceManagement
0x0000000011cc7000 	/usr/lib/libxslt.1.dylib
0x0000000011cc7000 	/System/Library/Frameworks/Carbon.framework/Versions/A/Frameworks/Ink.framework/Versions/A/Ink
0x0000000011cc7000 	/System/Library/PrivateFrameworks/TextureIO.framework/Versions/A/TextureIO
0x0000000011cc7000 	/System/Library/Frameworks/Metal.framework/Versions/A/Metal
0x0000000011cc7000 	/usr/lib/libate.dylib
0x0000000011cc7000 	/System/Library/PrivateFrameworks/GPUCompiler.framework/libmetal_timestamp.dylib
0x0000000011cc7000 	/System/Library/Frameworks/OpenGL.framework/Versions/A/Libraries/libCoreFSCache.dylib
0x0000000011cc7000 	/System/Library/PrivateFrameworks/IOAccelerator.framework/Versions/A/IOAccelerator
0x0000000011cc7000 	/System/Library/Frameworks/CoreVideo.framework/Versions/A/CoreVideo
0x0000000011cc7000 	/usr/lib/libFosl_dynamic.dylib
0x0000000011cc7000 	/System/Library/PrivateFrameworks/MetalPerformanceShaders.framework/Versions/A/MetalPerformanceShaders
0x0000000011cc7000 	/System/Library/PrivateFrameworks/FaceCore.framework/Versions/A/FaceCore
0x0000000011cc7000 	/System/Library/Frameworks/OpenCL.framework/Versions/A/OpenCL
0x0000000011cc7000 	/System/Library/Frameworks/OpenGL.framework/Versions/A/Libraries/libGLU.dylib
0x0000000011cc7000 	/System/Library/Frameworks/OpenGL.framework/Versions/A/Libraries/libGFXShared.dylib
0x0000000011cc7000 	/System/Library/Frameworks/OpenGL.framework/Versions/A/Libraries/libGL.dylib
0x0000000011cc7000 	/System/Library/Frameworks/OpenGL.framework/Versions/A/Libraries/libGLImage.dylib
0x0000000011cc7000 	/System/Library/Frameworks/OpenGL.framework/Versions/A/Libraries/libCVMSPluginSupport.dylib
0x0000000011cc7000 	/System/Library/Frameworks/OpenGL.framework/Versions/A/Libraries/libCoreVMClient.dylib
0x0000000011cc7000 	/System/Library/PrivateFrameworks/CrashReporterSupport.framework/Versions/A/CrashReporterSupport
0x0000000011cc7000 	/System/Library/PrivateFrameworks/Sharing.framework/Versions/A/Sharing
0x0000000011cc7000 	/System/Library/PrivateFrameworks/IconServices.framework/Versions/A/IconServices
0x0000000011cc7000 	/System/Library/PrivateFrameworks/ProtocolBuffer.framework/Versions/A/ProtocolBuffer
0x0000000011cc7000 	/System/Library/PrivateFrameworks/Apple80211.framework/Versions/A/Apple80211
0x0000000011cc7000 	/System/Library/Frameworks/CoreWLAN.framework/Versions/A/CoreWLAN
0x0000000011cc7000 	/System/Library/PrivateFrameworks/CoreUtils.framework/Versions/A/CoreUtils
0x0000000011cc7000 	/System/Library/Frameworks/IOBluetooth.framework/Versions/A/IOBluetooth
0x0000000011cc7000 	/System/Library/PrivateFrameworks/CoreWiFi.framework/Versions/A/CoreWiFi
0x0000000011cc7000 	/System/Library/Frameworks/CoreBluetooth.framework/Versions/A/CoreBluetooth
0x0000000011cc7000 	/System/Library/Frameworks/CoreDisplay.framework/Versions/A/CoreDisplay
0x0000000011cc7000 	/System/Library/PrivateFrameworks/IOPresentment.framework/Versions/A/IOPresentment
0x0000000011cc7000 	/System/Library/PrivateFrameworks/DSExternalDisplay.framework/Versions/A/DSExternalDisplay
0x0000000011cc7000 	/System/Library/PrivateFrameworks/DebugSymbols.framework/Versions/A/DebugSymbols
0x0000000011cc7000 	/System/Library/PrivateFrameworks/CoreSymbolication.framework/Versions/A/CoreSymbolication
0x0000000011cc7000 	/System/Library/PrivateFrameworks/Symbolication.framework/Versions/A/Symbolication
0x0000000011cc7000 	/System/Library/PrivateFrameworks/AppleFSCompression.framework/Versions/A/AppleFSCompression
0x0000000011cc7000 	/System/Library/PrivateFrameworks/SpeechRecognitionCore.framework/Versions/A/SpeechRecognitionCore
0x0000000011cc7000 	/System/Library/PrivateFrameworks/ChunkingLibrary.framework/Versions/A/ChunkingLibrary
0x000000010c200000 	/Applications/Android Studio.app/Contents/jre/jdk/Contents/Home/jre/lib/server/libjvm.dylib
0x0000000011cc7000 	/usr/lib/libstdc++.6.dylib
0x000000010b8fa000 	/Applications/Android Studio.app/Contents/jre/jdk/Contents/Home/jre/lib/libverify.dylib
0x000000010b906000 	/Applications/Android Studio.app/Contents/jre/jdk/Contents/Home/jre/lib/libjava.dylib
0x000000010b944000 	/Applications/Android Studio.app/Contents/jre/jdk/Contents/Home/jre/lib/libzip.dylib
0x0000000112a4a000 	/Applications/Android Studio.app/Contents/jre/jdk/Contents/Home/jre/lib/libnet.dylib
0x0000000112a61000 	/Applications/Android Studio.app/Contents/jre/jdk/Contents/Home/jre/lib/libnio.dylib
0x0000000112a71000 	/Users/sofiane/.gradle/native/25/osx-amd64/libnative-platform.dylib
0x0000000112f1d000 	/Applications/Android Studio.app/Contents/jre/jdk/Contents/Home/jre/lib/libmanagement.dylib

VM Arguments:
jvm_args: -Xmx1536m -Dfile.encoding=UTF-8 -Duser.country=FR -Duser.language=fr -Duser.variant 
java_command: org.gradle.launcher.daemon.bootstrap.GradleDaemon 5.1.1
java_class_path (initial): /Users/sofiane/.gradle/wrapper/dists/gradle-5.1.1-all/97z1ksx6lirer3kbvdnh7jtjg/gradle-5.1.1/lib/gradle-launcher-5.1.1.jar
Launcher Type: SUN_STANDARD

Environment Variables:
JAVA_HOME=/Library/Java/JavaVirtualMachines/jdk-11.0.1.jdk/Contents/Home
PATH=/Library/Java/JavaVirtualMachines/jdk-9.0.1.jdk/Contents/Home//bin:/usr/local/bin:/usr/bin:/bin:/usr/sbin:/sbin:/tools:/platform-tools:/Library/Java/JavaVirtualMachines/jdk-11.0.1.jdk/Contents/Home/bin:
SHELL=/bin/bash

Signal Handlers:
SIGSEGV: [libjvm.dylib+0x570b99], sa_mask[0]=11111111011111110111111111111111, sa_flags=SA_ONSTACK|SA_RESTART|SA_SIGINFO
SIGBUS: [libjvm.dylib+0x570b99], sa_mask[0]=11111111011111110111111111111111, sa_flags=SA_RESTART|SA_SIGINFO
SIGFPE: [libjvm.dylib+0x461f81], sa_mask[0]=11111111011111110111111111111111, sa_flags=SA_RESTART|SA_SIGINFO
SIGPIPE: [libjvm.dylib+0x461f81], sa_mask[0]=11111111011111110111111111111111, sa_flags=SA_RESTART|SA_SIGINFO
SIGXFSZ: [libjvm.dylib+0x461f81], sa_mask[0]=11111111011111110111111111111111, sa_flags=SA_RESTART|SA_SIGINFO
SIGILL: [libjvm.dylib+0x461f81], sa_mask[0]=11111111011111110111111111111111, sa_flags=SA_RESTART|SA_SIGINFO
SIGUSR1: SIG_DFL, sa_mask[0]=00000000000000000000000000000000, sa_flags=none
SIGUSR2: [libjvm.dylib+0x462892], sa_mask[0]=00100000000000000000000000000000, sa_flags=SA_RESTART|SA_SIGINFO
SIGHUP: [libjvm.dylib+0x460a7b], sa_mask[0]=11111111011111110111111111111111, sa_flags=SA_RESTART|SA_SIGINFO
SIGINT: [libjvm.dylib+0x460a7b], sa_mask[0]=11111111011111110111111111111111, sa_flags=SA_RESTART|SA_SIGINFO
SIGTERM: [libjvm.dylib+0x460a7b], sa_mask[0]=11111111011111110111111111111111, sa_flags=SA_RESTART|SA_SIGINFO
SIGQUIT: [libjvm.dylib+0x460a7b], sa_mask[0]=11111111011111110111111111111111, sa_flags=SA_RESTART|SA_SIGINFO


---------------  S Y S T E M  ---------------

OS:Bsduname:Darwin 16.7.0 Darwin Kernel Version 16.7.0: Thu Jun 15 17:36:27 PDT 2017; root:xnu-3789.70.16~2/RELEASE_X86_64 x86_64
rlimit: STACK 8192k, CORE 0k, NPROC 709, NOFILE 10240, AS infinity
load average:14.15 7.72 4.78

CPU:total 4 (initial active 4) (2 cores per cpu, 2 threads per core) family 6 model 61 stepping 4, cmov, cx8, fxsr, mmx, sse, sse2, sse3, ssse3, sse4.1, sse4.2, popcnt, avx, avx2, aes, clmul, erms, 3dnowpref, lzcnt, ht, tsc, tscinvbit, bmi1, bmi2, adx

Memory: 4k page, physical 8388608k(1340560k free)

/proc/meminfo:


vm_info: OpenJDK 64-Bit Server VM (25.152-b01) for bsd-amd64 JRE (1.8.0_152-release-1343-b01), built by "builder" with gcc 4.2.1 Compatible Apple LLVM 9.1.0 (clang-902.0.39.2)

time: Sun Sep 15 16:34:45 2019
elapsed time: 29057 seconds (0d 8h 4m 17s)

