#
# A fatal error has been detected by the Java Runtime Environment:
#
#  SIGSEGV (0xb) at pc=0x0000000110894469, pid=4493, tid=0x0000000000002703
#
# JRE version: OpenJDK Runtime Environment (8.0_152-b01) (build 1.8.0_152-release-1343-b01)
# Java VM: OpenJDK 64-Bit Server VM (25.152-b01 mixed mode bsd-amd64 compressed oops)
# Problematic frame:
# V  [libjvm.dylib+0x494469]
#
# Failed to write core dump. Core dumps have been disabled. To enable core dumping, try "ulimit -c unlimited" before starting Java again
#
# If you would like to submit a bug report, please visit:
#   http://bugreport.java.com/bugreport/crash.jsp
#

---------------  T H R E A D  ---------------

Current thread (0x00007fd7f0018800):  GCTaskThread [stack: 0x0000700008474000,0x0000700008574000] [id=9987]

siginfo: si_signo: 11 (SIGSEGV), si_code: 0 (unknown), si_addr: 0x0000000000000000

Registers:
RAX=0x00000001138c7cf0, RBX=0x0000000110c2bdb0, RCX=0x000000011492e003, RDX=0x000000078b00d5d8
RSP=0x0000700008573c40, RBP=0x0000700008573ce0, RSI=0x00007fd7efc24650, RDI=0x00000007c0019798
R8 =0x0000000000001e88, R9 =0x0000000110c2bdb0, R10=0x0000000000000001, R11=0x0000000000001767
R12=0x0000000110c2752b, R13=0x0000000110c27529, R14=0x0000000110c27529, R15=0x00007fd7efc24650
RIP=0x0000000110894469, EFLAGS=0x0000000000010202, ERR=0x0000000000000000
  TRAPNO=0x000000000000000d

Top of Stack: (sp=0x0000700008573c40)
0x0000700008573c40:   0000000000000000 00007fd7efc24690
0x0000700008573c50:   000000078b00d5d8 00007fd7efc24658
0x0000700008573c60:   00007fd7efc1a368 00000007805aeca8
0x0000700008573c70:   00007fd7efc246d8 0000000000000004
0x0000700008573c80:   0000700008573cb0 00007fd7efc24710
0x0000700008573c90:   0000000110bef918 0000000000000078
0x0000700008573ca0:   0000700008573d88 0000000110c42060
0x0000700008573cb0:   0000700008573ce0 00007fd7efc1d470
0x0000700008573cc0:   0000700008573d88 00000001109d63d0
0x0000700008573cd0:   00007fd7efc24650 0000000000000001
0x0000700008573ce0:   0000700008573dc0 0000000110885803
0x0000700008573cf0:   0000700008573d60 00007fffe67814ce
0x0000700008573d00:   0000000000000000 0000000100000000
0x0000700008573d10:   0000000000000000 00007fd7efc1b468
0x0000700008573d20:   0000000000000000 0000000000000000
0x0000700008573d30:   00007fd700000000 00007fd7efc1b468
0x0000700008573d40:   00007fd7efc1d470 00000001109b574e
0x0000700008573d50:   00007fd7efc1b428 0000000000000001
0x0000700008573d60:   0000700008573d90 0000000110861ef3
0x0000700008573d70:   0000000110bef948 00007fd7efc18400
0x0000700008573d80:   0000700008573d88 0000000110bef918
0x0000700008573d90:   0000700008573d00 00007fd7efc24650
0x0000700008573da0:   00007fd7f0018800 00007fd7efc1d470
0x0000700008573db0:   0000000000000000 0000000000000001
0x0000700008573dc0:   0000700008573ea0 000000011065f488
0x0000700008573dd0:   00007fd7efc1a300 00007fd7f0018800
0x0000700008573de0:   00007fd7efc19bd0 00007fd7efc19c10
0x0000700008573df0:   00007fd7efc19c20 00007fd7efc19cf8
0x0000700008573e00:   00000000000000d8 00007fd7efc19e10
0x0000700008573e10:   00007fd7f0018800 00007fd7efc19bd0
0x0000700008573e20:   00007fd7efc19c10 00007fd7efc19c20
0x0000700008573e30:   00007fd7efc19cf8 00000000000000d8 

Instructions: (pc=0x0000000110894469)
0x0000000110894449:   15 48 8d 05 bf 20 38 00 8a 48 08 8b 7a 08 48 d3
0x0000000110894459:   e7 48 03 38 eb 04 48 8b 7a 08 48 8b 07 4c 89 fe
0x0000000110894469:   ff 90 20 01 00 00 41 8b 47 08 89 c1 41 2b 4f 10
0x0000000110894479:   f7 c1 ff ff 01 00 0f 85 4f ff ff ff 48 c7 45 a0 

Register to memory mapping:

RAX={method} {0x00000001138c7cf0} 'toArray' '([Ljava/lang/Object;)[Ljava/lang/Object;' in 'java/util/Collections$UnmodifiableCollection'
RBX=0x0000000110c2bdb0: _ZN2os16_processor_countE+0 in /Applications/Android Studio.app/Contents/jre/jdk/Contents/Home/jre/lib/server/libjvm.dylib at 0x0000000110400000
RCX=0x000000011492e003 is an unknown value
RDX=0x000000078b00d5d8 is an oop
