#
# A fatal error has been detected by the Java Runtime Environment:
#
#  SIGSEGV (0xb) at pc=0x000000010b699bbf, pid=8488, tid=0x0000000000002d03
#
# JRE version: OpenJDK Runtime Environment (8.0_152-b01) (build 1.8.0_152-release-1343-b01)
# Java VM: OpenJDK 64-Bit Server VM (25.152-b01 mixed mode bsd-amd64 compressed oops)
# Problematic frame:
# V  [libjvm.dylib+0x499bbf]  PSParallelCompact::IsAliveClosure::do_object_b(oopDesc*)+0x29
#
# Failed to write core dump. Core dumps have been disabled. To enable core dumping, try "ulimit -c unlimited" before starting Java again
#
# If you would like to submit a bug report, please visit:
#   http://bugreport.java.com/bugreport/crash.jsp
#

---------------  T H R E A D  ---------------

Current thread (0x00007fbb66028800):  VMThread [stack: 0x00007000045b0000,0x00007000046b0000] [id=11523]

siginfo: si_signo: 11 (SIGSEGV), si_code: 1 (SEGV_MAPERR), si_addr: 0x0000000150d61030

Registers:
RAX=0x000000010c55d000, RBX=0x00000007c054e370, RCX=0x0000000008900806, RDX=0x00000000000001a9
RSP=0x00007000046af700, RBP=0x00007000046af700, RSI=0x0000000224020180, RDI=0x000000010ba2ca70
R8 =0x0000000000000001, R9 =0x00007fbb6c046b30, R10=0x0000000000000001, R11=0x0000000000000002
R12=0x00000007c054e958, R13=0x00000007c054eb78, R14=0x000000010ba2ca70, R15=0x00007000046af710
RIP=0x000000010b699bbf, EFLAGS=0x0000000000010206, ERR=0x0000000000000004
  TRAPNO=0x000000000000000e

Top of Stack: (sp=0x00007000046af700)
0x00007000046af700:   00007000046af790 000000010b58b44e
0x00007000046af710:   000000010ba12ff8 00000000000001fe
0x00007000046af720:   ffffffffffffff00 0000000000000004
0x00007000046af730:   00000000000001aa 00000000000003fc
0x00007000046af740:   0000000000000000 00007fbb6c93b200
0x00007000046af750:   0000000000000000 000000010ba12ff8
0x00007000046af760:   00000001046af790 00007000046af7e8
0x00007000046af770:   00007000046af850 000000010ba2ca70
0x00007000046af780:   000000010ba2c9c0 00007000046af808
0x00007000046af790:   00007000046af8a0 000000010b69c258
0x00007000046af7a0:   000000010b7d7d8c 000000010b690100
0x00007000046af7b0:   000000010ba2c978 00000cf1b2327396
0x00007000046af7c0:   000000010b9f1580 00007fbb00000004
0x00007000046af7d0:   00007fbb6560ea10 0000000000000004
0x00007000046af7e0:   00007000046af7f0 000000000000024c
0x00007000046af7f0:   0000000000001fd2 0000000000000992
0x00007000046af800:   000000000000001f 000000010b7aa96b
0x00007000046af810:   00007fbb65800100 000000010ba2c978
0x00007000046af820:   00000cf1bb95cfc0 000000010b9ef918
0x00007000046af830:   0000000117569400 00007fbb6560ef50
0x00007000046af840:   000000010b9ef900 00007fbb6560ef50
0x00007000046af850:   000000000000024c 0000000000001fd2
0x00007000046af860:   0000000000000992 000000000000001f
0x00007000046af870:   00007000046af880 0000000000000000
0x00007000046af880:   00007fbb65408a60 00007fbb6560e590
0x00007000046af890:   0000000000000000 00007000046af990
0x00007000046af8a0:   00007000046afb00 000000010b69b7f1
0x00007000046af8b0:   000000cdffff0100 0000000000000000
0x00007000046af8c0:   0000000000000000 0000000000000000
0x00007000046af8d0:   00007fbb655008d0 00000cf1b1e1ef00
0x00007000046af8e0:   00007000046afa48 00007fbb65400100
0x00007000046af8f0:   0000000000000000 0000000000000000 

Instructions: (pc=0x000000010b699bbf)
0x000000010b699b9f:   39 00 48 c1 ee 03 48 8d 05 3c 95 36 00 8a 08 48
0x000000010b699baf:   d3 ee 48 8b 05 70 2d 39 00 48 89 f1 48 c1 e9 06
0x000000010b699bbf:   48 8b 04 c8 48 0f a3 f0 0f 92 c0 5d c3 55 48 89
0x000000010b699bcf:   e5 48 8b 7f 10 5d e9 f8 41 e0 ff 55 48 89 e5 48 

Register to memory mapping:

RAX=0x000000010c55d000 is an unknown value
RBX=0x00000007c054e370 is pointing into metadata
RCX=0x0000000008900806 is an unknown value
RDX=0x00000000000001a9 is an unknown value
RSP=0x00007000046af700 is an unknown value
RBP=0x00007000046af700 is an unknown value
RSI=0x0000000224020180 is an unknown value
RDI=0x000000010ba2ca70: _ZN17PSParallelCompact17_is_alive_closureE+0 in /Applications/Android Studio.app/Contents/jre/jdk/Contents/Home/jre/lib/server/libjvm.dylib at 0x000000010b200000
R8 =0x0000000000000001 is an unknown value
R9 =0x00007fbb6c046b30 is an unknown value
R10=0x0000000000000001 is an unknown value
R11=0x0000000000000002 is an unknown value
R12=0x00000007c054e958 is pointing into metadata
R13=0x00000007c054eb78 is pointing into metadata
R14=0x000000010ba2ca70: _ZN17PSParallelCompact17_is_alive_closureE+0 in /Applications/Android Studio.app/Contents/jre/jdk/Contents/Home/jre/lib/server/libjvm.dylib at 0x000000010b200000
R15=0x00007000046af710 is an unknown value


Stack: [0x00007000045b0000,0x00007000046b0000],  sp=0x00007000046af700,  free space=1021k
Native frames: (J=compiled Java code, j=interpreted, Vv=VM code, C=native code)
V  [libjvm.dylib+0x499bbf]  PSParallelCompact::IsAliveClosure::do_object_b(oopDesc*)+0x29
V  [libjvm.dylib+0x38b44e]  Klass::clean_weak_klass_links(BoolObjectClosure*, bool)+0x13a
V  [libjvm.dylib+0x49c258]  PSParallelCompact::marking_phase(ParCompactionManager*, bool, ParallelOldTracer*)+0x4d4
V  [libjvm.dylib+0x49b7f1]  PSParallelCompact::invoke_no_policy(bool)+0x3e9
V  [libjvm.dylib+0x4a01e5]  PSScavenge::invoke()+0xc7
V  [libjvm.dylib+0x47487a]  ParallelScavengeHeap::failed_mem_allocate(unsigned long)+0x28
V  [libjvm.dylib+0x57159f]  VM_ParallelGCFailedAllocation::doit()+0x4b
V  [libjvm.dylib+0x581064]  VM_Operation::evaluate()+0x46
V  [libjvm.dylib+0x580a00]  VMThread::evaluate_operation(VM_Operation*)+0x146
V  [libjvm.dylib+0x58045e]  VMThread::loop()+0xc0
V  [libjvm.dylib+0x580293]  VMThread::run()+0x73
V  [libjvm.dylib+0x45fb8d]  java_start(Thread*)+0xfa
C  [libsystem_pthread.dylib+0x393b]  _pthread_body+0xb4
C  [libsystem_pthread.dylib+0x3887]  _pthread_body+0x0
C  [libsystem_pthread.dylib+0x308d]  thread_start+0xd

VM_Operation (0x0000700006708080): ParallelGCFailedAllocation, mode: safepoint, requested by thread 0x00007fbb6c9b8800


---------------  P R O C E S S  ---------------

Java Threads: ( => current thread )
  0x00007fbb6ac1c000 JavaThread "Cache worker for Java compile cache (/Users/sofiane/AndroidStudioProjects/MyNews/.gradle/5.1.1/javaCompile)" [_thread_blocked, id=139043, stack(0x0000700006b1f000,0x0000700006c1f000)]
  0x00007fbb6ac84800 JavaThread "Cache worker for execution history cache (/Users/sofiane/AndroidStudioProjects/MyNews/.gradle/5.1.1/executionHistory)" [_thread_blocked, id=107615, stack(0x0000700006919000,0x0000700006a19000)]
  0x00007fbb6a17a000 JavaThread "Execution worker for ':' Thread 3" [_thread_blocked, id=131627, stack(0x0000700006816000,0x0000700006916000)]
  0x00007fbb6c9b9000 JavaThread "Execution worker for ':' Thread 2" [_thread_blocked, id=112479, stack(0x0000700006713000,0x0000700006813000)]
  0x00007fbb6c9b8800 JavaThread "Execution worker for ':'" [_thread_blocked, id=109407, stack(0x0000700006610000,0x0000700006710000)]
  0x00007fbb67700800 JavaThread "Cache worker for file content cache (/Users/sofiane/AndroidStudioProjects/MyNews/.gradle/5.1.1/fileContent)" [_thread_blocked, id=150795, stack(0x000070000650d000,0x000070000660d000)]
  0x00007fbb6d52c000 JavaThread "Cache worker for Build Output Cleanup Cache (/Users/sofiane/AndroidStudioProjects/MyNews/.gradle/buildOutputCleanup)" [_thread_blocked, id=150539, stack(0x0000700006204000,0x0000700006304000)]
  0x00007fbb6d400800 JavaThread "Build operations Thread 4" [_thread_blocked, id=20667, stack(0x0000700006101000,0x0000700006201000)]
  0x00007fbb676d8800 JavaThread "Build operations Thread 3" [_thread_blocked, id=141347, stack(0x0000700005ffe000,0x00007000060fe000)]
  0x00007fbb690a8000 JavaThread "Build operations Thread 2" [_thread_blocked, id=108135, stack(0x0000700005efb000,0x0000700005ffb000)]
  0x00007fbb677e3800 JavaThread "Build operations" [_thread_blocked, id=143135, stack(0x0000700005df8000,0x0000700005ef8000)]
  0x00007fbb66b7f000 JavaThread "Cache worker for cache directory md-rule (/Users/sofiane/.gradle/caches/5.1.1/md-rule)" [_thread_blocked, id=143391, stack(0x0000700005bf2000,0x0000700005cf2000)]
  0x00007fbb676af800 JavaThread "Cache worker for cache directory md-supplier (/Users/sofiane/.gradle/caches/5.1.1/md-supplier)" [_thread_blocked, id=142359, stack(0x0000700005aef000,0x0000700005bef000)]
  0x00007fbb67669800 JavaThread "Cache worker for file hash cache (/Users/sofiane/AndroidStudioProjects/MyNews/.gradle/5.1.1/fileHashes)" [_thread_blocked, id=145427, stack(0x00007000056e3000,0x00007000057e3000)]
  0x00007fbb66785800 JavaThread "Thread-1206" [_thread_blocked, id=144923, stack(0x00007000055e0000,0x00007000056e0000)]
  0x00007fbb6cca9000 JavaThread "Stdin handler" [_thread_blocked, id=145939, stack(0x00007000054dd000,0x00007000055dd000)]
  0x00007fbb6cdd4000 JavaThread "Asynchronous log dispatcher for DefaultDaemonConnection: socket connection from /127.0.0.1:51444 to /127.0.0.1:64307" [_thread_blocked, id=150023, stack(0x00007000053da000,0x00007000054da000)]
  0x00007fbb66166000 JavaThread "Daemon worker Thread 47" [_thread_blocked, id=148747, stack(0x00007000052d7000,0x00007000053d7000)]
  0x00007fbb6620d000 JavaThread "Cancel handler" [_thread_blocked, id=149515, stack(0x00007000051d4000,0x00007000052d4000)]
  0x00007fbb6cec7800 JavaThread "Handler for socket connection from /127.0.0.1:51444 to /127.0.0.1:64307" [_thread_in_native, id=147471, stack(0x00007000050d1000,0x00007000051d1000)]
  0x00007fbb68b58800 JavaThread "Daemon Thread 47" [_thread_blocked, id=139295, stack(0x0000700003f9b000,0x000070000409b000)]
  0x00007fbb68dcc000 JavaThread "RxComputationThreadPool-4" daemon [_thread_blocked, id=148487, stack(0x0000700014ec2000,0x0000700014fc2000)]
  0x00007fbb67707000 JavaThread "RxComputationThreadPool-3" daemon [_thread_blocked, id=135975, stack(0x0000700014dbf000,0x0000700014ebf000)]
  0x00007fbb6ac9f800 JavaThread "RxComputationThreadPool-2" daemon [_thread_blocked, id=135463, stack(0x0000700014cbc000,0x0000700014dbc000)]
  0x00007fbb6b5c3000 JavaThread "RxComputationThreadPool-1" daemon [_thread_blocked, id=141855, stack(0x0000700014bb9000,0x0000700014cb9000)]
  0x00007fbb6b732000 JavaThread "RxCachedWorkerPoolEvictor-1" daemon [_thread_blocked, id=131879, stack(0x0000700014ab6000,0x0000700014bb6000)]
  0x00007fbb67701800 JavaThread "RxComputationThreadPool-4" daemon [_thread_blocked, id=134935, stack(0x00007000149b3000,0x0000700014ab3000)]
  0x00007fbb676f9000 JavaThread "RxComputationThreadPool-3" daemon [_thread_blocked, id=131099, stack(0x00007000148b0000,0x00007000149b0000)]
  0x00007fbb6cf0d000 JavaThread "RxComputationThreadPool-2" daemon [_thread_blocked, id=134679, stack(0x00007000147ad000,0x00007000148ad000)]
  0x00007fbb676ba800 JavaThread "RxComputationThreadPool-1" daemon [_thread_blocked, id=146955, stack(0x00007000146aa000,0x00007000147aa000)]
  0x00007fbb6d5ee000 JavaThread "RxCachedWorkerPoolEvictor-1" daemon [_thread_blocked, id=135191, stack(0x00007000145a7000,0x00007000146a7000)]
  0x00007fbb6a281800 JavaThread "RxComputationThreadPool-4" daemon [_thread_blocked, id=136471, stack(0x00007000144a4000,0x00007000145a4000)]
  0x00007fbb677bb000 JavaThread "RxComputationThreadPool-3" daemon [_thread_blocked, id=129055, stack(0x00007000143a1000,0x00007000144a1000)]
  0x00007fbb6c817800 JavaThread "RxComputationThreadPool-2" daemon [_thread_blocked, id=123167, stack(0x000070001429e000,0x000070001439e000)]
  0x00007fbb693b7000 JavaThread "RxComputationThreadPool-1" daemon [_thread_blocked, id=132123, stack(0x000070001419b000,0x000070001429b000)]
  0x00007fbb6ac1f800 JavaThread "RxCachedWorkerPoolEvictor-1" daemon [_thread_blocked, id=134163, stack(0x000070000bd12000,0x000070000be12000)]
  0x00007fbb6d6a0800 JavaThread "RxComputationThreadPool-4" daemon [_thread_blocked, id=140807, stack(0x0000700014098000,0x0000700014198000)]
  0x00007fbb694d6800 JavaThread "RxComputationThreadPool-3" daemon [_thread_blocked, id=129559, stack(0x0000700013f95000,0x0000700014095000)]
  0x00007fbb68a55800 JavaThread "RxComputationThreadPool-2" daemon [_thread_blocked, id=120615, stack(0x0000700013e92000,0x0000700013f92000)]
  0x00007fbb66a56000 JavaThread "RxComputationThreadPool-1" daemon [_thread_blocked, id=119847, stack(0x0000700013d8f000,0x0000700013e8f000)]
  0x00007fbb6a9a5000 JavaThread "RxCachedWorkerPoolEvictor-1" daemon [_thread_blocked, id=129311, stack(0x0000700013c8c000,0x0000700013d8c000)]
  0x00007fbb6ccaa800 JavaThread "RxComputationThreadPool-4" daemon [_thread_blocked, id=138243, stack(0x0000700013b89000,0x0000700013c89000)]
  0x00007fbb6ac27800 JavaThread "RxComputationThreadPool-3" daemon [_thread_blocked, id=137731, stack(0x0000700013a86000,0x0000700013b86000)]
  0x00007fbb6ac81800 JavaThread "RxComputationThreadPool-2" daemon [_thread_blocked, id=122147, stack(0x0000700013983000,0x0000700013a83000)]
  0x00007fbb66b9a800 JavaThread "RxComputationThreadPool-1" daemon [_thread_blocked, id=126235, stack(0x0000700013880000,0x0000700013980000)]
  0x00007fbb676d1000 JavaThread "RxCachedWorkerPoolEvictor-1" daemon [_thread_blocked, id=124959, stack(0x000070001377d000,0x000070001387d000)]
  0x00007fbb688cb000 JavaThread "RxComputationThreadPool-4" daemon [_thread_blocked, id=135687, stack(0x000070001367a000,0x000070001377a000)]
  0x00007fbb6a3ff000 JavaThread "RxComputationThreadPool-3" daemon [_thread_blocked, id=127511, stack(0x0000700013577000,0x0000700013677000)]
  0x00007fbb6a3fe000 JavaThread "RxComputationThreadPool-2" daemon [_thread_blocked, id=121119, stack(0x0000700013474000,0x0000700013574000)]
  0x00007fbb68db3800 JavaThread "RxComputationThreadPool-1" daemon [_thread_blocked, id=128023, stack(0x0000700013371000,0x0000700013471000)]
  0x00007fbb690e4000 JavaThread "RxCachedWorkerPoolEvictor-1" daemon [_thread_blocked, id=124443, stack(0x000070001326e000,0x000070001336e000)]
  0x00007fbb671c0000 JavaThread "RxComputationThreadPool-4" daemon [_thread_blocked, id=133123, stack(0x000070001316b000,0x000070001326b000)]
  0x00007fbb695f3800 JavaThread "RxComputationThreadPool-3" daemon [_thread_blocked, id=132611, stack(0x0000700013068000,0x0000700013168000)]
  0x00007fbb6cd1f000 JavaThread "RxComputationThreadPool-2" daemon [_thread_blocked, id=113459, stack(0x0000700012f65000,0x0000700013065000)]
  0x00007fbb6694b000 JavaThread "RxComputationThreadPool-1" daemon [_thread_blocked, id=119579, stack(0x0000700012e62000,0x0000700012f62000)]
  0x00007fbb6cf5f000 JavaThread "RxCachedWorkerPoolEvictor-1" daemon [_thread_blocked, id=118559, stack(0x0000700012d5f000,0x0000700012e5f000)]
  0x00007fbb6cd8a000 JavaThread "RxComputationThreadPool-4" daemon [_thread_blocked, id=130563, stack(0x0000700012c5c000,0x0000700012d5c000)]
  0x00007fbb6a85f000 JavaThread "RxComputationThreadPool-3" daemon [_thread_blocked, id=130051, stack(0x0000700012b59000,0x0000700012c59000)]
  0x00007fbb6ccaf800 JavaThread "RxComputationThreadPool-2" daemon [_thread_blocked, id=119071, stack(0x0000700012a56000,0x0000700012b56000)]
  0x00007fbb67257000 JavaThread "RxComputationThreadPool-1" daemon [_thread_blocked, id=118815, stack(0x0000700012953000,0x0000700012a53000)]
  0x00007fbb67225000 JavaThread "RxCachedWorkerPoolEvictor-1" daemon [_thread_blocked, id=116519, stack(0x0000700012850000,0x0000700012950000)]
  0x00007fbb6af85800 JavaThread "RxComputationThreadPool-4" daemon [_thread_blocked, id=128519, stack(0x000070001274d000,0x000070001284d000)]
  0x00007fbb6af85000 JavaThread "RxComputationThreadPool-3" daemon [_thread_blocked, id=107815, stack(0x000070001264a000,0x000070001274a000)]
  0x00007fbb6cf9a800 JavaThread "RxComputationThreadPool-2" daemon [_thread_blocked, id=108327, stack(0x0000700012547000,0x0000700012647000)]
  0x00007fbb6cddb800 JavaThread "RxComputationThreadPool-1" daemon [_thread_blocked, id=116763, stack(0x0000700012444000,0x0000700012544000)]
  0x00007fbb675f2000 JavaThread "RxCachedWorkerPoolEvictor-1" daemon [_thread_blocked, id=126483, stack(0x0000700012341000,0x0000700012441000)]
  0x00007fbb6b34c800 JavaThread "RxComputationThreadPool-4" daemon [_thread_blocked, id=125959, stack(0x000070001223e000,0x000070001233e000)]
  0x00007fbb6d3bc800 JavaThread "RxComputationThreadPool-3" daemon [_thread_blocked, id=97091, stack(0x000070001213b000,0x000070001223b000)]
  0x00007fbb6cf60800 JavaThread "RxComputationThreadPool-2" daemon [_thread_blocked, id=114207, stack(0x0000700012038000,0x0000700012138000)]
  0x00007fbb6aef4800 JavaThread "RxComputationThreadPool-1" daemon [_thread_blocked, id=113187, stack(0x0000700011f35000,0x0000700012035000)]
  0x00007fbb6c93e000 JavaThread "RxCachedWorkerPoolEvictor-1" daemon [_thread_blocked, id=123923, stack(0x0000700011e32000,0x0000700011f32000)]
  0x00007fbb6b34e800 JavaThread "RxComputationThreadPool-4" daemon [_thread_blocked, id=123399, stack(0x0000700011d2f000,0x0000700011e2f000)]
  0x00007fbb66e70000 JavaThread "RxComputationThreadPool-3" daemon [_thread_blocked, id=76139, stack(0x0000700011c2c000,0x0000700011d2c000)]
  0x00007fbb68d80800 JavaThread "RxComputationThreadPool-2" daemon [_thread_blocked, id=111651, stack(0x0000700011b29000,0x0000700011c29000)]
  0x00007fbb66e30800 JavaThread "RxComputationThreadPool-1" daemon [_thread_blocked, id=96311, stack(0x0000700011a26000,0x0000700011b26000)]
  0x00007fbb67749000 JavaThread "RxCachedWorkerPoolEvictor-1" daemon [_thread_blocked, id=110891, stack(0x0000700011923000,0x0000700011a23000)]
  0x00007fbb6a453000 JavaThread "RxComputationThreadPool-4" daemon [_thread_blocked, id=120839, stack(0x0000700011820000,0x0000700011920000)]
  0x00007fbb6a451000 JavaThread "RxComputationThreadPool-3" daemon [_thread_blocked, id=115739, stack(0x000070001171d000,0x000070001181d000)]
  0x00007fbb6d1d9800 JavaThread "RxComputationThreadPool-2" daemon [_thread_blocked, id=121355, stack(0x000070001161a000,0x000070001171a000)]
  0x00007fbb676b1000 JavaThread "RxComputationThreadPool-1" daemon [_thread_blocked, id=104751, stack(0x0000700011517000,0x0000700011617000)]
  0x00007fbb6c9f9800 JavaThread "RxCachedWorkerPoolEvictor-1" daemon [_thread_blocked, id=110627, stack(0x0000700011414000,0x0000700011514000)]
  0x00007fbb6a858800 JavaThread "RxComputationThreadPool-4" daemon [_thread_blocked, id=118279, stack(0x0000700011311000,0x0000700011411000)]
  0x00007fbb6ceb4000 JavaThread "RxComputationThreadPool-3" daemon [_thread_blocked, id=101415, stack(0x000070001120e000,0x000070001130e000)]
  0x00007fbb6a405000 JavaThread "RxComputationThreadPool-2" daemon [_thread_blocked, id=105511, stack(0x000070001110b000,0x000070001120b000)]
  0x00007fbb6d24a000 JavaThread "RxComputationThreadPool-1" daemon [_thread_blocked, id=104995, stack(0x0000700011008000,0x0000700011108000)]
  0x00007fbb6cd84000 JavaThread "RxCachedWorkerPoolEvictor-1" daemon [_thread_blocked, id=98099, stack(0x0000700010f05000,0x0000700011005000)]
  0x00007fbb6ceb5000 JavaThread "RxComputationThreadPool-4" daemon [_thread_blocked, id=115975, stack(0x0000700010e02000,0x0000700010f02000)]
  0x00007fbb6cedd000 JavaThread "RxComputationThreadPool-3" daemon [_thread_blocked, id=102183, stack(0x0000700010cff000,0x0000700010dff000)]
  0x00007fbb662b7000 JavaThread "RxComputationThreadPool-2" daemon [_thread_blocked, id=98851, stack(0x0000700010bfc000,0x0000700010cfc000)]
  0x00007fbb6b28a000 JavaThread "RxComputationThreadPool-1" daemon [_thread_blocked, id=106519, stack(0x0000700010af9000,0x0000700010bf9000)]
  0x00007fbb67707800 JavaThread "RxCachedWorkerPoolEvictor-1" daemon [_thread_blocked, id=101667, stack(0x00007000109f6000,0x0000700010af6000)]
  0x00007fbb6c9ac800 JavaThread "RxComputationThreadPool-4" daemon [_thread_blocked, id=112647, stack(0x00007000108f3000,0x00007000109f3000)]
  0x00007fbb6cdda000 JavaThread "RxComputationThreadPool-3" daemon [_thread_blocked, id=100387, stack(0x00007000107f0000,0x00007000108f0000)]
  0x00007fbb6ae37800 JavaThread "RxComputationThreadPool-2" daemon [_thread_blocked, id=99359, stack(0x00007000106ed000,0x00007000107ed000)]
  0x00007fbb66746000 JavaThread "RxComputationThreadPool-1" daemon [_thread_blocked, id=94759, stack(0x00007000105ea000,0x00007000106ea000)]
  0x00007fbb6d4e4000 JavaThread "RxCachedWorkerPoolEvictor-1" daemon [_thread_blocked, id=102427, stack(0x00007000104e7000,0x00007000105e7000)]
  0x00007fbb6b7ec800 JavaThread "RxComputationThreadPool-4" daemon [_thread_blocked, id=109575, stack(0x00007000103e4000,0x00007000104e4000)]
  0x00007fbb6717e000 JavaThread "RxComputationThreadPool-3" daemon [_thread_blocked, id=87347, stack(0x00007000102e1000,0x00007000103e1000)]
  0x00007fbb6d702000 JavaThread "RxComputationThreadPool-2" daemon [_thread_blocked, id=87859, stack(0x00007000101de000,0x00007000102de000)]
  0x00007fbb6d65d000 JavaThread "RxComputationThreadPool-1" daemon [_thread_blocked, id=89647, stack(0x00007000100db000,0x00007000101db000)]
  0x00007fbb6b64d000 JavaThread "RxCachedWorkerPoolEvictor-1" daemon [_thread_blocked, id=111115, stack(0x000070000ffd8000,0x00007000100d8000)]
  0x00007fbb66946000 JavaThread "RxComputationThreadPool-4" daemon [_thread_blocked, id=108551, stack(0x000070000fed5000,0x000070000ffd5000)]
  0x00007fbb6d4a0000 JavaThread "RxComputationThreadPool-3" daemon [_thread_blocked, id=92195, stack(0x000070000fdd2000,0x000070000fed2000)]
  0x00007fbb6cd0e800 JavaThread "RxComputationThreadPool-2" daemon [_thread_blocked, id=88115, stack(0x000070000fccf000,0x000070000fdcf000)]
  0x00007fbb6d7cd000 JavaThread "RxComputationThreadPool-1" daemon [_thread_blocked, id=103447, stack(0x000070000fbcc000,0x000070000fccc000)]
  0x00007fbb6cd22800 JavaThread "RxCachedWorkerPoolEvictor-1" daemon [_thread_blocked, id=96031, stack(0x000070000fac9000,0x000070000fbc9000)]
  0x00007fbb6a799000 JavaThread "RxComputationThreadPool-4" daemon [_thread_blocked, id=104455, stack(0x000070000f9c6000,0x000070000fac6000)]
  0x00007fbb6a6d4000 JavaThread "RxComputationThreadPool-3" daemon [_thread_blocked, id=88359, stack(0x000070000f8c3000,0x000070000f9c3000)]
  0x00007fbb6721e000 JavaThread "RxComputationThreadPool-2" daemon [_thread_blocked, id=85295, stack(0x000070000f7c0000,0x000070000f8c0000)]
  0x00007fbb676af000 JavaThread "RxComputationThreadPool-1" daemon [_thread_blocked, id=71755, stack(0x000070000f6bd000,0x000070000f7bd000)]
  0x00007fbb6d5ee800 JavaThread "RxCachedWorkerPoolEvictor-1" daemon [_thread_blocked, id=97303, stack(0x000070000f5ba000,0x000070000f6ba000)]
  0x00007fbb6d64a000 JavaThread "RxComputationThreadPool-4" daemon [_thread_blocked, id=102919, stack(0x000070000f4b7000,0x000070000f5b7000)]
  0x00007fbb6d503800 JavaThread "RxComputationThreadPool-3" daemon [_thread_blocked, id=78387, stack(0x000070000f3b4000,0x000070000f4b4000)]
  0x00007fbb6a585000 JavaThread "RxComputationThreadPool-2" daemon [_thread_blocked, id=92439, stack(0x000070000f2b1000,0x000070000f3b1000)]
  0x00007fbb6a7ea000 JavaThread "RxComputationThreadPool-1" daemon [_thread_blocked, id=89891, stack(0x000070000f1ae000,0x000070000f2ae000)]
  0x00007fbb6d170000 JavaThread "RxCachedWorkerPoolEvictor-1" daemon [_thread_blocked, id=99595, stack(0x000070000f0ab000,0x000070000f1ab000)]
  0x00007fbb6a447800 JavaThread "RxComputationThreadPool-4" daemon [_thread_blocked, id=100871, stack(0x000070000efa8000,0x000070000f0a8000)]
  0x00007fbb6a58e800 JavaThread "RxComputationThreadPool-3" daemon [_thread_blocked, id=88607, stack(0x000070000eea5000,0x000070000efa5000)]
  0x00007fbb6d6d6000 JavaThread "RxComputationThreadPool-2" daemon [_thread_blocked, id=81959, stack(0x000070000eda2000,0x000070000eea2000)]
  0x00007fbb6d53e800 JavaThread "RxComputationThreadPool-1" daemon [_thread_blocked, id=86047, stack(0x000070000ec9f000,0x000070000ed9f000)]
  0x00007fbb6cc6d000 JavaThread "RxCachedWorkerPoolEvictor-1" daemon [_thread_blocked, id=91159, stack(0x000070000eb9c000,0x000070000ec9c000)]
  0x00007fbb6b7ed800 JavaThread "RxComputationThreadPool-4" daemon [_thread_blocked, id=96775, stack(0x000070000ea99000,0x000070000eb99000)]
  0x00007fbb6d660800 JavaThread "RxComputationThreadPool-3" daemon [_thread_blocked, id=77619, stack(0x000070000e996000,0x000070000ea96000)]
  0x00007fbb6d6a4800 JavaThread "RxComputationThreadPool-2" daemon [_thread_blocked, id=80935, stack(0x000070000e893000,0x000070000e993000)]
  0x00007fbb6a05e000 JavaThread "RxComputationThreadPool-1" daemon [_thread_blocked, id=71235, stack(0x000070000e790000,0x000070000e890000)]
  0x00007fbb6ac8d800 JavaThread "RxCachedWorkerPoolEvictor-1" daemon [_thread_blocked, id=94223, stack(0x000070000e68d000,0x000070000e78d000)]
  0x00007fbb66099000 JavaThread "RxComputationThreadPool-4" daemon [_thread_blocked, id=95751, stack(0x000070000e58a000,0x000070000e68a000)]
  0x00007fbb68d0f000 JavaThread "RxComputationThreadPool-3" daemon [_thread_blocked, id=83743, stack(0x000070000e487000,0x000070000e587000)]
  0x00007fbb6ab59000 JavaThread "RxComputationThreadPool-2" daemon [_thread_blocked, id=80679, stack(0x000070000e384000,0x000070000e484000)]
  0x00007fbb6d3d8800 JavaThread "RxComputationThreadPool-1" daemon [_thread_blocked, id=77351, stack(0x000070000e281000,0x000070000e381000)]
  0x00007fbb6d50d000 JavaThread "RxCachedWorkerPoolEvictor-1" daemon [_thread_blocked, id=83995, stack(0x000070000e17e000,0x000070000e27e000)]
  0x00007fbb6a929000 JavaThread "RxComputationThreadPool-4" daemon [_thread_blocked, id=93191, stack(0x000070000e07b000,0x000070000e17b000)]
  0x00007fbb6cf97000 JavaThread "RxComputationThreadPool-3" daemon [_thread_blocked, id=49759, stack(0x000070000df78000,0x000070000e078000)]
  0x00007fbb6ae51000 JavaThread "RxComputationThreadPool-2" daemon [_thread_blocked, id=70707, stack(0x000070000de75000,0x000070000df75000)]
  0x00007fbb6a8d4800 JavaThread "RxComputationThreadPool-1" daemon [_thread_blocked, id=89103, stack(0x000070000dd72000,0x000070000de72000)]
  0x00007fbb6d542000 JavaThread "RxCachedWorkerPoolEvictor-1" daemon [_thread_blocked, id=91659, stack(0x000070000dc6f000,0x000070000dd6f000)]
  0x00007fbb695d3000 JavaThread "RxComputationThreadPool-4" daemon [_thread_blocked, id=90631, stack(0x000070000db6c000,0x000070000dc6c000)]
  0x00007fbb67154000 JavaThread "RxComputationThreadPool-3" daemon [_thread_blocked, id=68911, stack(0x000070000da69000,0x000070000db69000)]
  0x00007fbb694e0000 JavaThread "RxComputationThreadPool-2" daemon [_thread_blocked, id=70447, stack(0x000070000d966000,0x000070000da66000)]
  0x00007fbb69286000 JavaThread "RxComputationThreadPool-1" daemon [_thread_blocked, id=74023, stack(0x000070000d863000,0x000070000d963000)]
  0x00007fbb6967b800 JavaThread "RxCachedWorkerPoolEvictor-1" daemon [_thread_blocked, id=79387, stack(0x000070000d760000,0x000070000d860000)]
  0x00007fbb6cd47800 JavaThread "RxComputationThreadPool-4" daemon [_thread_blocked, id=87559, stack(0x000070000d65d000,0x000070000d75d000)]
  0x00007fbb661a1800 JavaThread "RxComputationThreadPool-3" daemon [_thread_blocked, id=68139, stack(0x000070000d55a000,0x000070000d65a000)]
  0x00007fbb6d543000 JavaThread "RxComputationThreadPool-2" daemon [_thread_blocked, id=52811, stack(0x000070000d457000,0x000070000d557000)]
  0x00007fbb6d5f2800 JavaThread "RxComputationThreadPool-1" daemon [_thread_blocked, id=67631, stack(0x000070000d354000,0x000070000d454000)]
  0x00007fbb6d4a3800 JavaThread "RxCachedWorkerPoolEvictor-1" daemon [_thread_blocked, id=86539, stack(0x000070000d251000,0x000070000d351000)]
  0x00007fbb6ca1a800 JavaThread "RxComputationThreadPool-4" daemon [_thread_blocked, id=85767, stack(0x000070000d14e000,0x000070000d24e000)]
  0x00007fbb6750e800 JavaThread "RxComputationThreadPool-3" daemon [_thread_blocked, id=71975, stack(0x000070000d04b000,0x000070000d14b000)]
  0x00007fbb6b499800 JavaThread "RxComputationThreadPool-2" daemon [_thread_blocked, id=65835, stack(0x000070000cf48000,0x000070000d048000)]
  0x00007fbb6ce93800 JavaThread "RxComputationThreadPool-1" daemon [_thread_blocked, id=71463, stack(0x000070000ce45000,0x000070000cf45000)]
  0x00007fbb6ac7b000 JavaThread "RxCachedWorkerPoolEvictor-1" daemon [_thread_blocked, id=82963, stack(0x000070000cd42000,0x000070000ce42000)]
  0x00007fbb6cb35000 JavaThread "RxComputationThreadPool-4" daemon [_thread_blocked, id=83207, stack(0x000070000cc3f000,0x000070000cd3f000)]
  0x00007fbb6ad06800 JavaThread "RxComputationThreadPool-3" daemon [_thread_blocked, id=79887, stack(0x000070000cb3c000,0x000070000cc3c000)]
  0x00007fbb6b33a000 JavaThread "RxComputationThreadPool-2" daemon [_thread_blocked, id=68387, stack(0x000070000ca39000,0x000070000cb39000)]
  0x00007fbb6d703000 JavaThread "RxComputationThreadPool-1" daemon [_thread_blocked, id=65575, stack(0x000070000c936000,0x000070000ca36000)]
  0x00007fbb6b339000 JavaThread "RxCachedWorkerPoolEvictor-1" daemon [_thread_blocked, id=21359, stack(0x000070000c833000,0x000070000c933000)]
  0x00007fbb6ad68800 JavaThread "RxComputationThreadPool-4" daemon [_thread_blocked, id=78855, stack(0x000070000c730000,0x000070000c830000)]
  0x00007fbb6aec0000 JavaThread "RxComputationThreadPool-3" daemon [_thread_blocked, id=65059, stack(0x000070000c62d000,0x000070000c72d000)]
  0x00007fbb692a9000 JavaThread "RxComputationThreadPool-2" daemon [_thread_blocked, id=37219, stack(0x000070000c52a000,0x000070000c62a000)]
  0x00007fbb693b9800 JavaThread "RxComputationThreadPool-1" daemon [_thread_blocked, id=64035, stack(0x000070000c427000,0x000070000c527000)]
  0x00007fbb6af72800 JavaThread "RxCachedWorkerPoolEvictor-1" daemon [_thread_blocked, id=76819, stack(0x000070000c324000,0x000070000c424000)]
  0x00007fbb6b0d1800 JavaThread "RxComputationThreadPool-4" daemon [_thread_blocked, id=76295, stack(0x000070000c221000,0x000070000c321000)]
  0x00007fbb6d262000 JavaThread "RxComputationThreadPool-3" daemon [_thread_blocked, id=63515, stack(0x000070000c11e000,0x000070000c21e000)]
  0x00007fbb6c92c000 JavaThread "RxComputationThreadPool-2" daemon [_thread_blocked, id=61471, stack(0x000070000c01b000,0x000070000c11b000)]
  0x00007fbb6b578000 JavaThread "RxComputationThreadPool-1" daemon [_thread_blocked, id=74255, stack(0x000070000bf18000,0x000070000c018000)]
  0x00007fbb689ac000 JavaThread "RxCachedWorkerPoolEvictor-1" daemon [_thread_blocked, id=67863, stack(0x000070000be15000,0x000070000bf15000)]
  0x00007fbb6aec1000 JavaThread "RxComputationThreadPool-4" daemon [_thread_blocked, id=75271, stack(0x000070000bc0f000,0x000070000bd0f000)]
  0x00007fbb6af73000 JavaThread "RxComputationThreadPool-3" daemon [_thread_blocked, id=60963, stack(0x000070000bb0c000,0x000070000bc0c000)]
  0x00007fbb6b732800 JavaThread "RxComputationThreadPool-2" daemon [_thread_blocked, id=5399, stack(0x000070000ba09000,0x000070000bb09000)]
  0x00007fbb6974a000 JavaThread "RxComputationThreadPool-1" daemon [_thread_blocked, id=51251, stack(0x000070000b906000,0x000070000ba06000)]
  0x00007fbb6b085800 JavaThread "RxCachedWorkerPoolEvictor-1" daemon [_thread_blocked, id=72211, stack(0x000070000b803000,0x000070000b903000)]
  0x00007fbb6c940800 JavaThread "RxComputationThreadPool-4" daemon [_thread_blocked, id=72455, stack(0x000070000b700000,0x000070000b800000)]
  0x00007fbb6cd85800 JavaThread "RxComputationThreadPool-3" daemon [_thread_blocked, id=39247, stack(0x000070000b5fd000,0x000070000b6fd000)]
  0x00007fbb6a161800 JavaThread "RxComputationThreadPool-2" daemon [_thread_blocked, id=61207, stack(0x000070000b4fa000,0x000070000b5fa000)]
  0x00007fbb675e0000 JavaThread "RxComputationThreadPool-1" daemon [_thread_blocked, id=61735, stack(0x000070000b3f7000,0x000070000b4f7000)]
  0x00007fbb67512000 JavaThread "RxCachedWorkerPoolEvictor-1" daemon [_thread_blocked, id=60451, stack(0x000070000b2f4000,0x000070000b3f4000)]
  0x00007fbb6cee3000 JavaThread "RxComputationThreadPool-4" daemon [_thread_blocked, id=69639, stack(0x000070000b1f1000,0x000070000b2f1000)]
  0x00007fbb6c9bd000 JavaThread "RxComputationThreadPool-3" daemon [_thread_blocked, id=49967, stack(0x000070000b0ee000,0x000070000b1ee000)]
  0x00007fbb6d4e9800 JavaThread "RxComputationThreadPool-2" daemon [_thread_blocked, id=51751, stack(0x000070000afeb000,0x000070000b0eb000)]
  0x00007fbb6ca98800 JavaThread "RxComputationThreadPool-1" daemon [_thread_blocked, id=59931, stack(0x000070000aee8000,0x000070000afe8000)]
  0x00007fbb6ca31000 JavaThread "RxCachedWorkerPoolEvictor-1" daemon [_thread_blocked, id=69131, stack(0x000070000ade5000,0x000070000aee5000)]
  0x00007fbb6d50a000 JavaThread "RxComputationThreadPool-4" daemon [_thread_blocked, id=66055, stack(0x000070000ace2000,0x000070000ade2000)]
  0x00007fbb6a73f000 JavaThread "RxComputationThreadPool-3" daemon [_thread_blocked, id=43315, stack(0x000070000abdf000,0x000070000acdf000)]
  0x00007fbb6addd800 JavaThread "RxComputationThreadPool-2" daemon [_thread_blocked, id=50475, stack(0x000070000aadc000,0x000070000abdc000)]
  0x00007fbb6a5b1000 JavaThread "RxComputationThreadPool-1" daemon [_thread_blocked, id=50731, stack(0x000070000a9d9000,0x000070000aad9000)]
  0x00007fbb6a410000 JavaThread "RxCachedWorkerPoolEvictor-1" daemon [_thread_blocked, id=67083, stack(0x000070000a8d6000,0x000070000a9d6000)]
  0x00007fbb6b7a7000 JavaThread "RxComputationThreadPool-4" daemon [_thread_blocked, id=42803, stack(0x000070000a7d3000,0x000070000a8d3000)]
  0x00007fbb6b5b7800 JavaThread "RxComputationThreadPool-3" daemon [_thread_blocked, id=44859, stack(0x000070000a6d0000,0x000070000a7d0000)]
  0x00007fbb6ade0000 JavaThread "RxComputationThreadPool-2" daemon [_thread_blocked, id=53795, stack(0x000070000a5cd000,0x000070000a6cd000)]
  0x00007fbb6ade2000 JavaThread "RxComputationThreadPool-1" daemon [_thread_blocked, id=48167, stack(0x000070000a4ca000,0x000070000a5ca000)]
  0x00007fbb6c9a6000 JavaThread "RxCachedWorkerPoolEvictor-1" daemon [_thread_blocked, id=47407, stack(0x000070000a3c7000,0x000070000a4c7000)]
  0x00007fbb6b117800 JavaThread "RxComputationThreadPool-4" daemon [_thread_blocked, id=62215, stack(0x000070000a2c4000,0x000070000a3c4000)]
  0x00007fbb6d044800 JavaThread "RxComputationThreadPool-3" daemon [_thread_blocked, id=53527, stack(0x000070000a1c1000,0x000070000a2c1000)]
  0x00007fbb67254800 JavaThread "RxComputationThreadPool-2" daemon [_thread_blocked, id=40495, stack(0x000070000a0be000,0x000070000a1be000)]
  0x00007fbb67710000 JavaThread "RxComputationThreadPool-1" daemon [_thread_blocked, id=40239, stack(0x0000700009fbb000,0x000070000a0bb000)]
  0x00007fbb6d1dc800 JavaThread "RxCachedWorkerPoolEvictor-1" daemon [_thread_blocked, id=42027, stack(0x0000700009eb8000,0x0000700009fb8000)]
  0x00007fbb6abba800 JavaThread "RxComputationThreadPool-4" daemon [_thread_blocked, id=59139, stack(0x0000700009db5000,0x0000700009eb5000)]
  0x00007fbb6b2b1800 JavaThread "RxComputationThreadPool-3" daemon [_thread_blocked, id=58627, stack(0x0000700009cb2000,0x0000700009db2000)]
  0x00007fbb66bef000 JavaThread "RxComputationThreadPool-2" daemon [_thread_blocked, id=58115, stack(0x0000700009baf000,0x0000700009caf000)]
  0x00007fbb6a0ee800 JavaThread "RxComputationThreadPool-1" daemon [_thread_blocked, id=57603, stack(0x0000700009aac000,0x0000700009bac000)]
  0x00007fbb6a0f1000 JavaThread "RxCachedWorkerPoolEvictor-1" daemon [_thread_blocked, id=57091, stack(0x00007000099a9000,0x0000700009aa9000)]
  0x00007fbb6cb32800 JavaThread "RxComputationThreadPool-4" daemon [_thread_blocked, id=56579, stack(0x00007000098a6000,0x00007000099a6000)]
  0x00007fbb6cfa9800 JavaThread "RxComputationThreadPool-3" daemon [_thread_blocked, id=56067, stack(0x00007000097a3000,0x00007000098a3000)]
  0x00007fbb6ce9d800 JavaThread "RxComputationThreadPool-2" daemon [_thread_blocked, id=55555, stack(0x00007000096a0000,0x00007000097a0000)]
  0x00007fbb660ce800 JavaThread "RxComputationThreadPool-1" daemon [_thread_blocked, id=54535, stack(0x000070000959d000,0x000070000969d000)]
  0x00007fbb6cb1e800 JavaThread "RxCachedWorkerPoolEvictor-1" daemon [_thread_blocked, id=55303, stack(0x000070000949a000,0x000070000959a000)]
  0x00007fbb6b2b7000 JavaThread "RxComputationThreadPool-4" daemon [_thread_blocked, id=55047, stack(0x0000700009397000,0x0000700009497000)]
  0x00007fbb6a1c5800 JavaThread "RxComputationThreadPool-3" daemon [_thread_blocked, id=41511, stack(0x0000700009294000,0x0000700009394000)]
  0x00007fbb6a452000 JavaThread "RxComputationThreadPool-2" daemon [_thread_blocked, id=38691, stack(0x0000700009191000,0x0000700009291000)]
  0x00007fbb6a5af800 JavaThread "RxComputationThreadPool-1" daemon [_thread_blocked, id=51983, stack(0x000070000908e000,0x000070000918e000)]
  0x00007fbb6d27f800 JavaThread "RxCachedWorkerPoolEvictor-1" daemon [_thread_blocked, id=48407, stack(0x0000700008f8b000,0x000070000908b000)]
  0x00007fbb6cec5800 JavaThread "RxComputationThreadPool-4" daemon [_thread_blocked, id=52487, stack(0x0000700008e88000,0x0000700008f88000)]
  0x00007fbb6cec5000 JavaThread "RxComputationThreadPool-3" daemon [_thread_blocked, id=27955, stack(0x0000700008d85000,0x0000700008e85000)]
  0x00007fbb6c9fb800 JavaThread "RxComputationThreadPool-2" daemon [_thread_blocked, id=36651, stack(0x0000700008c82000,0x0000700008d82000)]
  0x00007fbb6cf9b800 JavaThread "RxComputationThreadPool-1" daemon [_thread_blocked, id=21807, stack(0x0000700008b7f000,0x0000700008c7f000)]
  0x00007fbb6a760000 JavaThread "RxCachedWorkerPoolEvictor-1" daemon [_thread_blocked, id=40731, stack(0x0000700008a7c000,0x0000700008b7c000)]
  0x00007fbb6a780800 JavaThread "RxComputationThreadPool-4" daemon [_thread_blocked, id=48903, stack(0x0000700008979000,0x0000700008a79000)]
  0x00007fbb6ce2a000 JavaThread "RxComputationThreadPool-3" daemon [_thread_blocked, id=22055, stack(0x0000700008876000,0x0000700008976000)]
  0x00007fbb6b400000 JavaThread "RxComputationThreadPool-2" daemon [_thread_blocked, id=26163, stack(0x0000700008773000,0x0000700008873000)]
  0x00007fbb6c9fc800 JavaThread "RxComputationThreadPool-1" daemon [_thread_blocked, id=22827, stack(0x0000700008670000,0x0000700008770000)]
  0x00007fbb6c8cc800 JavaThread "RxCachedWorkerPoolEvictor-1" daemon [_thread_blocked, id=21039, stack(0x000070000856d000,0x000070000866d000)]
  0x00007fbb6770b800 JavaThread "RxComputationThreadPool-4" daemon [_thread_blocked, id=45831, stack(0x000070000846a000,0x000070000856a000)]
  0x00007fbb6ceca000 JavaThread "RxComputationThreadPool-3" daemon [_thread_blocked, id=21543, stack(0x0000700008367000,0x0000700008467000)]
  0x00007fbb671af000 JavaThread "RxComputationThreadPool-2" daemon [_thread_blocked, id=22567, stack(0x0000700008264000,0x0000700008364000)]
  0x00007fbb6cdad000 JavaThread "RxComputationThreadPool-1" daemon [_thread_blocked, id=41247, stack(0x0000700008161000,0x0000700008261000)]
  0x00007fbb6a1c0000 JavaThread "RxCachedWorkerPoolEvictor-1" daemon [_thread_blocked, id=22307, stack(0x000070000805e000,0x000070000815e000)]
  0x00007fbb66e17800 JavaThread "RxComputationThreadPool-4" daemon [_thread_blocked, id=44295, stack(0x0000700007f5b000,0x000070000805b000)]
  0x00007fbb68c13800 JavaThread "RxComputationThreadPool-3" daemon [_thread_blocked, id=28447, stack(0x0000700007e58000,0x0000700007f58000)]
  0x00007fbb6a067000 JavaThread "RxComputationThreadPool-2" daemon [_thread_blocked, id=23839, stack(0x0000700007d55000,0x0000700007e55000)]
  0x00007fbb6ce2c800 JavaThread "RxComputationThreadPool-1" daemon [_thread_blocked, id=27427, stack(0x0000700007c52000,0x0000700007d52000)]
  0x00007fbb6ccb2000 JavaThread "RxCachedWorkerPoolEvictor-1" daemon [_thread_blocked, id=23075, stack(0x0000700007b4f000,0x0000700007c4f000)]
  0x00007fbb6ccd9000 JavaThread "RxComputationThreadPool-4" daemon [_thread_blocked, id=41735, stack(0x0000700007a4c000,0x0000700007b4c000)]
  0x00007fbb67049800 JavaThread "RxComputationThreadPool-3" daemon [_thread_blocked, id=4127, stack(0x0000700007949000,0x0000700007a49000)]
  0x00007fbb6b165000 JavaThread "RxComputationThreadPool-2" daemon [_thread_blocked, id=4383, stack(0x0000700007846000,0x0000700007946000)]
  0x00007fbb66784800 JavaThread "RxComputationThreadPool-1" daemon [_thread_blocked, id=32023, stack(0x0000700007743000,0x0000700007843000)]
  0x00007fbb667f6800 JavaThread "RxCachedWorkerPoolEvictor-1" daemon [_thread_blocked, id=26903, stack(0x0000700007640000,0x0000700007740000)]
  0x00007fbb6cd9e000 JavaThread "RxComputationThreadPool-4" daemon [_thread_blocked, id=38151, stack(0x000070000753d000,0x000070000763d000)]
  0x00007fbb6a9f7000 JavaThread "RxComputationThreadPool-3" daemon [_thread_blocked, id=30479, stack(0x000070000743a000,0x000070000753a000)]
  0x00007fbb6a81c000 JavaThread "RxComputationThreadPool-2" daemon [_thread_blocked, id=29199, stack(0x0000700007337000,0x0000700007437000)]
  0x00007fbb6cda1000 JavaThread "RxComputationThreadPool-1" daemon [_thread_blocked, id=30991, stack(0x0000700007234000,0x0000700007334000)]
  0x00007fbb6ac05800 JavaThread "RxCachedWorkerPoolEvictor-1" daemon [_thread_blocked, id=39691, stack(0x0000700007131000,0x0000700007231000)]
  0x00007fbb6a137800 JavaThread "RxComputationThreadPool-4" daemon [_thread_blocked, id=36099, stack(0x000070000702e000,0x000070000712e000)]
  0x00007fbb6a1e1000 JavaThread "RxComputationThreadPool-3" daemon [_thread_blocked, id=35587, stack(0x0000700006f2b000,0x000070000702b000)]
  0x00007fbb65fbc800 JavaThread "RxComputationThreadPool-2" daemon [_thread_blocked, id=35075, stack(0x0000700006e28000,0x0000700006f28000)]
  0x00007fbb6722d000 JavaThread "RxComputationThreadPool-1" daemon [_thread_blocked, id=34563, stack(0x0000700006d25000,0x0000700006e25000)]
  0x00007fbb6a137000 JavaThread "RxCachedWorkerPoolEvictor-1" daemon [_thread_blocked, id=34051, stack(0x0000700006c22000,0x0000700006d22000)]
  0x00007fbb67595000 JavaThread "Cache worker for Java compile cache (/Users/sofiane/.gradle/caches/5.1.1/javaCompile)" [_thread_blocked, id=33027, stack(0x0000700006a1c000,0x0000700006b1c000)]
  0x00007fbb6aaca000 JavaThread "Cache worker for file content cache (/Users/sofiane/.gradle/caches/5.1.1/fileContent)" [_thread_blocked, id=29955, stack(0x000070000640a000,0x000070000650a000)]
  0x00007fbb6a5b0800 JavaThread "Memory manager" [_thread_blocked, id=29443, stack(0x0000700006307000,0x0000700006407000)]
  0x00007fbb6a102000 JavaThread "Cache worker for execution history cache (/Users/sofiane/.gradle/caches/5.1.1/executionHistory)" [_thread_blocked, id=26371, stack(0x0000700005cf5000,0x0000700005df5000)]
  0x00007fbb67544800 JavaThread "Cache worker for journal cache (/Users/sofiane/.gradle/caches/journal-1)" [_thread_blocked, id=25091, stack(0x00007000059ec000,0x0000700005aec000)]
  0x00007fbb67580000 JavaThread "File lock request listener" [_thread_in_native, id=24579, stack(0x00007000058e9000,0x00007000059e9000)]
  0x00007fbb6674e000 JavaThread "Cache worker for file hash cache (/Users/sofiane/.gradle/caches/5.1.1/fileHashes)" [_thread_blocked, id=24067, stack(0x00007000057e6000,0x00007000058e6000)]
  0x00007fbb66b83800 JavaThread "Daemon periodic checks" [_thread_blocked, id=19971, stack(0x0000700004fce000,0x00007000050ce000)]
  0x00007fbb67553800 JavaThread "Incoming local TCP Connector on port 51444" [_thread_in_native, id=19459, stack(0x0000700004ecb000,0x0000700004fcb000)]
  0x00007fbb6704a000 JavaThread "Service Thread" daemon [_thread_blocked, id=18435, stack(0x0000700004cc5000,0x0000700004dc5000)]
  0x00007fbb67041800 JavaThread "C1 CompilerThread2" daemon [_thread_blocked, id=17923, stack(0x0000700004bc2000,0x0000700004cc2000)]
  0x00007fbb67040800 JavaThread "C2 CompilerThread1" daemon [_thread_blocked, id=17411, stack(0x0000700004abf000,0x0000700004bbf000)]
  0x00007fbb6602c000 JavaThread "C2 CompilerThread0" daemon [_thread_blocked, id=16899, stack(0x00007000049bc000,0x0000700004abc000)]
  0x00007fbb67004000 JavaThread "Signal Dispatcher" daemon [_thread_blocked, id=16387, stack(0x00007000048b9000,0x00007000049b9000)]
  0x00007fbb67021800 JavaThread "Finalizer" daemon [_thread_blocked, id=12547, stack(0x00007000047b6000,0x00007000048b6000)]
  0x00007fbb6701b000 JavaThread "Reference Handler" daemon [_thread_blocked, id=12035, stack(0x00007000046b3000,0x00007000047b3000)]
  0x00007fbb65803800 JavaThread "main" [_thread_blocked, id=7171, stack(0x00007000040a1000,0x00007000041a1000)]

Other Threads:
=>0x00007fbb66028800 VMThread [stack: 0x00007000045b0000,0x00007000046b0000] [id=11523]
  0x00007fbb65828800 WatcherThread [stack: 0x0000700004dc8000,0x0000700004ec8000] [id=18947]

VM state:at safepoint (normal execution)

VM Mutex/Monitor currently owned by a thread:  ([mutex/lock_event])
[0x00007fbb65702e50] Threads_lock - owner thread: 0x00007fbb66028800
[0x00007fbb65703350] Heap_lock - owner thread: 0x00007fbb6c9b8800

Heap:
 PSYoungGen      total 351744K, used 33119K [0x00000007a0000000, 0x00000007bfe00000, 0x00000007c0000000)
  eden space 183296K, 0% used [0x00000007a0000000,0x00000007a0000000,0x00000007ab300000)
  from space 168448K, 19% used [0x00000007b5980000,0x00000007b79d7dc0,0x00000007bfe00000)
  to   space 169472K, 0% used [0x00000007ab300000,0x00000007ab300000,0x00000007b5880000)
 ParOldGen       total 274944K, used 265540K [0x0000000760000000, 0x0000000770c80000, 0x00000007a0000000)
  object space 274944K, 96% used [0x0000000760000000,0x0000000770351160,0x0000000770c80000)
 Metaspace       used 200178K, capacity 208778K, committed 209176K, reserved 1234944K
  class space    used 21639K, capacity 22980K, committed 23064K, reserved 1048576K

Card table byte_map: [0x000000010c05c000,0x000000010c35d000] byte_map_base: 0x000000010855c000

Marking Bits: (ParMarkBitMap*) 0x000000010ba2c8f8
 Begin Bits: [0x000000010c55d000, 0x000000010dd5d000)
 End Bits:   [0x000000010dd5d000, 0x000000010f55d000)

Polling page: 0x000000010a98b000

CodeCache: size=245760Kb used=80704Kb max_used=80717Kb free=165055Kb
 bounds [0x0000000117569000, 0x000000011c4e9000, 0x0000000126569000]
 total_blobs=23387 nmethods=22515 adapters=783
 compilation: enabled

Compilation events (10 events):
Event: 14230.953 Thread 0x00007fbb6602c000 31053       4       com.google.common.collect.Multimaps$CustomListMultimap::createCollection (5 bytes)
Event: 14230.955 Thread 0x00007fbb6602c000 nmethod 31053 0x0000000118e58f90 code [0x0000000118e59100, 0x0000000118e59218]
Event: 14230.987 Thread 0x00007fbb67040800 31054       4       org.gradle.api.internal.changedetection.state.CachingFileHasher::snapshot (114 bytes)
Event: 14231.004 Thread 0x00007fbb67041800 31055       1       it.unimi.dsi.fastutil.ints.IntIterators$EmptyIterator::hasNext (2 bytes)
Event: 14231.005 Thread 0x00007fbb67041800 nmethod 31055 0x0000000118e58cd0 code [0x0000000118e58e20, 0x0000000118e58f30]
Event: 14231.018 Thread 0x00007fbb67040800 nmethod 31054 0x000000011c4d2610 code [0x000000011c4d28c0, 0x000000011c4d39e0]
Event: 14231.091 Thread 0x00007fbb6602c000 31056       4       java.net.URI::toURL (29 bytes)
Event: 14231.092 Thread 0x00007fbb67040800 31057       4       java.util.ComparableTimSort::sort (219 bytes)
Event: 14231.094 Thread 0x00007fbb6602c000 nmethod 31056 0x0000000119bbc410 code [0x0000000119bbc580, 0x0000000119bbc6e8]
Event: 14231.107 Thread 0x00007fbb67040800 nmethod 31057 0x000000011c4b4310 code [0x000000011c4b4500, 0x000000011c4b4e80]

GC Heap History (10 events):
Event: 13522.347 GC heap after
Heap after GC invocations=76 (full 6):
 PSYoungGen      total 347648K, used 128475K [0x00000007a0000000, 0x00000007c0000000, 0x00000007c0000000)
  eden space 175104K, 0% used [0x00000007a0000000,0x00000007a0000000,0x00000007aab00000)
  from space 172544K, 74% used [0x00000007b5780000,0x00000007bd4f6ea0,0x00000007c0000000)
  to   space 174592K, 0% used [0x00000007aab00000,0x00000007aab00000,0x00000007b5580000)
 ParOldGen       total 274944K, used 175284K [0x0000000760000000, 0x0000000770c80000, 0x00000007a0000000)
  object space 274944K, 63% used [0x0000000760000000,0x000000076ab2d108,0x0000000770c80000)
 Metaspace       used 197346K, capacity 205862K, committed 206104K, reserved 1232896K
  class space    used 21376K, capacity 22708K, committed 22808K, reserved 1048576K
}
Event: 13608.427 GC heap before
{Heap before GC invocations=77 (full 6):
 PSYoungGen      total 347648K, used 303579K [0x00000007a0000000, 0x00000007c0000000, 0x00000007c0000000)
  eden space 175104K, 100% used [0x00000007a0000000,0x00000007aab00000,0x00000007aab00000)
  from space 172544K, 74% used [0x00000007b5780000,0x00000007bd4f6ea0,0x00000007c0000000)
  to   space 174592K, 0% used [0x00000007aab00000,0x00000007aab00000,0x00000007b5580000)
 ParOldGen       total 274944K, used 175284K [0x0000000760000000, 0x0000000770c80000, 0x00000007a0000000)
  object space 274944K, 63% used [0x0000000760000000,0x000000076ab2d108,0x0000000770c80000)
 Metaspace       used 197376K, capacity 205866K, committed 206104K, reserved 1232896K
  class space    used 21376K, capacity 22708K, committed 22808K, reserved 1048576K
Event: 13608.606 GC heap after
Heap after GC invocations=77 (full 6):
 PSYoungGen      total 349696K, used 98369K [0x00000007a0000000, 0x00000007c0000000, 0x00000007c0000000)
  eden space 175104K, 0% used [0x00000007a0000000,0x00000007a0000000,0x00000007aab00000)
  from space 174592K, 56% used [0x00000007aab00000,0x00000007b0b106a0,0x00000007b5580000)
  to   space 174080K, 0% used [0x00000007b5600000,0x00000007b5600000,0x00000007c0000000)
 ParOldGen       total 274944K, used 175978K [0x0000000760000000, 0x0000000770c80000, 0x00000007a0000000)
  object space 274944K, 64% used [0x0000000760000000,0x000000076abdab78,0x0000000770c80000)
 Metaspace       used 197376K, capacity 205866K, committed 206104K, reserved 1232896K
  class space    used 21376K, capacity 22708K, committed 22808K, reserved 1048576K
}
Event: 14133.466 GC heap before
{Heap before GC invocations=78 (full 6):
 PSYoungGen      total 349696K, used 273472K [0x00000007a0000000, 0x00000007c0000000, 0x00000007c0000000)
  eden space 175104K, 99% used [0x00000007a0000000,0x00000007aaaffb70,0x00000007aab00000)
  from space 174592K, 56% used [0x00000007aab00000,0x00000007b0b106a0,0x00000007b5580000)
  to   space 174080K, 0% used [0x00000007b5600000,0x00000007b5600000,0x00000007c0000000)
 ParOldGen       total 274944K, used 175978K [0x0000000760000000, 0x0000000770c80000, 0x00000007a0000000)
  object space 274944K, 64% used [0x0000000760000000,0x000000076abdab78,0x0000000770c80000)
 Metaspace       used 197608K, capacity 206106K, committed 206360K, reserved 1232896K
  class space    used 21407K, capacity 22748K, committed 22808K, reserved 1048576K
Event: 14134.193 GC heap after
Heap after GC invocations=78 (full 6):
 PSYoungGen      total 344064K, used 57995K [0x00000007a0000000, 0x00000007bfa80000, 0x00000007c0000000)
  eden space 175616K, 0% used [0x00000007a0000000,0x00000007a0000000,0x00000007aab80000)
  from space 168448K, 34% used [0x00000007b5600000,0x00000007b8ea2d58,0x00000007bfa80000)
  to   space 171520K, 0% used [0x00000007aab80000,0x00000007aab80000,0x00000007b5300000)
 ParOldGen       total 274944K, used 226727K [0x0000000760000000, 0x0000000770c80000, 0x00000007a0000000)
  object space 274944K, 82% used [0x0000000760000000,0x000000076dd69ec0,0x0000000770c80000)
 Metaspace       used 197608K, capacity 206106K, committed 206360K, reserved 1232896K
  class space    used 21407K, capacity 22748K, committed 22808K, reserved 1048576K
}
Event: 14136.398 GC heap before
{Heap before GC invocations=79 (full 6):
 PSYoungGen      total 344064K, used 233611K [0x00000007a0000000, 0x00000007bfa80000, 0x00000007c0000000)
  eden space 175616K, 100% used [0x00000007a0000000,0x00000007aab80000,0x00000007aab80000)
  from space 168448K, 34% used [0x00000007b5600000,0x00000007b8ea2d58,0x00000007bfa80000)
  to   space 171520K, 0% used [0x00000007aab80000,0x00000007aab80000,0x00000007b5300000)
 ParOldGen       total 274944K, used 226727K [0x0000000760000000, 0x0000000770c80000, 0x00000007a0000000)
  object space 274944K, 82% used [0x0000000760000000,0x000000076dd69ec0,0x0000000770c80000)
 Metaspace       used 199752K, capacity 208282K, committed 208664K, reserved 1234944K
  class space    used 21600K, capacity 22940K, committed 23064K, reserved 1048576K
Event: 14136.464 GC heap after
Heap after GC invocations=79 (full 6):
 PSYoungGen      total 347136K, used 49914K [0x00000007a0000000, 0x00000007bff00000, 0x00000007c0000000)
  eden space 175616K, 0% used [0x00000007a0000000,0x00000007a0000000,0x00000007aab80000)
  from space 171520K, 29% used [0x00000007aab80000,0x00000007adc3eb58,0x00000007b5300000)
  to   space 169472K, 0% used [0x00000007b5980000,0x00000007b5980000,0x00000007bff00000)
 ParOldGen       total 274944K, used 227758K [0x0000000760000000, 0x0000000770c80000, 0x00000007a0000000)
  object space 274944K, 82% used [0x0000000760000000,0x000000076de6b970,0x0000000770c80000)
 Metaspace       used 199752K, capacity 208282K, committed 208664K, reserved 1234944K
  class space    used 21600K, capacity 22940K, committed 23064K, reserved 1048576K
}
Event: 14231.861 GC heap before
{Heap before GC invocations=80 (full 6):
 PSYoungGen      total 347136K, used 225530K [0x00000007a0000000, 0x00000007bff00000, 0x00000007c0000000)
  eden space 175616K, 100% used [0x00000007a0000000,0x00000007aab80000,0x00000007aab80000)
  from space 171520K, 29% used [0x00000007aab80000,0x00000007adc3eb58,0x00000007b5300000)
  to   space 169472K, 0% used [0x00000007b5980000,0x00000007b5980000,0x00000007bff00000)
 ParOldGen       total 274944K, used 227758K [0x0000000760000000, 0x0000000770c80000, 0x00000007a0000000)
  object space 274944K, 82% used [0x0000000760000000,0x000000076de6b970,0x0000000770c80000)
 Metaspace       used 200178K, capacity 208778K, committed 209176K, reserved 1234944K
  class space    used 21639K, capacity 22980K, committed 23064K, reserved 1048576K
Event: 14232.211 GC heap after
Heap after GC invocations=80 (full 6):
 PSYoungGen      total 351744K, used 33119K [0x00000007a0000000, 0x00000007bfe00000, 0x00000007c0000000)
  eden space 183296K, 0% used [0x00000007a0000000,0x00000007a0000000,0x00000007ab300000)
  from space 168448K, 19% used [0x00000007b5980000,0x00000007b79d7dc0,0x00000007bfe00000)
  to   space 169472K, 0% used [0x00000007ab300000,0x00000007ab300000,0x00000007b5880000)
 ParOldGen       total 274944K, used 265540K [0x0000000760000000, 0x0000000770c80000, 0x00000007a0000000)
  object space 274944K, 96% used [0x0000000760000000,0x0000000770351160,0x0000000770c80000)
 Metaspace       used 200178K, capacity 208778K, committed 209176K, reserved 1234944K
  class space    used 21639K, capacity 22980K, committed 23064K, reserved 1048576K
}
Event: 14232.216 GC heap before
{Heap before GC invocations=81 (full 7):
 PSYoungGen      total 351744K, used 33119K [0x00000007a0000000, 0x00000007bfe00000, 0x00000007c0000000)
  eden space 183296K, 0% used [0x00000007a0000000,0x00000007a0000000,0x00000007ab300000)
  from space 168448K, 19% used [0x00000007b5980000,0x00000007b79d7dc0,0x00000007bfe00000)
  to   space 169472K, 0% used [0x00000007ab300000,0x00000007ab300000,0x00000007b5880000)
 ParOldGen       total 274944K, used 265540K [0x0000000760000000, 0x0000000770c80000, 0x00000007a0000000)
  object space 274944K, 96% used [0x0000000760000000,0x0000000770351160,0x0000000770c80000)
 Metaspace       used 200178K, capacity 208778K, committed 209176K, reserved 1234944K
  class space    used 21639K, capacity 22980K, committed 23064K, reserved 1048576K

Deoptimization events (10 events):
Event: 13354.774 Thread 0x00007fbb67669800 Uncommon trap: reason=class_check action=maybe_recompile pc=0x000000011ac2bdec method=java.util.ComparableTimSort.mergeAt(I)V @ 222
Event: 13354.774 Thread 0x00007fbb67669800 Uncommon trap: reason=class_check action=maybe_recompile pc=0x00000001185b50a8 method=java.util.ComparableTimSort.gallopRight(Ljava/lang/Comparable;[Ljava/lang/Object;III)I @ 42
Event: 13354.774 Thread 0x00007fbb67669800 Uncommon trap: reason=class_check action=maybe_recompile pc=0x000000011903e7dc method=java.util.ComparableTimSort.gallopLeft(Ljava/lang/Comparable;[Ljava/lang/Object;III)I @ 42
Event: 13354.775 Thread 0x00007fbb67669800 Uncommon trap: reason=class_check action=maybe_recompile pc=0x000000011a31e8b4 method=java.util.ComparableTimSort.mergeHi(IIII)V @ 214
Event: 13354.936 Thread 0x00007fbb6b5ee800 Uncommon trap: reason=unstable_if action=reinterpret pc=0x000000011b7453a0 method=com.android.build.gradle.internal.transforms.DexArchiveBuilderTransform.lambda$launchProcessing$7(Ljava/nio/file/Path;Lcom/android/build/gradle/internal/transforms/DexArchiv
Event: 13425.498 Thread 0x00007fbb6b23a800 Uncommon trap: reason=predicate action=maybe_recompile pc=0x000000011ae1aff4 method=com.google.common.collect.RegularImmutableMap.fromEntryArray(I[Ljava/util/Map$Entry;)Lcom/google/common/collect/ImmutableMap; @ 62
Event: 13523.159 Thread 0x00007fbb67700800 Uncommon trap: reason=class_check action=maybe_recompile pc=0x000000011ac2bdec method=java.util.ComparableTimSort.mergeAt(I)V @ 222
Event: 13523.159 Thread 0x00007fbb67700800 Uncommon trap: reason=class_check action=maybe_recompile pc=0x00000001185b50a8 method=java.util.ComparableTimSort.gallopRight(Ljava/lang/Comparable;[Ljava/lang/Object;III)I @ 42
Event: 13523.159 Thread 0x00007fbb67700800 Uncommon trap: reason=class_check action=maybe_recompile pc=0x000000011903e7dc method=java.util.ComparableTimSort.gallopLeft(Ljava/lang/Comparable;[Ljava/lang/Object;III)I @ 42
Event: 13523.160 Thread 0x00007fbb67700800 Uncommon trap: reason=class_check action=maybe_recompile pc=0x000000011a31e8b4 method=java.util.ComparableTimSort.mergeHi(IIII)V @ 214

Classes redefined (0 events):
No events

Internal exceptions (10 events):
Event: 13355.026 Thread 0x00007fbb6b5ee800 Exception <a 'sun/nio/fs/UnixException'> (0x00000007ac616ec8) thrown at [/Volumes/android/AOSP-openjdk-git/jdk8u/hotspot/src/share/vm/prims/jni.cpp, line 709]
Event: 13355.028 Thread 0x00007fbb6b5ee800 Exception <a 'sun/nio/fs/UnixException'> (0x00000007ac6718a0) thrown at [/Volumes/android/AOSP-openjdk-git/jdk8u/hotspot/src/share/vm/prims/jni.cpp, line 709]
Event: 13355.169 Thread 0x00007fbb6a3ba800 Exception <a 'sun/nio/fs/UnixException'> (0x00000007ad462868) thrown at [/Volumes/android/AOSP-openjdk-git/jdk8u/hotspot/src/share/vm/prims/jni.cpp, line 709]
Event: 13355.198 Thread 0x00007fbb6aae2800 Exception <a 'sun/nio/fs/UnixException'> (0x00000007ad6c7998) thrown at [/Volumes/android/AOSP-openjdk-git/jdk8u/hotspot/src/share/vm/prims/jni.cpp, line 709]
Event: 13523.348 Thread 0x00007fbb694ec800 Exception <a 'sun/nio/fs/UnixException'> (0x00000007a7ff32b8) thrown at [/Volumes/android/AOSP-openjdk-git/jdk8u/hotspot/src/share/vm/prims/jni.cpp, line 709]
Event: 13523.481 Thread 0x00007fbb6a64e000 Exception <a 'sun/nio/fs/UnixException'> (0x00000007a877bc88) thrown at [/Volumes/android/AOSP-openjdk-git/jdk8u/hotspot/src/share/vm/prims/jni.cpp, line 709]
Event: 14136.535 Thread 0x00007fbb68b58800 Exception <a 'sun/nio/fs/UnixException'> (0x00000007a0bda9e8) thrown at [/Volumes/android/AOSP-openjdk-git/jdk8u/hotspot/src/share/vm/prims/jni.cpp, line 709]
Event: 14136.536 Thread 0x00007fbb68b58800 Exception <a 'sun/nio/fs/UnixException'> (0x00000007a0c22408) thrown at [/Volumes/android/AOSP-openjdk-git/jdk8u/hotspot/src/share/vm/prims/jni.cpp, line 709]
Event: 14136.537 Thread 0x00007fbb68b58800 Exception <a 'sun/nio/fs/UnixException'> (0x00000007a0c6e650) thrown at [/Volumes/android/AOSP-openjdk-git/jdk8u/hotspot/src/share/vm/prims/jni.cpp, line 709]
Event: 14136.735 Thread 0x00007fbb6cad0000 Exception <a 'sun/nio/fs/UnixException'> (0x00000007a198e2b8) thrown at [/Volumes/android/AOSP-openjdk-git/jdk8u/hotspot/src/share/vm/prims/jni.cpp, line 709]

Events (10 events):
Event: 14231.841 loading class com/bumptech/glide/annotation/compiler/RequestManagerFactoryGenerator done
Event: 14231.849 loading class com/bumptech/glide/annotation/compiler/GlideGenerator
Event: 14231.849 loading class com/bumptech/glide/annotation/compiler/GlideGenerator done
Event: 14231.853 loading class com/bumptech/glide/annotation/compiler/RequestBuilderGenerator
Event: 14231.853 loading class com/bumptech/glide/annotation/compiler/RequestBuilderGenerator done
Event: 14231.857 loading class com/bumptech/glide/repackaged/com/google/common/collect/ImmutableSet
Event: 14231.857 loading class com/bumptech/glide/repackaged/com/google/common/collect/ImmutableSet done
Event: 14231.860 loading class com/bumptech/glide/repackaged/com/google/common/collect/ImmutableCollection
Event: 14231.860 loading class com/bumptech/glide/repackaged/com/google/common/collect/ImmutableCollection done
Event: 14231.860 Executing VM operation: ParallelGCFailedAllocation


Dynamic libraries:
0x0000000011cc7000 	/System/Library/Frameworks/Cocoa.framework/Versions/A/Cocoa
0x0000000011cc7000 	/System/Library/Frameworks/Security.framework/Versions/A/Security
0x0000000011cc7000 	/System/Library/Frameworks/ApplicationServices.framework/Versions/A/ApplicationServices
0x0000000011cc7000 	/usr/lib/libz.1.dylib
0x0000000011cc7000 	/usr/lib/libSystem.B.dylib
0x0000000011cc7000 	/System/Library/Frameworks/CoreFoundation.framework/Versions/A/CoreFoundation
0x0000000011cc7000 	/System/Library/Frameworks/Foundation.framework/Versions/C/Foundation
0x0000000011cc7000 	/usr/lib/libobjc.A.dylib
0x0000000011cc7000 	/System/Library/Frameworks/AppKit.framework/Versions/C/AppKit
0x0000000011cc7000 	/System/Library/Frameworks/CoreData.framework/Versions/A/CoreData
0x0000000011cc7000 	/System/Library/PrivateFrameworks/RemoteViewServices.framework/Versions/A/RemoteViewServices
0x0000000011cc7000 	/System/Library/PrivateFrameworks/UIFoundation.framework/Versions/A/UIFoundation
0x0000000011cc7000 	/System/Library/PrivateFrameworks/DFRFoundation.framework/Versions/A/DFRFoundation
0x0000000011cc7000 	/usr/lib/libenergytrace.dylib
0x0000000011cc7000 	/System/Library/PrivateFrameworks/SkyLight.framework/Versions/A/SkyLight
0x0000000011cc7000 	/System/Library/Frameworks/CoreGraphics.framework/Versions/A/CoreGraphics
0x0000000011cc7000 	/usr/lib/libScreenReader.dylib
0x0000000011cc7000 	/System/Library/Frameworks/Accelerate.framework/Versions/A/Accelerate
0x0000000011cc7000 	/System/Library/Frameworks/IOSurface.framework/Versions/A/IOSurface
0x0000000011cc7000 	/System/Library/Frameworks/AudioToolbox.framework/Versions/A/AudioToolbox
0x0000000011cc7000 	/System/Library/Frameworks/AudioUnit.framework/Versions/A/AudioUnit
0x0000000011cc7000 	/System/Library/PrivateFrameworks/DataDetectorsCore.framework/Versions/A/DataDetectorsCore
0x0000000011cc7000 	/System/Library/PrivateFrameworks/DesktopServicesPriv.framework/Versions/A/DesktopServicesPriv
0x0000000011cc7000 	/System/Library/Frameworks/Carbon.framework/Versions/A/Frameworks/HIToolbox.framework/Versions/A/HIToolbox
0x0000000011cc7000 	/usr/lib/libicucore.A.dylib
0x0000000011cc7000 	/System/Library/Frameworks/QuartzCore.framework/Versions/A/QuartzCore
0x0000000011cc7000 	/System/Library/Frameworks/Carbon.framework/Versions/A/Frameworks/SpeechRecognition.framework/Versions/A/SpeechRecognition
0x0000000011cc7000 	/usr/lib/libauto.dylib
0x0000000011cc7000 	/usr/lib/libxml2.2.dylib
0x0000000011cc7000 	/System/Library/PrivateFrameworks/CoreUI.framework/Versions/A/CoreUI
0x0000000011cc7000 	/System/Library/Frameworks/CoreAudio.framework/Versions/A/CoreAudio
0x0000000011cc7000 	/System/Library/Frameworks/DiskArbitration.framework/Versions/A/DiskArbitration
0x0000000011cc7000 	/usr/lib/liblangid.dylib
0x0000000011cc7000 	/System/Library/PrivateFrameworks/MultitouchSupport.framework/Versions/A/MultitouchSupport
0x0000000011cc7000 	/System/Library/Frameworks/IOKit.framework/Versions/A/IOKit
0x0000000011cc7000 	/usr/lib/libDiagnosticMessagesClient.dylib
0x0000000011cc7000 	/System/Library/Frameworks/CoreServices.framework/Versions/A/CoreServices
0x0000000011cc7000 	/System/Library/PrivateFrameworks/PerformanceAnalysis.framework/Versions/A/PerformanceAnalysis
0x0000000011cc7000 	/System/Library/PrivateFrameworks/GenerationalStorage.framework/Versions/A/GenerationalStorage
0x0000000011cc7000 	/System/Library/Frameworks/OpenGL.framework/Versions/A/OpenGL
0x0000000011cc7000 	/System/Library/Frameworks/CoreImage.framework/Versions/A/CoreImage
0x0000000011cc7000 	/System/Library/Frameworks/CoreText.framework/Versions/A/CoreText
0x0000000011cc7000 	/System/Library/Frameworks/ImageIO.framework/Versions/A/ImageIO
0x0000000011cc7000 	/System/Library/PrivateFrameworks/Backup.framework/Versions/A/Backup
0x0000000011cc7000 	/usr/lib/libarchive.2.dylib
0x0000000011cc7000 	/System/Library/Frameworks/CFNetwork.framework/Versions/A/CFNetwork
0x0000000011cc7000 	/System/Library/Frameworks/SystemConfiguration.framework/Versions/A/SystemConfiguration
0x0000000011cc7000 	/usr/lib/libCRFSuite.dylib
0x0000000011cc7000 	/usr/lib/libc++.1.dylib
0x0000000011cc7000 	/usr/lib/libc++abi.dylib
0x0000000011cc7000 	/usr/lib/system/libcache.dylib
0x0000000011cc7000 	/usr/lib/system/libcommonCrypto.dylib
0x0000000011cc7000 	/usr/lib/system/libcompiler_rt.dylib
0x0000000011cc7000 	/usr/lib/system/libcopyfile.dylib
0x0000000011cc7000 	/usr/lib/system/libcorecrypto.dylib
0x0000000011cc7000 	/usr/lib/system/libdispatch.dylib
0x0000000011cc7000 	/usr/lib/system/libdyld.dylib
0x0000000011cc7000 	/usr/lib/system/libkeymgr.dylib
0x0000000011cc7000 	/usr/lib/system/liblaunch.dylib
0x0000000011cc7000 	/usr/lib/system/libmacho.dylib
0x0000000011cc7000 	/usr/lib/system/libquarantine.dylib
0x0000000011cc7000 	/usr/lib/system/libremovefile.dylib
0x0000000011cc7000 	/usr/lib/system/libsystem_asl.dylib
0x0000000011cc7000 	/usr/lib/system/libsystem_blocks.dylib
0x0000000011cc7000 	/usr/lib/system/libsystem_c.dylib
0x0000000011cc7000 	/usr/lib/system/libsystem_configuration.dylib
0x0000000011cc7000 	/usr/lib/system/libsystem_coreservices.dylib
0x0000000011cc7000 	/usr/lib/system/libsystem_coretls.dylib
0x0000000011cc7000 	/usr/lib/system/libsystem_dnssd.dylib
0x0000000011cc7000 	/usr/lib/system/libsystem_info.dylib
0x0000000011cc7000 	/usr/lib/system/libsystem_kernel.dylib
0x0000000011cc7000 	/usr/lib/system/libsystem_m.dylib
0x0000000011cc7000 	/usr/lib/system/libsystem_malloc.dylib
0x0000000011cc7000 	/usr/lib/system/libsystem_network.dylib
0x0000000011cc7000 	/usr/lib/system/libsystem_networkextension.dylib
0x0000000011cc7000 	/usr/lib/system/libsystem_notify.dylib
0x0000000011cc7000 	/usr/lib/system/libsystem_platform.dylib
0x0000000011cc7000 	/usr/lib/system/libsystem_pthread.dylib
0x0000000011cc7000 	/usr/lib/system/libsystem_sandbox.dylib
0x0000000011cc7000 	/usr/lib/system/libsystem_secinit.dylib
0x0000000011cc7000 	/usr/lib/system/libsystem_symptoms.dylib
0x0000000011cc7000 	/usr/lib/system/libsystem_trace.dylib
0x0000000011cc7000 	/usr/lib/system/libunwind.dylib
0x0000000011cc7000 	/usr/lib/system/libxpc.dylib
0x0000000011cc7000 	/usr/lib/libbsm.0.dylib
0x0000000011cc7000 	/usr/lib/system/libkxld.dylib
0x0000000011cc7000 	/usr/lib/libcoretls.dylib
0x0000000011cc7000 	/usr/lib/libcoretls_cfhelpers.dylib
0x0000000011cc7000 	/usr/lib/libOpenScriptingUtil.dylib
0x0000000011cc7000 	/usr/lib/libpam.2.dylib
0x0000000011cc7000 	/usr/lib/libsqlite3.dylib
0x0000000011cc7000 	/usr/lib/libxar.1.dylib
0x0000000011cc7000 	/usr/lib/libbz2.1.0.dylib
0x0000000011cc7000 	/usr/lib/liblzma.5.dylib
0x0000000011cc7000 	/usr/lib/libnetwork.dylib
0x0000000011cc7000 	/usr/lib/libpcap.A.dylib
0x0000000011cc7000 	/System/Library/Frameworks/CoreServices.framework/Versions/A/Frameworks/FSEvents.framework/Versions/A/FSEvents
0x0000000011cc7000 	/System/Library/Frameworks/CoreServices.framework/Versions/A/Frameworks/CarbonCore.framework/Versions/A/CarbonCore
0x0000000011cc7000 	/System/Library/Frameworks/CoreServices.framework/Versions/A/Frameworks/Metadata.framework/Versions/A/Metadata
0x0000000011cc7000 	/System/Library/Frameworks/CoreServices.framework/Versions/A/Frameworks/OSServices.framework/Versions/A/OSServices
0x0000000011cc7000 	/System/Library/Frameworks/CoreServices.framework/Versions/A/Frameworks/SearchKit.framework/Versions/A/SearchKit
0x0000000011cc7000 	/System/Library/Frameworks/CoreServices.framework/Versions/A/Frameworks/AE.framework/Versions/A/AE
0x0000000011cc7000 	/System/Library/Frameworks/CoreServices.framework/Versions/A/Frameworks/LaunchServices.framework/Versions/A/LaunchServices
0x0000000011cc7000 	/System/Library/Frameworks/CoreServices.framework/Versions/A/Frameworks/DictionaryServices.framework/Versions/A/DictionaryServices
0x0000000011cc7000 	/System/Library/Frameworks/CoreServices.framework/Versions/A/Frameworks/SharedFileList.framework/Versions/A/SharedFileList
0x0000000011cc7000 	/System/Library/Frameworks/NetFS.framework/Versions/A/NetFS
0x0000000011cc7000 	/System/Library/PrivateFrameworks/NetAuth.framework/Versions/A/NetAuth
0x0000000011cc7000 	/System/Library/PrivateFrameworks/login.framework/Versions/A/Frameworks/loginsupport.framework/Versions/A/loginsupport
0x0000000011cc7000 	/System/Library/PrivateFrameworks/TCC.framework/Versions/A/TCC
0x0000000011cc7000 	/usr/lib/libmecabra.dylib
0x0000000011cc7000 	/System/Library/Frameworks/ApplicationServices.framework/Versions/A/Frameworks/ATS.framework/Versions/A/ATS
0x0000000011cc7000 	/System/Library/Frameworks/ApplicationServices.framework/Versions/A/Frameworks/ColorSync.framework/Versions/A/ColorSync
0x0000000011cc7000 	/System/Library/Frameworks/ApplicationServices.framework/Versions/A/Frameworks/HIServices.framework/Versions/A/HIServices
0x0000000011cc7000 	/System/Library/Frameworks/ApplicationServices.framework/Versions/A/Frameworks/LangAnalysis.framework/Versions/A/LangAnalysis
0x0000000011cc7000 	/System/Library/Frameworks/ApplicationServices.framework/Versions/A/Frameworks/PrintCore.framework/Versions/A/PrintCore
0x0000000011cc7000 	/System/Library/Frameworks/ApplicationServices.framework/Versions/A/Frameworks/QD.framework/Versions/A/QD
0x0000000011cc7000 	/System/Library/Frameworks/ApplicationServices.framework/Versions/A/Frameworks/SpeechSynthesis.framework/Versions/A/SpeechSynthesis
0x0000000011cc7000 	/System/Library/Frameworks/Accelerate.framework/Versions/A/Frameworks/vImage.framework/Versions/A/vImage
0x0000000011cc7000 	/System/Library/Frameworks/Accelerate.framework/Versions/A/Frameworks/vecLib.framework/Versions/A/vecLib
0x0000000011cc7000 	/System/Library/Frameworks/Accelerate.framework/Versions/A/Frameworks/vecLib.framework/Versions/A/libvDSP.dylib
0x0000000011cc7000 	/System/Library/Frameworks/Accelerate.framework/Versions/A/Frameworks/vecLib.framework/Versions/A/libBNNS.dylib
0x0000000011cc7000 	/System/Library/Frameworks/Accelerate.framework/Versions/A/Frameworks/vecLib.framework/Versions/A/libQuadrature.dylib
0x0000000011cc7000 	/System/Library/Frameworks/Accelerate.framework/Versions/A/Frameworks/vecLib.framework/Versions/A/libvMisc.dylib
0x0000000011cc7000 	/System/Library/Frameworks/Accelerate.framework/Versions/A/Frameworks/vecLib.framework/Versions/A/libLAPACK.dylib
0x0000000011cc7000 	/System/Library/Frameworks/Accelerate.framework/Versions/A/Frameworks/vecLib.framework/Versions/A/libBLAS.dylib
0x0000000011cc7000 	/System/Library/Frameworks/Accelerate.framework/Versions/A/Frameworks/vecLib.framework/Versions/A/libLinearAlgebra.dylib
0x0000000011cc7000 	/System/Library/Frameworks/Accelerate.framework/Versions/A/Frameworks/vecLib.framework/Versions/A/libSparseBLAS.dylib
0x0000000011cc7000 	/System/Library/Frameworks/ApplicationServices.framework/Versions/A/Frameworks/ATS.framework/Versions/A/Resources/libFontParser.dylib
0x0000000011cc7000 	/System/Library/Frameworks/ApplicationServices.framework/Versions/A/Frameworks/ATS.framework/Versions/A/Resources/libFontRegistry.dylib
0x0000000011cc7000 	/System/Library/Frameworks/ImageIO.framework/Versions/A/Resources/libJPEG.dylib
0x0000000011cc7000 	/System/Library/Frameworks/ImageIO.framework/Versions/A/Resources/libTIFF.dylib
0x0000000011cc7000 	/System/Library/Frameworks/ImageIO.framework/Versions/A/Resources/libPng.dylib
0x0000000011cc7000 	/System/Library/Frameworks/ImageIO.framework/Versions/A/Resources/libGIF.dylib
0x0000000011cc7000 	/System/Library/Frameworks/ImageIO.framework/Versions/A/Resources/libJP2.dylib
0x0000000011cc7000 	/System/Library/Frameworks/ImageIO.framework/Versions/A/Resources/libRadiance.dylib
0x0000000011cc7000 	/usr/lib/libcompression.dylib
0x0000000011cc7000 	/System/Library/PrivateFrameworks/AppleJPEG.framework/Versions/A/AppleJPEG
0x0000000011cc7000 	/usr/lib/libcups.2.dylib
0x0000000011cc7000 	/System/Library/Frameworks/Kerberos.framework/Versions/A/Kerberos
0x0000000011cc7000 	/System/Library/Frameworks/GSS.framework/Versions/A/GSS
0x0000000011cc7000 	/usr/lib/libresolv.9.dylib
0x0000000011cc7000 	/usr/lib/libiconv.2.dylib
0x0000000011cc7000 	/System/Library/PrivateFrameworks/Heimdal.framework/Versions/A/Heimdal
0x0000000011cc7000 	/usr/lib/libheimdal-asn1.dylib
0x0000000011cc7000 	/System/Library/Frameworks/OpenDirectory.framework/Versions/A/OpenDirectory
0x0000000011cc7000 	/System/Library/PrivateFrameworks/CommonAuth.framework/Versions/A/CommonAuth
0x0000000011cc7000 	/System/Library/Frameworks/OpenDirectory.framework/Versions/A/Frameworks/CFOpenDirectory.framework/Versions/A/CFOpenDirectory
0x0000000011cc7000 	/System/Library/Frameworks/SecurityFoundation.framework/Versions/A/SecurityFoundation
0x0000000011cc7000 	/System/Library/PrivateFrameworks/LanguageModeling.framework/Versions/A/LanguageModeling
0x0000000011cc7000 	/usr/lib/libmarisa.dylib
0x0000000011cc7000 	/usr/lib/libChineseTokenizer.dylib
0x0000000011cc7000 	/usr/lib/libcmph.dylib
0x0000000011cc7000 	/System/Library/PrivateFrameworks/CoreEmoji.framework/Versions/A/CoreEmoji
0x0000000011cc7000 	/System/Library/Frameworks/ServiceManagement.framework/Versions/A/ServiceManagement
0x0000000011cc7000 	/usr/lib/libxslt.1.dylib
0x0000000011cc7000 	/System/Library/Frameworks/Carbon.framework/Versions/A/Frameworks/Ink.framework/Versions/A/Ink
0x0000000011cc7000 	/System/Library/PrivateFrameworks/TextureIO.framework/Versions/A/TextureIO
0x0000000011cc7000 	/System/Library/Frameworks/Metal.framework/Versions/A/Metal
0x0000000011cc7000 	/usr/lib/libate.dylib
0x0000000011cc7000 	/System/Library/PrivateFrameworks/GPUCompiler.framework/libmetal_timestamp.dylib
0x0000000011cc7000 	/System/Library/Frameworks/OpenGL.framework/Versions/A/Libraries/libCoreFSCache.dylib
0x0000000011cc7000 	/System/Library/PrivateFrameworks/IOAccelerator.framework/Versions/A/IOAccelerator
0x0000000011cc7000 	/System/Library/Frameworks/CoreVideo.framework/Versions/A/CoreVideo
0x0000000011cc7000 	/usr/lib/libFosl_dynamic.dylib
0x0000000011cc7000 	/System/Library/PrivateFrameworks/MetalPerformanceShaders.framework/Versions/A/MetalPerformanceShaders
0x0000000011cc7000 	/System/Library/PrivateFrameworks/FaceCore.framework/Versions/A/FaceCore
0x0000000011cc7000 	/System/Library/Frameworks/OpenCL.framework/Versions/A/OpenCL
0x0000000011cc7000 	/System/Library/Frameworks/OpenGL.framework/Versions/A/Libraries/libGLU.dylib
0x0000000011cc7000 	/System/Library/Frameworks/OpenGL.framework/Versions/A/Libraries/libGFXShared.dylib
0x0000000011cc7000 	/System/Library/Frameworks/OpenGL.framework/Versions/A/Libraries/libGL.dylib
0x0000000011cc7000 	/System/Library/Frameworks/OpenGL.framework/Versions/A/Libraries/libGLImage.dylib
0x0000000011cc7000 	/System/Library/Frameworks/OpenGL.framework/Versions/A/Libraries/libCVMSPluginSupport.dylib
0x0000000011cc7000 	/System/Library/Frameworks/OpenGL.framework/Versions/A/Libraries/libCoreVMClient.dylib
0x0000000011cc7000 	/System/Library/PrivateFrameworks/CrashReporterSupport.framework/Versions/A/CrashReporterSupport
0x0000000011cc7000 	/System/Library/PrivateFrameworks/Sharing.framework/Versions/A/Sharing
0x0000000011cc7000 	/System/Library/PrivateFrameworks/IconServices.framework/Versions/A/IconServices
0x0000000011cc7000 	/System/Library/PrivateFrameworks/ProtocolBuffer.framework/Versions/A/ProtocolBuffer
0x0000000011cc7000 	/System/Library/PrivateFrameworks/Apple80211.framework/Versions/A/Apple80211
0x0000000011cc7000 	/System/Library/Frameworks/CoreWLAN.framework/Versions/A/CoreWLAN
0x0000000011cc7000 	/System/Library/PrivateFrameworks/CoreUtils.framework/Versions/A/CoreUtils
0x0000000011cc7000 	/System/Library/Frameworks/IOBluetooth.framework/Versions/A/IOBluetooth
0x0000000011cc7000 	/System/Library/PrivateFrameworks/CoreWiFi.framework/Versions/A/CoreWiFi
0x0000000011cc7000 	/System/Library/Frameworks/CoreBluetooth.framework/Versions/A/CoreBluetooth
0x0000000011cc7000 	/System/Library/Frameworks/CoreDisplay.framework/Versions/A/CoreDisplay
0x0000000011cc7000 	/System/Library/PrivateFrameworks/IOPresentment.framework/Versions/A/IOPresentment
0x0000000011cc7000 	/System/Library/PrivateFrameworks/DSExternalDisplay.framework/Versions/A/DSExternalDisplay
0x0000000011cc7000 	/System/Library/PrivateFrameworks/DebugSymbols.framework/Versions/A/DebugSymbols
0x0000000011cc7000 	/System/Library/PrivateFrameworks/CoreSymbolication.framework/Versions/A/CoreSymbolication
0x0000000011cc7000 	/System/Library/PrivateFrameworks/Symbolication.framework/Versions/A/Symbolication
0x0000000011cc7000 	/System/Library/PrivateFrameworks/AppleFSCompression.framework/Versions/A/AppleFSCompression
0x0000000011cc7000 	/System/Library/PrivateFrameworks/SpeechRecognitionCore.framework/Versions/A/SpeechRecognitionCore
0x0000000011cc7000 	/System/Library/PrivateFrameworks/ChunkingLibrary.framework/Versions/A/ChunkingLibrary
0x000000010b200000 	/Applications/Android Studio.app/Contents/jre/jdk/Contents/Home/jre/lib/server/libjvm.dylib
0x0000000011cc7000 	/usr/lib/libstdc++.6.dylib
0x000000010a94b000 	/Applications/Android Studio.app/Contents/jre/jdk/Contents/Home/jre/lib/libverify.dylib
0x000000010a957000 	/Applications/Android Studio.app/Contents/jre/jdk/Contents/Home/jre/lib/libjava.dylib
0x000000010a995000 	/Applications/Android Studio.app/Contents/jre/jdk/Contents/Home/jre/lib/libzip.dylib
0x0000000111a67000 	/Applications/Android Studio.app/Contents/jre/jdk/Contents/Home/jre/lib/libnet.dylib
0x0000000111a7e000 	/Applications/Android Studio.app/Contents/jre/jdk/Contents/Home/jre/lib/libnio.dylib
0x0000000111a8e000 	/Users/sofiane/.gradle/native/25/osx-amd64/libnative-platform.dylib
0x0000000111db3000 	/Applications/Android Studio.app/Contents/jre/jdk/Contents/Home/jre/lib/libmanagement.dylib

VM Arguments:
jvm_args: -Xmx1536m -Dfile.encoding=UTF-8 -Duser.country=FR -Duser.language=fr -Duser.variant 
java_command: org.gradle.launcher.daemon.bootstrap.GradleDaemon 5.1.1
java_class_path (initial): /Users/sofiane/.gradle/wrapper/dists/gradle-5.1.1-all/97z1ksx6lirer3kbvdnh7jtjg/gradle-5.1.1/lib/gradle-launcher-5.1.1.jar
Launcher Type: SUN_STANDARD

Environment Variables:
JAVA_HOME=/Library/Java/JavaVirtualMachines/jdk-11.0.1.jdk/Contents/Home
PATH=/Library/Java/JavaVirtualMachines/jdk-9.0.1.jdk/Contents/Home//bin:/usr/local/bin:/usr/bin:/bin:/usr/sbin:/sbin:/tools:/platform-tools:/Library/Java/JavaVirtualMachines/jdk-11.0.1.jdk/Contents/Home/bin:
SHELL=/bin/bash

Signal Handlers:
SIGSEGV: [libjvm.dylib+0x570b99], sa_mask[0]=11111111011111110111111111111111, sa_flags=SA_ONSTACK|SA_RESTART|SA_SIGINFO
SIGBUS: [libjvm.dylib+0x570b99], sa_mask[0]=11111111011111110111111111111111, sa_flags=SA_RESTART|SA_SIGINFO
SIGFPE: [libjvm.dylib+0x461f81], sa_mask[0]=11111111011111110111111111111111, sa_flags=SA_RESTART|SA_SIGINFO
SIGPIPE: [libjvm.dylib+0x461f81], sa_mask[0]=11111111011111110111111111111111, sa_flags=SA_RESTART|SA_SIGINFO
SIGXFSZ: [libjvm.dylib+0x461f81], sa_mask[0]=11111111011111110111111111111111, sa_flags=SA_RESTART|SA_SIGINFO
SIGILL: [libjvm.dylib+0x461f81], sa_mask[0]=11111111011111110111111111111111, sa_flags=SA_RESTART|SA_SIGINFO
SIGUSR1: SIG_DFL, sa_mask[0]=00000000000000000000000000000000, sa_flags=none
SIGUSR2: [libjvm.dylib+0x462892], sa_mask[0]=00100000000000000000000000000000, sa_flags=SA_RESTART|SA_SIGINFO
SIGHUP: [libjvm.dylib+0x460a7b], sa_mask[0]=11111111011111110111111111111111, sa_flags=SA_RESTART|SA_SIGINFO
SIGINT: [libjvm.dylib+0x460a7b], sa_mask[0]=11111111011111110111111111111111, sa_flags=SA_RESTART|SA_SIGINFO
SIGTERM: [libjvm.dylib+0x460a7b], sa_mask[0]=11111111011111110111111111111111, sa_flags=SA_RESTART|SA_SIGINFO
SIGQUIT: [libjvm.dylib+0x460a7b], sa_mask[0]=11111111011111110111111111111111, sa_flags=SA_RESTART|SA_SIGINFO


---------------  S Y S T E M  ---------------

OS:Bsduname:Darwin 16.7.0 Darwin Kernel Version 16.7.0: Thu Jun 15 17:36:27 PDT 2017; root:xnu-3789.70.16~2/RELEASE_X86_64 x86_64
rlimit: STACK 8192k, CORE 0k, NPROC 709, NOFILE 10240, AS infinity
load average:2.54 2.62 2.91

CPU:total 4 (initial active 4) (2 cores per cpu, 2 threads per core) family 6 model 61 stepping 4, cmov, cx8, fxsr, mmx, sse, sse2, sse3, ssse3, sse4.1, sse4.2, popcnt, avx, avx2, aes, clmul, erms, 3dnowpref, lzcnt, ht, tsc, tscinvbit, bmi1, bmi2, adx

Memory: 4k page, physical 8388608k(43384k free)

/proc/meminfo:


vm_info: OpenJDK 64-Bit Server VM (25.152-b01) for bsd-amd64 JRE (1.8.0_152-release-1343-b01), built by "builder" with gcc 4.2.1 Compatible Apple LLVM 9.1.0 (clang-902.0.39.2)

time: Mon Sep 16 02:12:37 2019
elapsed time: 14232 seconds (0d 3h 57m 12s)

