#
# A fatal error has been detected by the Java Runtime Environment:
#
#  SIGSEGV (0xb) at pc=0x000000010f0630b3, pid=40420, tid=0x0000000000004203
#
# JRE version: OpenJDK Runtime Environment (8.0_152-b01) (build 1.8.0_152-release-1343-b01)
# Java VM: OpenJDK 64-Bit Server VM (25.152-b01 mixed mode bsd-amd64 compressed oops)
# Problematic frame:
# V  [libjvm.dylib+0x2630b3]
#
# Failed to write core dump. Core dumps have been disabled. To enable core dumping, try "ulimit -c unlimited" before starting Java again
#
# If you would like to submit a bug report, please visit:
#   http://bugreport.java.com/bugreport/crash.jsp
#

---------------  T H R E A D  ---------------

Current thread (0x00007f82da01b000):  JavaThread "C2 CompilerThread0" daemon [_thread_in_native, id=16899, stack(0x000070000ef84000,0x000070000f084000)]

siginfo: si_signo: 11 (SIGSEGV), si_code: 0 (unknown), si_addr: 0x0000000000000000

Registers:
RAX=0x12010808120c1a17, RBX=0x00007f82dc190810, RCX=0x0000000000402110, RDX=0x000000012d738410
RSP=0x000070000f080b30, RBP=0x000070000f080b90, RSI=0x0000000000000000, RDI=0x00007f82dc190810
R8 =0x0000000000000000, R9 =0x000000012d738000, R10=0x0000000000000000, R11=0xffff807e4fb57e00
R12=0x000070000f080b38, R13=0x000070000f080b58, R14=0x00000000ffffffff, R15=0x000070000f080bd0
RIP=0x000000010f0630b3, EFLAGS=0x0000000000010202, ERR=0x0000000000000000
  TRAPNO=0x000000000000000d

Top of Stack: (sp=0x000070000f080b30)
0x000070000f080b30:   00007f82e0b13fc0 00001948000000be
0x000070000f080b40:   0000000000000000 0000000100000007
0x000070000f080b50:   00007f82df7af210 00007f82dc190c50
0x000070000f080b60:   000070000f0823e8 00007f82d8509db0
0x000070000f080b70:   000000010f616158 00000000000014ab
0x000070000f080b80:   000070000f0823e8 000070000f080bd0
0x000070000f080b90:   000070000f080c60 000000010f064a08
0x000070000f080ba0:   0000000000000000 00007f82d8509db0
0x000070000f080bb0:   00007f82ddd6b400 00007f82ddd72650
0x000070000f080bc0:   00007f82ddd733e8 0000000000177eb0
0x000070000f080bd0:   000000010f5f2b68 00007f82d8509db0
0x000070000f080be0:   0000700000800000 000000012d738010
0x000070000f080bf0:   000000000000020e 00007f82dbb02c70
0x000070000f080c00:   000070000f080c60 000000010f064f41
0x000070000f080c10:   00007f82e0b179e8 0000000000000100
0x000070000f080c20:   00007f82d8509db0 00007f82e0b13680
0x000070000f080c30:   00007f8200000000 000070000f0823e8
0x000070000f080c40:   00007f82dc178650 000070000f083210
0x000070000f080c50:   000070000f0823e8 000070000f081920
0x000070000f080c60:   000070000f080c80 000000010f064da2
0x000070000f080c70:   00007f82d8509db0 000070000f083078
0x000070000f080c80:   000070000f082490 000000010ef9f34d
0x000070000f080c90:   0000000000000000 000000010f5ec470
0x000070000f080ca0:   0000000000000006 000070000f083078
0x000070000f080cb0:   00007f82d8509db0 00007f82d8509db0
0x000070000f080cc0:   0000000000004000 0000000116bbe010
0x000070000f080cd0:   0000000000000000 00007f82d8509db0
0x000070000f080ce0:   0000000000004000 0000000116c0f010
0x000070000f080cf0:   0000000000000000 0000000000000000
0x000070000f080d00:   0000000000000000 0000000000000000
0x000070000f080d10:   0000000000000000 0000000000000000
0x000070000f080d20:   0000000000000000 0000000000000000 

Instructions: (pc=0x000000010f0630b3)
0x000000010f063093:   89 3c 81 0f b6 c2 0f a3 c6 0f 82 ae 00 00 00 eb
0x000000010f0630a3:   09 49 8b 07 4c 89 ff ff 50 20 48 8b 03 48 89 df
0x000000010f0630b3:   ff 90 b0 00 00 00 84 c0 74 69 8b 43 28 48 8b 4d
0x000000010f0630c3:   d0 39 41 58 76 0f 48 8b 4d d0 48 8b 49 68 48 83 

Register to memory mapping:

RAX=0x12010808120c1a17 is an unknown value
RBX=0x00007f82dc190810 is an unknown value
RCX=0x0000000000402110 is an unknown value
RDX=0x000000012d738410 is an unknown value
RSP=0x000070000f080b30 is pointing into the stack for thread: 0x00007f82da01b000
RBP=0x000070000f080b90 is pointing into the stack for thread: 0x00007f82da01b000
RSI=0x0000000000000000 is an unknown value
RDI=0x00007f82dc190810 is an unknown value
R8 =0x0000000000000000 is an unknown value
R9 =0x000000012d738000 is an unknown value
R10=0x0000000000000000 is an unknown value
R11=0xffff807e4fb57e00 is an unknown value
R12=0x000070000f080b38 is pointing into the stack for thread: 0x00007f82da01b000
R13=0x000070000f080b58 is pointing into the stack for thread: 0x00007f82da01b000
R14=0x00000000ffffffff is an unknown value
R15=0x000070000f080bd0 is pointing into the stack for thread: 0x00007f82da01b000


Stack: [0x000070000ef84000,0x000070000f084000],  sp=0x000070000f080b30,  free space=1010k
Native frames: (J=compiled Java code, j=interpreted, Vv=VM code, C=native code)
V  [libjvm.dylib+0x2630b3]
V  [libjvm.dylib+0x264a08]
V  [libjvm.dylib+0x264da2]
V  [libjvm.dylib+0x19f34d]
V  [libjvm.dylib+0x19de51]
V  [libjvm.dylib+0x13cfab]
V  [libjvm.dylib+0x1a959e]
V  [libjvm.dylib+0x1a8a93]
V  [libjvm.dylib+0x5326e8]
V  [libjvm.dylib+0x5325ad]
V  [libjvm.dylib+0x45fb8d]
C  [libsystem_pthread.dylib+0x393b]  _pthread_body+0xb4
C  [libsystem_pthread.dylib+0x3887]  _pthread_body+0x0
C  [libsystem_pthread.dylib+0x308d]  thread_start+0xd
C  0x0000000000000000


Current CompileTask:
C2:22384903 31255 % !   4       com.sun.tools.javac.comp.Flow$FlowAnalyzer::visitClassDef @ 114 (631 bytes)


---------------  P R O C E S S  ---------------

Java Threads: ( => current thread )
  0x00007f82de243800 JavaThread "RxComputationThreadPool-4" daemon [_thread_blocked, id=22079, stack(0x00007000134d1000,0x00007000135d1000)]
  0x00007f82dead8000 JavaThread "RxComputationThreadPool-3" daemon [_thread_blocked, id=52491, stack(0x00007000133ce000,0x00007000134ce000)]
  0x00007f82def2c800 JavaThread "RxComputationThreadPool-2" daemon [_thread_blocked, id=51723, stack(0x00007000132cb000,0x00007000133cb000)]
  0x00007f82dbfbb800 JavaThread "RxComputationThreadPool-1" daemon [_thread_blocked, id=50699, stack(0x00007000131c8000,0x00007000132c8000)]
  0x00007f82e0e0d000 JavaThread "RxCachedWorkerPoolEvictor-1" daemon [_thread_blocked, id=22847, stack(0x00007000112ed000,0x00007000113ed000)]
  0x00007f82df2c3800 JavaThread "Cache worker for Java compile cache (/Users/sofiane/AndroidStudioProjects/MyNews/.gradle/5.1.1/javaCompile)" [_thread_blocked, id=51219, stack(0x00007000130c5000,0x00007000131c5000)]
  0x00007f82df0ec800 JavaThread "stdout" daemon [_thread_in_native, id=36907, stack(0x00007000125a4000,0x00007000126a4000)]
  0x00007f82e0e2b000 JavaThread "stderr" daemon [_thread_in_native, id=33335, stack(0x0000700011a02000,0x0000700011b02000)]
  0x00007f82dc1fd000 JavaThread "process reaper" daemon [_thread_in_native, id=30771, stack(0x000070000e639000,0x000070000e661000)]
  0x00007f82dae3e800 JavaThread "stdout" daemon [_thread_in_native, id=36655, stack(0x00007000118ff000,0x00007000119ff000)]
  0x00007f82df0ec000 JavaThread "stderr" daemon [_thread_in_native, id=34859, stack(0x00007000117fc000,0x00007000118fc000)]
  0x00007f82de5d6800 JavaThread "process reaper" daemon [_thread_in_native, id=35647, stack(0x000070000e60e000,0x000070000e636000)]
  0x00007f82df128000 JavaThread "stdout" daemon [_thread_in_native, id=35891, stack(0x00007000116f9000,0x00007000117f9000)]
  0x00007f82df127000 JavaThread "stderr" daemon [_thread_in_native, id=28483, stack(0x00007000115f6000,0x00007000116f6000)]
  0x00007f82e09ca800 JavaThread "process reaper" daemon [_thread_in_native, id=43059, stack(0x000070000e5e3000,0x000070000e60b000)]
  0x00007f82dd874000 JavaThread "pool-35-thread-1" [_thread_blocked, id=26191, stack(0x00007000114f3000,0x00007000115f3000)]
  0x00007f82de162800 JavaThread "ForkJoinPool.commonPool-worker-2" daemon [_thread_blocked, id=42807, stack(0x00007000113f0000,0x00007000114f0000)]
  0x00007f82df540800 JavaThread "ForkJoinPool.commonPool-worker-0" daemon [_thread_blocked, id=25643, stack(0x00007000110e7000,0x00007000111e7000)]
  0x00007f82df540000 JavaThread "Cache worker for execution history cache (/Users/sofiane/AndroidStudioProjects/MyNews/.gradle/5.1.1/executionHistory)" [_thread_blocked, id=38683, stack(0x0000700010fe4000,0x00007000110e4000)]
  0x00007f82d9f3b800 JavaThread "Execution worker for ':' Thread 3" [_thread_blocked, id=38955, stack(0x0000700010ee1000,0x0000700010fe1000)]
  0x00007f82dd915800 JavaThread "Execution worker for ':' Thread 2" [_thread_blocked, id=21563, stack(0x0000700010dde000,0x0000700010ede000)]
  0x00007f82d9e36800 JavaThread "Execution worker for ':'" [_thread_in_Java, id=30247, stack(0x0000700010cdb000,0x0000700010ddb000)]
  0x00007f82dd8b4800 JavaThread "Cache worker for file content cache (/Users/sofiane/AndroidStudioProjects/MyNews/.gradle/5.1.1/fileContent)" [_thread_blocked, id=38459, stack(0x0000700010bd8000,0x0000700010cd8000)]
  0x00007f82df5f7000 JavaThread "Cache worker for Build Output Cleanup Cache (/Users/sofiane/AndroidStudioProjects/MyNews/.gradle/buildOutputCleanup)" [_thread_blocked, id=22579, stack(0x0000700010ad5000,0x0000700010bd5000)]
  0x00007f82df5b8000 JavaThread "Build operations Thread 4" [_thread_blocked, id=39207, stack(0x00007000107cc000,0x00007000108cc000)]
  0x00007f82e0bea000 JavaThread "Build operations Thread 3" [_thread_blocked, id=36151, stack(0x00007000106c9000,0x00007000107c9000)]
  0x00007f82df0ac800 JavaThread "Build operations Thread 2" [_thread_blocked, id=5423, stack(0x00007000105c6000,0x00007000106c6000)]
  0x00007f82e0beb800 JavaThread "Build operations" [_thread_blocked, id=37927, stack(0x00007000104c3000,0x00007000105c3000)]
  0x00007f82df198000 JavaThread "Cache worker for cache directory md-rule (/Users/sofiane/.gradle/caches/5.1.1/md-rule)" [_thread_blocked, id=28735, stack(0x00007000103c0000,0x00007000104c0000)]
  0x00007f82dafc5000 JavaThread "Cache worker for cache directory md-supplier (/Users/sofiane/.gradle/caches/5.1.1/md-supplier)" [_thread_blocked, id=27967, stack(0x00007000101ba000,0x00007000102ba000)]
  0x00007f82df298000 JavaThread "Cache worker for file hash cache (/Users/sofiane/AndroidStudioProjects/MyNews/.gradle/5.1.1/fileHashes)" [_thread_blocked, id=21827, stack(0x00007000100b7000,0x00007000101b7000)]
  0x00007f82de1a5800 JavaThread "Thread-319" [_thread_blocked, id=50195, stack(0x000070000ffb4000,0x00007000100b4000)]
  0x00007f82de8bc800 JavaThread "Stdin handler" [_thread_blocked, id=29227, stack(0x000070000fc2b000,0x000070000fd2b000)]
  0x00007f82dee9e800 JavaThread "Asynchronous log dispatcher for DefaultDaemonConnection: socket connection from /127.0.0.1:56393 to /127.0.0.1:60610" [_thread_blocked, id=22343, stack(0x000070000fb28000,0x000070000fc28000)]
  0x00007f82dae3f800 JavaThread "Cancel handler" [_thread_blocked, id=28211, stack(0x000070000f922000,0x000070000fa22000)]
  0x00007f82de4e1800 JavaThread "Handler for socket connection from /127.0.0.1:56393 to /127.0.0.1:60610" [_thread_in_native, id=25931, stack(0x000070000f81f000,0x000070000f91f000)]
  0x00007f82df5b7000 JavaThread "Daemon worker Thread 9" [_thread_blocked, id=33859, stack(0x000070000fa25000,0x000070000fb25000)]
  0x00007f82df22c800 JavaThread "Daemon Thread 9" [_thread_blocked, id=36403, stack(0x000070000f71c000,0x000070000f81c000)]
  0x00007f82dad96000 JavaThread "RxComputationThreadPool-4" daemon [_thread_blocked, id=45579, stack(0x0000700012fc2000,0x00007000130c2000)]
  0x00007f82decfe000 JavaThread "RxComputationThreadPool-3" daemon [_thread_blocked, id=49419, stack(0x0000700012ebf000,0x0000700012fbf000)]
  0x00007f82df574000 JavaThread "RxComputationThreadPool-2" daemon [_thread_blocked, id=49163, stack(0x0000700012dbc000,0x0000700012ebc000)]
  0x00007f82dc158800 JavaThread "RxComputationThreadPool-1" daemon [_thread_blocked, id=48907, stack(0x0000700012cb9000,0x0000700012db9000)]
  0x00007f82df69c800 JavaThread "RxCachedWorkerPoolEvictor-1" daemon [_thread_blocked, id=48151, stack(0x0000700012bb6000,0x0000700012cb6000)]
  0x00007f82de521800 JavaThread "RxComputationThreadPool-4" daemon [_thread_blocked, id=46603, stack(0x0000700012ab3000,0x0000700012bb3000)]
  0x00007f82de1ba800 JavaThread "RxComputationThreadPool-3" daemon [_thread_blocked, id=46347, stack(0x00007000129b0000,0x0000700012ab0000)]
  0x00007f82de1bc000 JavaThread "RxComputationThreadPool-2" daemon [_thread_blocked, id=47371, stack(0x00007000128ad000,0x00007000129ad000)]
  0x00007f82de927000 JavaThread "RxComputationThreadPool-1" daemon [_thread_blocked, id=29979, stack(0x00007000127aa000,0x00007000128aa000)]
  0x00007f82df45f800 JavaThread "RxCachedWorkerPoolEvictor-1" daemon [_thread_blocked, id=45843, stack(0x00007000126a7000,0x00007000127a7000)]
  0x00007f82dcab9000 JavaThread "RxComputationThreadPool-4" daemon [_thread_blocked, id=44803, stack(0x00007000124a1000,0x00007000125a1000)]
  0x00007f82d9753800 JavaThread "RxComputationThreadPool-3" daemon [_thread_blocked, id=44291, stack(0x000070001239e000,0x000070001249e000)]
  0x00007f82dd66c000 JavaThread "RxComputationThreadPool-2" daemon [_thread_blocked, id=43779, stack(0x000070001229b000,0x000070001239b000)]
  0x00007f82dec89800 JavaThread "RxComputationThreadPool-1" daemon [_thread_blocked, id=43267, stack(0x0000700012198000,0x0000700012298000)]
  0x00007f82dd66e000 JavaThread "RxCachedWorkerPoolEvictor-1" daemon [_thread_blocked, id=32263, stack(0x0000700012095000,0x0000700012195000)]
  0x00007f82df445000 JavaThread "RxComputationThreadPool-4" daemon [_thread_blocked, id=42243, stack(0x0000700011f92000,0x0000700012092000)]
  0x00007f82df22b800 JavaThread "RxComputationThreadPool-3" daemon [_thread_blocked, id=41731, stack(0x0000700011e8f000,0x0000700011f8f000)]
  0x00007f82d8bd2800 JavaThread "RxComputationThreadPool-2" daemon [_thread_blocked, id=41219, stack(0x0000700011d8c000,0x0000700011e8c000)]
  0x00007f82d8c0a800 JavaThread "RxComputationThreadPool-1" daemon [_thread_blocked, id=40707, stack(0x0000700011c89000,0x0000700011d89000)]
  0x00007f82d9dac800 JavaThread "RxCachedWorkerPoolEvictor-1" daemon [_thread_blocked, id=40195, stack(0x0000700011b86000,0x0000700011c86000)]
  0x00007f82d9e33000 JavaThread "Cache worker for Java compile cache (/Users/sofiane/.gradle/caches/5.1.1/javaCompile)" [_thread_blocked, id=34055, stack(0x00007000111ea000,0x00007000112ea000)]
  0x00007f82d9ee5000 JavaThread "Cache worker for file content cache (/Users/sofiane/.gradle/caches/5.1.1/fileContent)" [_thread_blocked, id=31499, stack(0x00007000109d2000,0x0000700010ad2000)]
  0x00007f82df0a5800 JavaThread "Memory manager" [_thread_blocked, id=29443, stack(0x00007000108cf000,0x00007000109cf000)]
  0x00007f82dcc72800 JavaThread "Cache worker for execution history cache (/Users/sofiane/.gradle/caches/5.1.1/executionHistory)" [_thread_blocked, id=26371, stack(0x00007000102bd000,0x00007000103bd000)]
  0x00007f82d88d4800 JavaThread "Cache worker for journal cache (/Users/sofiane/.gradle/caches/journal-1)" [_thread_blocked, id=24323, stack(0x000070000feb1000,0x000070000ffb1000)]
  0x00007f82d9a49000 JavaThread "File lock request listener" [_thread_in_native, id=4615, stack(0x000070000fdae000,0x000070000feae000)]
  0x00007f82dabb4000 JavaThread "Cache worker for file hash cache (/Users/sofiane/.gradle/caches/5.1.1/fileHashes)" [_thread_blocked, id=4359, stack(0x000070000e4e0000,0x000070000e5e0000)]
  0x00007f82daade000 JavaThread "Daemon periodic checks" [_thread_blocked, id=19971, stack(0x000070000f596000,0x000070000f696000)]
  0x00007f82daa11800 JavaThread "Incoming local TCP Connector on port 56393" [_thread_in_native, id=19459, stack(0x000070000f493000,0x000070000f593000)]
  0x00007f82d9849000 JavaThread "Service Thread" daemon [_thread_blocked, id=18435, stack(0x000070000f28d000,0x000070000f38d000)]
  0x00007f82d883e800 JavaThread "C1 CompilerThread2" daemon [_thread_in_vm, id=17923, stack(0x000070000f18a000,0x000070000f28a000)]
  0x00007f82d883e000 JavaThread "C2 CompilerThread1" daemon [_thread_in_native, id=17411, stack(0x000070000f087000,0x000070000f187000)]
=>0x00007f82da01b000 JavaThread "C2 CompilerThread0" daemon [_thread_in_native, id=16899, stack(0x000070000ef84000,0x000070000f084000)]
  0x00007f82d8820000 JavaThread "Signal Dispatcher" daemon [_thread_blocked, id=16387, stack(0x000070000ee81000,0x000070000ef81000)]
  0x00007f82da019800 JavaThread "Finalizer" daemon [_thread_blocked, id=12547, stack(0x000070000ed7e000,0x000070000ee7e000)]
  0x00007f82d8832800 JavaThread "Reference Handler" daemon [_thread_blocked, id=12035, stack(0x000070000ec7b000,0x000070000ed7b000)]
  0x00007f82d8809800 JavaThread "main" [_thread_blocked, id=7171, stack(0x000070000e669000,0x000070000e769000)]

Other Threads:
  0x00007f82d882d800 VMThread [stack: 0x000070000eb78000,0x000070000ec78000] [id=11523]
  0x00007f82d982a800 WatcherThread [stack: 0x000070000f390000,0x000070000f490000] [id=18947]

VM state:not at safepoint (normal execution)

VM Mutex/Monitor currently owned by a thread:  ([mutex/lock_event])
[0x00007f82d8410090] MethodData_lock - owner thread: 0x0000000000000000

Heap:
 PSYoungGen      total 377856K, used 114899K [0x00000007a0000000, 0x00000007bec00000, 0x00000007c0000000)
  eden space 252416K, 31% used [0x00000007a0000000,0x00000007a4d22a80,0x00000007af680000)
  from space 125440K, 28% used [0x00000007af680000,0x00000007b1992318,0x00000007b7100000)
  to   space 117248K, 0% used [0x00000007b7980000,0x00000007b7980000,0x00000007bec00000)
 ParOldGen       total 282112K, used 256726K [0x0000000760000000, 0x0000000771380000, 0x00000007a0000000)
  object space 282112K, 91% used [0x0000000760000000,0x000000076fab5b20,0x0000000771380000)
 Metaspace       used 122741K, capacity 130094K, committed 130344K, reserved 1163264K
  class space    used 14865K, capacity 16382K, committed 16432K, reserved 1048576K

Card table byte_map: [0x000000010fc5c000,0x000000010ff5d000] byte_map_base: 0x000000010c15c000

Marking Bits: (ParMarkBitMap*) 0x000000010f62c8f8
 Begin Bits: [0x000000011015d000, 0x000000011195d000)
 End Bits:   [0x000000011195d000, 0x000000011315d000)

Polling page: 0x000000010e470000

CodeCache: size=245760Kb used=79207Kb max_used=79207Kb free=166552Kb
 bounds [0x000000011900a000, 0x000000011ddea000, 0x000000012800a000]
 total_blobs=23810 nmethods=22888 adapters=833
 compilation: enabled

Compilation events (10 events):
Event: 22384.649 Thread 0x00007f82da01b000 nmethod 31223 0x000000011ddda390 code [0x000000011ddda720, 0x000000011dddbd48]
Event: 22384.649 Thread 0x00007f82da01b000 31206       4       com.sun.tools.javac.comp.Lower::translate (19 bytes)
Event: 22384.667 Thread 0x00007f82da01b000 nmethod 31206 0x000000011dddd910 code [0x000000011ddddb60, 0x000000011ddde400]
Event: 22384.667 Thread 0x00007f82da01b000 31251 % !   4       com.sun.tools.javac.comp.Flow$AliveAnalyzer::visitClassDef @ 66 (308 bytes)
Event: 22384.726 Thread 0x00007f82da01b000 nmethod 31251% 0x000000011dde2650 code [0x000000011dde29a0, 0x000000011dde4400]
Event: 22384.726 Thread 0x00007f82da01b000 31255 % !   4       com.sun.tools.javac.comp.Flow$FlowAnalyzer::visitClassDef @ 114 (631 bytes)
Event: 22384.782 Thread 0x00007f82d883e800 31257       3       com.sun.tools.javac.jvm.Code$State::markInitialized (143 bytes)
Event: 22384.784 Thread 0x00007f82d883e800 nmethod 31257 0x000000011dde11d0 code [0x000000011dde13c0, 0x000000011dde1ee8]
Event: 22384.875 Thread 0x00007f82d883e800 31260       1       com.sun.tools.javac.tree.JCTree$JCArrayTypeTree::getTag (4 bytes)
Event: 22384.875 Thread 0x00007f82d883e800 nmethod 31260 0x000000011a576550 code [0x000000011a5766a0, 0x000000011a5767b0]

GC Heap History (10 events):
Event: 16985.570 GC heap before
{Heap before GC invocations=53 (full 4):
 PSYoungGen      total 383488K, used 251472K [0x00000007a0000000, 0x00000007c0000000, 0x00000007c0000000)
  eden space 241152K, 100% used [0x00000007a0000000,0x00000007aeb80000,0x00000007aeb80000)
  from space 142336K, 7% used [0x00000007b7500000,0x00000007b7f14060,0x00000007c0000000)
  to   space 140800K, 0% used [0x00000007aeb80000,0x00000007aeb80000,0x00000007b7500000)
 ParOldGen       total 282112K, used 245589K [0x0000000760000000, 0x0000000771380000, 0x00000007a0000000)
  object space 282112K, 87% used [0x0000000760000000,0x000000076efd54c8,0x0000000771380000)
 Metaspace       used 118774K, capacity 125702K, committed 125992K, reserved 1159168K
  class space    used 14451K, capacity 15875K, committed 15920K, reserved 1048576K
Event: 16985.578 GC heap after
Heap after GC invocations=53 (full 4):
 PSYoungGen      total 247296K, used 5857K [0x00000007a0000000, 0x00000007bfb80000, 0x00000007c0000000)
  eden space 241152K, 0% used [0x00000007a0000000,0x00000007a0000000,0x00000007aeb80000)
  from space 6144K, 95% used [0x00000007aeb80000,0x00000007af138650,0x00000007af180000)
  to   space 139264K, 0% used [0x00000007b7380000,0x00000007b7380000,0x00000007bfb80000)
 ParOldGen       total 282112K, used 245981K [0x0000000760000000, 0x0000000771380000, 0x00000007a0000000)
  object space 282112K, 87% used [0x0000000760000000,0x000000076f0374f8,0x0000000771380000)
 Metaspace       used 118774K, capacity 125702K, committed 125992K, reserved 1159168K
  class space    used 14451K, capacity 15875K, committed 15920K, reserved 1048576K
}
Event: 22257.038 GC heap before
{Heap before GC invocations=54 (full 4):
 PSYoungGen      total 247296K, used 247009K [0x00000007a0000000, 0x00000007bfb80000, 0x00000007c0000000)
  eden space 241152K, 100% used [0x00000007a0000000,0x00000007aeb80000,0x00000007aeb80000)
  from space 6144K, 95% used [0x00000007aeb80000,0x00000007af138650,0x00000007af180000)
  to   space 139264K, 0% used [0x00000007b7380000,0x00000007b7380000,0x00000007bfb80000)
 ParOldGen       total 282112K, used 245981K [0x0000000760000000, 0x0000000771380000, 0x00000007a0000000)
  object space 282112K, 87% used [0x0000000760000000,0x000000076f0374f8,0x0000000771380000)
 Metaspace       used 119867K, capacity 126922K, committed 127272K, reserved 1161216K
  class space    used 14601K, capacity 16080K, committed 16176K, reserved 1048576K
Event: 22257.278 GC heap after
Heap after GC invocations=54 (full 4):
 PSYoungGen      total 382976K, used 6453K [0x00000007a0000000, 0x00000007c0000000, 0x00000007c0000000)
  eden space 243712K, 0% used [0x00000007a0000000,0x00000007a0000000,0x00000007aee00000)
  from space 139264K, 4% used [0x00000007b7380000,0x00000007b79cd710,0x00000007bfb80000)
  to   space 136704K, 0% used [0x00000007aee00000,0x00000007aee00000,0x00000007b7380000)
 ParOldGen       total 282112K, used 246133K [0x0000000760000000, 0x0000000771380000, 0x00000007a0000000)
  object space 282112K, 87% used [0x0000000760000000,0x000000076f05d508,0x0000000771380000)
 Metaspace       used 119867K, capacity 126922K, committed 127272K, reserved 1161216K
  class space    used 14601K, capacity 16080K, committed 16176K, reserved 1048576K
}
Event: 22259.374 GC heap before
{Heap before GC invocations=55 (full 4):
 PSYoungGen      total 382976K, used 250165K [0x00000007a0000000, 0x00000007c0000000, 0x00000007c0000000)
  eden space 243712K, 100% used [0x00000007a0000000,0x00000007aee00000,0x00000007aee00000)
  from space 139264K, 4% used [0x00000007b7380000,0x00000007b79cd710,0x00000007bfb80000)
  to   space 136704K, 0% used [0x00000007aee00000,0x00000007aee00000,0x00000007b7380000)
 ParOldGen       total 282112K, used 246133K [0x0000000760000000, 0x0000000771380000, 0x00000007a0000000)
  object space 282112K, 87% used [0x0000000760000000,0x000000076f05d508,0x0000000771380000)
 Metaspace       used 119880K, capacity 126926K, committed 127272K, reserved 1161216K
  class space    used 14602K, capacity 16080K, committed 16176K, reserved 1048576K
Event: 22259.501 GC heap after
Heap after GC invocations=55 (full 4):
 PSYoungGen      total 271360K, used 27163K [0x00000007a0000000, 0x00000007bef80000, 0x00000007c0000000)
  eden space 243712K, 0% used [0x00000007a0000000,0x00000007a0000000,0x00000007aee00000)
  from space 27648K, 98% used [0x00000007aee00000,0x00000007b0886e50,0x00000007b0900000)
  to   space 129536K, 0% used [0x00000007b7100000,0x00000007b7100000,0x00000007bef80000)
 ParOldGen       total 282112K, used 251054K [0x0000000760000000, 0x0000000771380000, 0x00000007a0000000)
  object space 282112K, 88% used [0x0000000760000000,0x000000076f52b860,0x0000000771380000)
 Metaspace       used 119880K, capacity 126926K, committed 127272K, reserved 1161216K
  class space    used 14602K, capacity 16080K, committed 16176K, reserved 1048576K
}
Event: 22379.556 GC heap before
{Heap before GC invocations=56 (full 4):
 PSYoungGen      total 271360K, used 270875K [0x00000007a0000000, 0x00000007bef80000, 0x00000007c0000000)
  eden space 243712K, 100% used [0x00000007a0000000,0x00000007aee00000,0x00000007aee00000)
  from space 27648K, 98% used [0x00000007aee00000,0x00000007b0886e50,0x00000007b0900000)
  to   space 129536K, 0% used [0x00000007b7100000,0x00000007b7100000,0x00000007bef80000)
 ParOldGen       total 282112K, used 251054K [0x0000000760000000, 0x0000000771380000, 0x00000007a0000000)
  object space 282112K, 88% used [0x0000000760000000,0x000000076f52b860,0x0000000771380000)
 Metaspace       used 120275K, capacity 127614K, committed 127784K, reserved 1161216K
  class space    used 14641K, capacity 16150K, committed 16176K, reserved 1048576K
Event: 22379.590 GC heap after
Heap after GC invocations=56 (full 4):
 PSYoungGen      total 381952K, used 10452K [0x00000007a0000000, 0x00000007c0000000, 0x00000007c0000000)
  eden space 252416K, 0% used [0x00000007a0000000,0x00000007a0000000,0x00000007af680000)
  from space 129536K, 8% used [0x00000007b7100000,0x00000007b7b352d0,0x00000007bef80000)
  to   space 125440K, 0% used [0x00000007af680000,0x00000007af680000,0x00000007b7100000)
 ParOldGen       total 282112K, used 252066K [0x0000000760000000, 0x0000000771380000, 0x00000007a0000000)
  object space 282112K, 89% used [0x0000000760000000,0x000000076f628890,0x0000000771380000)
 Metaspace       used 120275K, capacity 127614K, committed 127784K, reserved 1161216K
  class space    used 14641K, capacity 16150K, committed 16176K, reserved 1048576K
}
Event: 22384.135 GC heap before
{Heap before GC invocations=57 (full 4):
 PSYoungGen      total 381952K, used 262868K [0x00000007a0000000, 0x00000007c0000000, 0x00000007c0000000)
  eden space 252416K, 100% used [0x00000007a0000000,0x00000007af680000,0x00000007af680000)
  from space 129536K, 8% used [0x00000007b7100000,0x00000007b7b352d0,0x00000007bef80000)
  to   space 125440K, 0% used [0x00000007af680000,0x00000007af680000,0x00000007b7100000)
 ParOldGen       total 282112K, used 252066K [0x0000000760000000, 0x0000000771380000, 0x00000007a0000000)
  object space 282112K, 89% used [0x0000000760000000,0x000000076f628890,0x0000000771380000)
 Metaspace       used 122674K, capacity 130030K, committed 130088K, reserved 1163264K
  class space    used 14865K, capacity 16382K, committed 16432K, reserved 1048576K
Event: 22384.270 GC heap after
Heap after GC invocations=57 (full 4):
 PSYoungGen      total 377856K, used 35912K [0x00000007a0000000, 0x00000007bec00000, 0x00000007c0000000)
  eden space 252416K, 0% used [0x00000007a0000000,0x00000007a0000000,0x00000007af680000)
  from space 125440K, 28% used [0x00000007af680000,0x00000007b1992318,0x00000007b7100000)
  to   space 117248K, 0% used [0x00000007b7980000,0x00000007b7980000,0x00000007bec00000)
 ParOldGen       total 282112K, used 256726K [0x0000000760000000, 0x0000000771380000, 0x00000007a0000000)
  object space 282112K, 91% used [0x0000000760000000,0x000000076fab5b20,0x0000000771380000)
 Metaspace       used 122674K, capacity 130030K, committed 130088K, reserved 1163264K
  class space    used 14865K, capacity 16382K, committed 16432K, reserved 1048576K
}

Deoptimization events (10 events):
Event: 22383.007 Thread 0x00007f82d9e36800 Uncommon trap: reason=array_check action=maybe_recompile pc=0x000000011dc09450 method=java.util.ComparableTimSort.mergeHi(IIII)V @ 101
Event: 22383.007 Thread 0x00007f82d9e36800 Uncommon trap: reason=array_check action=maybe_recompile pc=0x000000011dc09450 method=java.util.ComparableTimSort.mergeHi(IIII)V @ 101
Event: 22383.007 Thread 0x00007f82d9e36800 Uncommon trap: reason=array_check action=maybe_recompile pc=0x000000011dc09450 method=java.util.ComparableTimSort.mergeHi(IIII)V @ 101
Event: 22383.008 Thread 0x00007f82d9e36800 Uncommon trap: reason=array_check action=maybe_recompile pc=0x000000011d8306d4 method=java.util.ComparableTimSort.mergeHi(IIII)V @ 245
Event: 22383.008 Thread 0x00007f82d9e36800 Uncommon trap: reason=array_check action=maybe_recompile pc=0x000000011d10ae98 method=java.util.ComparableTimSort.mergeLo(IIII)V @ 371
Event: 22383.008 Thread 0x00007f82d9e36800 Uncommon trap: reason=array_check action=maybe_recompile pc=0x000000011d10ae98 method=java.util.ComparableTimSort.mergeLo(IIII)V @ 371
Event: 22383.008 Thread 0x00007f82d9e36800 Uncommon trap: reason=array_check action=maybe_recompile pc=0x000000011d830750 method=java.util.ComparableTimSort.mergeHi(IIII)V @ 277
Event: 22383.009 Thread 0x00007f82d9e36800 Uncommon trap: reason=array_check action=maybe_recompile pc=0x000000011d830750 method=java.util.ComparableTimSort.mergeHi(IIII)V @ 277
Event: 22383.047 Thread 0x00007f82d9e36800 Uncommon trap: reason=predicate action=maybe_recompile pc=0x000000011dd3d0c8 method=java.util.ComparableTimSort.mergeHi(IIII)V @ 185
Event: 22384.428 Thread 0x00007f82d9e36800 Uncommon trap: reason=unstable_if action=reinterpret pc=0x000000011d8c0198 method=com.sun.tools.javac.comp.Resolve.findTypeVar(Lcom/sun/tools/javac/comp/Env;Lcom/sun/tools/javac/util/Name;Z)Lcom/sun/tools/javac/code/Symbol; @ 33

Classes redefined (0 events):
No events

Internal exceptions (10 events):
Event: 22378.984 Thread 0x00007f82df5b7000 Exception <a 'sun/nio/fs/UnixException'> (0x00000007ac384f00) thrown at [/Volumes/android/AOSP-openjdk-git/jdk8u/hotspot/src/share/vm/prims/jni.cpp, line 709]
Event: 22378.985 Thread 0x00007f82df5b7000 Exception <a 'sun/nio/fs/UnixException'> (0x00000007ac3866d0) thrown at [/Volumes/android/AOSP-openjdk-git/jdk8u/hotspot/src/share/vm/prims/jni.cpp, line 709]
Event: 22378.985 Thread 0x00007f82df5b7000 Exception <a 'sun/nio/fs/UnixException'> (0x00000007ac388828) thrown at [/Volumes/android/AOSP-openjdk-git/jdk8u/hotspot/src/share/vm/prims/jni.cpp, line 709]
Event: 22378.985 Thread 0x00007f82df5b7000 Exception <a 'sun/nio/fs/UnixException'> (0x00000007ac38a078) thrown at [/Volumes/android/AOSP-openjdk-git/jdk8u/hotspot/src/share/vm/prims/jni.cpp, line 709]
Event: 22378.985 Thread 0x00007f82df5b7000 Exception <a 'sun/nio/fs/UnixException'> (0x00000007ac38c8d0) thrown at [/Volumes/android/AOSP-openjdk-git/jdk8u/hotspot/src/share/vm/prims/jni.cpp, line 709]
Event: 22378.985 Thread 0x00007f82df5b7000 Exception <a 'sun/nio/fs/UnixException'> (0x00000007ac38e0a0) thrown at [/Volumes/android/AOSP-openjdk-git/jdk8u/hotspot/src/share/vm/prims/jni.cpp, line 709]
Event: 22378.985 Thread 0x00007f82df5b7000 Exception <a 'sun/nio/fs/UnixException'> (0x00000007ac3902c0) thrown at [/Volumes/android/AOSP-openjdk-git/jdk8u/hotspot/src/share/vm/prims/jni.cpp, line 709]
Event: 22378.985 Thread 0x00007f82df5b7000 Exception <a 'sun/nio/fs/UnixException'> (0x00000007ac391b70) thrown at [/Volumes/android/AOSP-openjdk-git/jdk8u/hotspot/src/share/vm/prims/jni.cpp, line 709]
Event: 22379.438 Thread 0x00007f82d9e36800 Exception <a 'sun/nio/fs/UnixException'> (0x00000007ae9e0008) thrown at [/Volumes/android/AOSP-openjdk-git/jdk8u/hotspot/src/share/vm/prims/jni.cpp, line 709]
Event: 22379.446 Thread 0x00007f82d9e36800 Exception <a 'sun/nio/fs/UnixException'> (0x00000007ae9f2cb0) thrown at [/Volumes/android/AOSP-openjdk-git/jdk8u/hotspot/src/share/vm/prims/jni.cpp, line 709]

Events (10 events):
Event: 22384.301 Thread 0x00007f82d883e800 flushing nmethod 0x000000011cfbf050
Event: 22384.302 Thread 0x00007f82d883e800 flushing nmethod 0x000000011cfdb390
Event: 22384.316 Thread 0x00007f82da01b000 flushing nmethod 0x000000011dbac4d0
Event: 22384.428 Thread 0x00007f82d9e36800 Uncommon trap: trap_request=0xffffff65 fr.pc=0x000000011d8c0198
Event: 22384.429 Thread 0x00007f82d9e36800 DEOPT PACKING pc=0x000000011d8c0198 sp=0x0000700010dd65f0
Event: 22384.429 Thread 0x00007f82d9e36800 DEOPT UNPACKING pc=0x000000011904f47a sp=0x0000700010dd6560 mode 2
Event: 22384.784 Thread 0x00007f82d9e36800 DEOPT PACKING pc=0x000000011b99412f sp=0x0000700010dd7140
Event: 22384.787 Thread 0x00007f82d9e36800 DEOPT UNPACKING pc=0x00000001190514c4 sp=0x0000700010dd6f18 mode 0
Event: 22384.869 Thread 0x00007f82d9e36800 DEOPT PACKING pc=0x000000011b989cf0 sp=0x0000700010dd70d0
Event: 22384.869 Thread 0x00007f82d9e36800 DEOPT UNPACKING pc=0x00000001190514c4 sp=0x0000700010dd6e78 mode 0


Dynamic libraries:
0x0000000021959000 	/System/Library/Frameworks/Cocoa.framework/Versions/A/Cocoa
0x0000000021959000 	/System/Library/Frameworks/Security.framework/Versions/A/Security
0x0000000021959000 	/System/Library/Frameworks/ApplicationServices.framework/Versions/A/ApplicationServices
0x0000000021959000 	/usr/lib/libz.1.dylib
0x0000000021959000 	/usr/lib/libSystem.B.dylib
0x0000000021959000 	/System/Library/Frameworks/CoreFoundation.framework/Versions/A/CoreFoundation
0x0000000021959000 	/System/Library/Frameworks/Foundation.framework/Versions/C/Foundation
0x0000000021959000 	/usr/lib/libobjc.A.dylib
0x0000000021959000 	/System/Library/Frameworks/AppKit.framework/Versions/C/AppKit
0x0000000021959000 	/System/Library/Frameworks/CoreData.framework/Versions/A/CoreData
0x0000000021959000 	/System/Library/PrivateFrameworks/RemoteViewServices.framework/Versions/A/RemoteViewServices
0x0000000021959000 	/System/Library/PrivateFrameworks/UIFoundation.framework/Versions/A/UIFoundation
0x0000000021959000 	/System/Library/PrivateFrameworks/DFRFoundation.framework/Versions/A/DFRFoundation
0x0000000021959000 	/usr/lib/libenergytrace.dylib
0x0000000021959000 	/System/Library/PrivateFrameworks/SkyLight.framework/Versions/A/SkyLight
0x0000000021959000 	/System/Library/Frameworks/CoreGraphics.framework/Versions/A/CoreGraphics
0x0000000021959000 	/usr/lib/libScreenReader.dylib
0x0000000021959000 	/System/Library/Frameworks/Accelerate.framework/Versions/A/Accelerate
0x0000000021959000 	/System/Library/Frameworks/IOSurface.framework/Versions/A/IOSurface
0x0000000021959000 	/System/Library/Frameworks/AudioToolbox.framework/Versions/A/AudioToolbox
0x0000000021959000 	/System/Library/Frameworks/AudioUnit.framework/Versions/A/AudioUnit
0x0000000021959000 	/System/Library/PrivateFrameworks/DataDetectorsCore.framework/Versions/A/DataDetectorsCore
0x0000000021959000 	/System/Library/PrivateFrameworks/DesktopServicesPriv.framework/Versions/A/DesktopServicesPriv
0x0000000021959000 	/System/Library/Frameworks/Carbon.framework/Versions/A/Frameworks/HIToolbox.framework/Versions/A/HIToolbox
0x0000000021959000 	/usr/lib/libicucore.A.dylib
0x0000000021959000 	/System/Library/Frameworks/QuartzCore.framework/Versions/A/QuartzCore
0x0000000021959000 	/System/Library/Frameworks/Carbon.framework/Versions/A/Frameworks/SpeechRecognition.framework/Versions/A/SpeechRecognition
0x0000000021959000 	/usr/lib/libauto.dylib
0x0000000021959000 	/usr/lib/libxml2.2.dylib
0x0000000021959000 	/System/Library/PrivateFrameworks/CoreUI.framework/Versions/A/CoreUI
0x0000000021959000 	/System/Library/Frameworks/CoreAudio.framework/Versions/A/CoreAudio
0x0000000021959000 	/System/Library/Frameworks/DiskArbitration.framework/Versions/A/DiskArbitration
0x0000000021959000 	/usr/lib/liblangid.dylib
0x0000000021959000 	/System/Library/PrivateFrameworks/MultitouchSupport.framework/Versions/A/MultitouchSupport
0x0000000021959000 	/System/Library/Frameworks/IOKit.framework/Versions/A/IOKit
0x0000000021959000 	/usr/lib/libDiagnosticMessagesClient.dylib
0x0000000021959000 	/System/Library/Frameworks/CoreServices.framework/Versions/A/CoreServices
0x0000000021959000 	/System/Library/PrivateFrameworks/PerformanceAnalysis.framework/Versions/A/PerformanceAnalysis
0x0000000021959000 	/System/Library/PrivateFrameworks/GenerationalStorage.framework/Versions/A/GenerationalStorage
0x0000000021959000 	/System/Library/Frameworks/OpenGL.framework/Versions/A/OpenGL
0x0000000021959000 	/System/Library/Frameworks/CoreImage.framework/Versions/A/CoreImage
0x0000000021959000 	/System/Library/Frameworks/CoreText.framework/Versions/A/CoreText
0x0000000021959000 	/System/Library/Frameworks/ImageIO.framework/Versions/A/ImageIO
0x0000000021959000 	/System/Library/PrivateFrameworks/Backup.framework/Versions/A/Backup
0x0000000021959000 	/usr/lib/libarchive.2.dylib
0x0000000021959000 	/System/Library/Frameworks/CFNetwork.framework/Versions/A/CFNetwork
0x0000000021959000 	/System/Library/Frameworks/SystemConfiguration.framework/Versions/A/SystemConfiguration
0x0000000021959000 	/usr/lib/libCRFSuite.dylib
0x0000000021959000 	/usr/lib/libc++.1.dylib
0x0000000021959000 	/usr/lib/libc++abi.dylib
0x0000000021959000 	/usr/lib/system/libcache.dylib
0x0000000021959000 	/usr/lib/system/libcommonCrypto.dylib
0x0000000021959000 	/usr/lib/system/libcompiler_rt.dylib
0x0000000021959000 	/usr/lib/system/libcopyfile.dylib
0x0000000021959000 	/usr/lib/system/libcorecrypto.dylib
0x0000000021959000 	/usr/lib/system/libdispatch.dylib
0x0000000021959000 	/usr/lib/system/libdyld.dylib
0x0000000021959000 	/usr/lib/system/libkeymgr.dylib
0x0000000021959000 	/usr/lib/system/liblaunch.dylib
0x0000000021959000 	/usr/lib/system/libmacho.dylib
0x0000000021959000 	/usr/lib/system/libquarantine.dylib
0x0000000021959000 	/usr/lib/system/libremovefile.dylib
0x0000000021959000 	/usr/lib/system/libsystem_asl.dylib
0x0000000021959000 	/usr/lib/system/libsystem_blocks.dylib
0x0000000021959000 	/usr/lib/system/libsystem_c.dylib
0x0000000021959000 	/usr/lib/system/libsystem_configuration.dylib
0x0000000021959000 	/usr/lib/system/libsystem_coreservices.dylib
0x0000000021959000 	/usr/lib/system/libsystem_coretls.dylib
0x0000000021959000 	/usr/lib/system/libsystem_dnssd.dylib
0x0000000021959000 	/usr/lib/system/libsystem_info.dylib
0x0000000021959000 	/usr/lib/system/libsystem_kernel.dylib
0x0000000021959000 	/usr/lib/system/libsystem_m.dylib
0x0000000021959000 	/usr/lib/system/libsystem_malloc.dylib
0x0000000021959000 	/usr/lib/system/libsystem_network.dylib
0x0000000021959000 	/usr/lib/system/libsystem_networkextension.dylib
0x0000000021959000 	/usr/lib/system/libsystem_notify.dylib
0x0000000021959000 	/usr/lib/system/libsystem_platform.dylib
0x0000000021959000 	/usr/lib/system/libsystem_pthread.dylib
0x0000000021959000 	/usr/lib/system/libsystem_sandbox.dylib
0x0000000021959000 	/usr/lib/system/libsystem_secinit.dylib
0x0000000021959000 	/usr/lib/system/libsystem_symptoms.dylib
0x0000000021959000 	/usr/lib/system/libsystem_trace.dylib
0x0000000021959000 	/usr/lib/system/libunwind.dylib
0x0000000021959000 	/usr/lib/system/libxpc.dylib
0x0000000021959000 	/usr/lib/libbsm.0.dylib
0x0000000021959000 	/usr/lib/system/libkxld.dylib
0x0000000021959000 	/usr/lib/libcoretls.dylib
0x0000000021959000 	/usr/lib/libcoretls_cfhelpers.dylib
0x0000000021959000 	/usr/lib/libOpenScriptingUtil.dylib
0x0000000021959000 	/usr/lib/libpam.2.dylib
0x0000000021959000 	/usr/lib/libsqlite3.dylib
0x0000000021959000 	/usr/lib/libxar.1.dylib
0x0000000021959000 	/usr/lib/libbz2.1.0.dylib
0x0000000021959000 	/usr/lib/liblzma.5.dylib
0x0000000021959000 	/usr/lib/libnetwork.dylib
0x0000000021959000 	/usr/lib/libpcap.A.dylib
0x0000000021959000 	/System/Library/Frameworks/CoreServices.framework/Versions/A/Frameworks/FSEvents.framework/Versions/A/FSEvents
0x0000000021959000 	/System/Library/Frameworks/CoreServices.framework/Versions/A/Frameworks/CarbonCore.framework/Versions/A/CarbonCore
0x0000000021959000 	/System/Library/Frameworks/CoreServices.framework/Versions/A/Frameworks/Metadata.framework/Versions/A/Metadata
0x0000000021959000 	/System/Library/Frameworks/CoreServices.framework/Versions/A/Frameworks/OSServices.framework/Versions/A/OSServices
0x0000000021959000 	/System/Library/Frameworks/CoreServices.framework/Versions/A/Frameworks/SearchKit.framework/Versions/A/SearchKit
0x0000000021959000 	/System/Library/Frameworks/CoreServices.framework/Versions/A/Frameworks/AE.framework/Versions/A/AE
0x0000000021959000 	/System/Library/Frameworks/CoreServices.framework/Versions/A/Frameworks/LaunchServices.framework/Versions/A/LaunchServices
0x0000000021959000 	/System/Library/Frameworks/CoreServices.framework/Versions/A/Frameworks/DictionaryServices.framework/Versions/A/DictionaryServices
0x0000000021959000 	/System/Library/Frameworks/CoreServices.framework/Versions/A/Frameworks/SharedFileList.framework/Versions/A/SharedFileList
0x0000000021959000 	/System/Library/Frameworks/NetFS.framework/Versions/A/NetFS
0x0000000021959000 	/System/Library/PrivateFrameworks/NetAuth.framework/Versions/A/NetAuth
0x0000000021959000 	/System/Library/PrivateFrameworks/login.framework/Versions/A/Frameworks/loginsupport.framework/Versions/A/loginsupport
0x0000000021959000 	/System/Library/PrivateFrameworks/TCC.framework/Versions/A/TCC
0x0000000021959000 	/usr/lib/libmecabra.dylib
0x0000000021959000 	/System/Library/Frameworks/ApplicationServices.framework/Versions/A/Frameworks/ATS.framework/Versions/A/ATS
0x0000000021959000 	/System/Library/Frameworks/ApplicationServices.framework/Versions/A/Frameworks/ColorSync.framework/Versions/A/ColorSync
0x0000000021959000 	/System/Library/Frameworks/ApplicationServices.framework/Versions/A/Frameworks/HIServices.framework/Versions/A/HIServices
0x0000000021959000 	/System/Library/Frameworks/ApplicationServices.framework/Versions/A/Frameworks/LangAnalysis.framework/Versions/A/LangAnalysis
0x0000000021959000 	/System/Library/Frameworks/ApplicationServices.framework/Versions/A/Frameworks/PrintCore.framework/Versions/A/PrintCore
0x0000000021959000 	/System/Library/Frameworks/ApplicationServices.framework/Versions/A/Frameworks/QD.framework/Versions/A/QD
0x0000000021959000 	/System/Library/Frameworks/ApplicationServices.framework/Versions/A/Frameworks/SpeechSynthesis.framework/Versions/A/SpeechSynthesis
0x0000000021959000 	/System/Library/Frameworks/Accelerate.framework/Versions/A/Frameworks/vImage.framework/Versions/A/vImage
0x0000000021959000 	/System/Library/Frameworks/Accelerate.framework/Versions/A/Frameworks/vecLib.framework/Versions/A/vecLib
0x0000000021959000 	/System/Library/Frameworks/Accelerate.framework/Versions/A/Frameworks/vecLib.framework/Versions/A/libvDSP.dylib
0x0000000021959000 	/System/Library/Frameworks/Accelerate.framework/Versions/A/Frameworks/vecLib.framework/Versions/A/libBNNS.dylib
0x0000000021959000 	/System/Library/Frameworks/Accelerate.framework/Versions/A/Frameworks/vecLib.framework/Versions/A/libQuadrature.dylib
0x0000000021959000 	/System/Library/Frameworks/Accelerate.framework/Versions/A/Frameworks/vecLib.framework/Versions/A/libvMisc.dylib
0x0000000021959000 	/System/Library/Frameworks/Accelerate.framework/Versions/A/Frameworks/vecLib.framework/Versions/A/libLAPACK.dylib
0x0000000021959000 	/System/Library/Frameworks/Accelerate.framework/Versions/A/Frameworks/vecLib.framework/Versions/A/libBLAS.dylib
0x0000000021959000 	/System/Library/Frameworks/Accelerate.framework/Versions/A/Frameworks/vecLib.framework/Versions/A/libLinearAlgebra.dylib
0x0000000021959000 	/System/Library/Frameworks/Accelerate.framework/Versions/A/Frameworks/vecLib.framework/Versions/A/libSparseBLAS.dylib
0x0000000021959000 	/System/Library/Frameworks/ApplicationServices.framework/Versions/A/Frameworks/ATS.framework/Versions/A/Resources/libFontParser.dylib
0x0000000021959000 	/System/Library/Frameworks/ApplicationServices.framework/Versions/A/Frameworks/ATS.framework/Versions/A/Resources/libFontRegistry.dylib
0x0000000021959000 	/System/Library/Frameworks/ImageIO.framework/Versions/A/Resources/libJPEG.dylib
0x0000000021959000 	/System/Library/Frameworks/ImageIO.framework/Versions/A/Resources/libTIFF.dylib
0x0000000021959000 	/System/Library/Frameworks/ImageIO.framework/Versions/A/Resources/libPng.dylib
0x0000000021959000 	/System/Library/Frameworks/ImageIO.framework/Versions/A/Resources/libGIF.dylib
0x0000000021959000 	/System/Library/Frameworks/ImageIO.framework/Versions/A/Resources/libJP2.dylib
0x0000000021959000 	/System/Library/Frameworks/ImageIO.framework/Versions/A/Resources/libRadiance.dylib
0x0000000021959000 	/usr/lib/libcompression.dylib
0x0000000021959000 	/System/Library/PrivateFrameworks/AppleJPEG.framework/Versions/A/AppleJPEG
0x0000000021959000 	/usr/lib/libcups.2.dylib
0x0000000021959000 	/System/Library/Frameworks/Kerberos.framework/Versions/A/Kerberos
0x0000000021959000 	/System/Library/Frameworks/GSS.framework/Versions/A/GSS
0x0000000021959000 	/usr/lib/libresolv.9.dylib
0x0000000021959000 	/usr/lib/libiconv.2.dylib
0x0000000021959000 	/System/Library/PrivateFrameworks/Heimdal.framework/Versions/A/Heimdal
0x0000000021959000 	/usr/lib/libheimdal-asn1.dylib
0x0000000021959000 	/System/Library/Frameworks/OpenDirectory.framework/Versions/A/OpenDirectory
0x0000000021959000 	/System/Library/PrivateFrameworks/CommonAuth.framework/Versions/A/CommonAuth
0x0000000021959000 	/System/Library/Frameworks/OpenDirectory.framework/Versions/A/Frameworks/CFOpenDirectory.framework/Versions/A/CFOpenDirectory
0x0000000021959000 	/System/Library/Frameworks/SecurityFoundation.framework/Versions/A/SecurityFoundation
0x0000000021959000 	/System/Library/PrivateFrameworks/LanguageModeling.framework/Versions/A/LanguageModeling
0x0000000021959000 	/usr/lib/libmarisa.dylib
0x0000000021959000 	/usr/lib/libChineseTokenizer.dylib
0x0000000021959000 	/usr/lib/libcmph.dylib
0x0000000021959000 	/System/Library/PrivateFrameworks/CoreEmoji.framework/Versions/A/CoreEmoji
0x0000000021959000 	/System/Library/Frameworks/ServiceManagement.framework/Versions/A/ServiceManagement
0x0000000021959000 	/usr/lib/libxslt.1.dylib
0x0000000021959000 	/System/Library/Frameworks/Carbon.framework/Versions/A/Frameworks/Ink.framework/Versions/A/Ink
0x0000000021959000 	/System/Library/PrivateFrameworks/TextureIO.framework/Versions/A/TextureIO
0x0000000021959000 	/System/Library/Frameworks/Metal.framework/Versions/A/Metal
0x0000000021959000 	/usr/lib/libate.dylib
0x0000000021959000 	/System/Library/PrivateFrameworks/GPUCompiler.framework/libmetal_timestamp.dylib
0x0000000021959000 	/System/Library/Frameworks/OpenGL.framework/Versions/A/Libraries/libCoreFSCache.dylib
0x0000000021959000 	/System/Library/PrivateFrameworks/IOAccelerator.framework/Versions/A/IOAccelerator
0x0000000021959000 	/System/Library/Frameworks/CoreVideo.framework/Versions/A/CoreVideo
0x0000000021959000 	/usr/lib/libFosl_dynamic.dylib
0x0000000021959000 	/System/Library/PrivateFrameworks/MetalPerformanceShaders.framework/Versions/A/MetalPerformanceShaders
0x0000000021959000 	/System/Library/PrivateFrameworks/FaceCore.framework/Versions/A/FaceCore
0x0000000021959000 	/System/Library/Frameworks/OpenCL.framework/Versions/A/OpenCL
0x0000000021959000 	/System/Library/Frameworks/OpenGL.framework/Versions/A/Libraries/libGLU.dylib
0x0000000021959000 	/System/Library/Frameworks/OpenGL.framework/Versions/A/Libraries/libGFXShared.dylib
0x0000000021959000 	/System/Library/Frameworks/OpenGL.framework/Versions/A/Libraries/libGL.dylib
0x0000000021959000 	/System/Library/Frameworks/OpenGL.framework/Versions/A/Libraries/libGLImage.dylib
0x0000000021959000 	/System/Library/Frameworks/OpenGL.framework/Versions/A/Libraries/libCVMSPluginSupport.dylib
0x0000000021959000 	/System/Library/Frameworks/OpenGL.framework/Versions/A/Libraries/libCoreVMClient.dylib
0x0000000021959000 	/System/Library/PrivateFrameworks/CrashReporterSupport.framework/Versions/A/CrashReporterSupport
0x0000000021959000 	/System/Library/PrivateFrameworks/Sharing.framework/Versions/A/Sharing
0x0000000021959000 	/System/Library/PrivateFrameworks/IconServices.framework/Versions/A/IconServices
0x0000000021959000 	/System/Library/PrivateFrameworks/ProtocolBuffer.framework/Versions/A/ProtocolBuffer
0x0000000021959000 	/System/Library/PrivateFrameworks/Apple80211.framework/Versions/A/Apple80211
0x0000000021959000 	/System/Library/Frameworks/CoreWLAN.framework/Versions/A/CoreWLAN
0x0000000021959000 	/System/Library/PrivateFrameworks/CoreUtils.framework/Versions/A/CoreUtils
0x0000000021959000 	/System/Library/Frameworks/IOBluetooth.framework/Versions/A/IOBluetooth
0x0000000021959000 	/System/Library/PrivateFrameworks/CoreWiFi.framework/Versions/A/CoreWiFi
0x0000000021959000 	/System/Library/Frameworks/CoreBluetooth.framework/Versions/A/CoreBluetooth
0x0000000021959000 	/System/Library/Frameworks/CoreDisplay.framework/Versions/A/CoreDisplay
0x0000000021959000 	/System/Library/PrivateFrameworks/IOPresentment.framework/Versions/A/IOPresentment
0x0000000021959000 	/System/Library/PrivateFrameworks/DSExternalDisplay.framework/Versions/A/DSExternalDisplay
0x0000000021959000 	/System/Library/PrivateFrameworks/DebugSymbols.framework/Versions/A/DebugSymbols
0x0000000021959000 	/System/Library/PrivateFrameworks/CoreSymbolication.framework/Versions/A/CoreSymbolication
0x0000000021959000 	/System/Library/PrivateFrameworks/Symbolication.framework/Versions/A/Symbolication
0x0000000021959000 	/System/Library/PrivateFrameworks/AppleFSCompression.framework/Versions/A/AppleFSCompression
0x0000000021959000 	/System/Library/PrivateFrameworks/SpeechRecognitionCore.framework/Versions/A/SpeechRecognitionCore
0x0000000021959000 	/System/Library/PrivateFrameworks/ChunkingLibrary.framework/Versions/A/ChunkingLibrary
0x000000010ee00000 	/Applications/Android Studio.app/Contents/jre/jdk/Contents/Home/jre/lib/server/libjvm.dylib
0x0000000021959000 	/usr/lib/libstdc++.6.dylib
0x000000010e430000 	/Applications/Android Studio.app/Contents/jre/jdk/Contents/Home/jre/lib/libverify.dylib
0x000000010e43c000 	/Applications/Android Studio.app/Contents/jre/jdk/Contents/Home/jre/lib/libjava.dylib
0x000000010e47a000 	/Applications/Android Studio.app/Contents/jre/jdk/Contents/Home/jre/lib/libzip.dylib
0x000000011554c000 	/Applications/Android Studio.app/Contents/jre/jdk/Contents/Home/jre/lib/libnet.dylib
0x0000000115563000 	/Applications/Android Studio.app/Contents/jre/jdk/Contents/Home/jre/lib/libnio.dylib
0x0000000115573000 	/Users/sofiane/.gradle/native/25/osx-amd64/libnative-platform.dylib
0x0000000115898000 	/Applications/Android Studio.app/Contents/jre/jdk/Contents/Home/jre/lib/libmanagement.dylib
0x0000000116f7a000 	/Applications/Android Studio.app/Contents/jre/jdk/Contents/Home/jre/lib/libsunec.dylib

VM Arguments:
jvm_args: -Xmx1536m -Dfile.encoding=UTF-8 -Duser.country=FR -Duser.language=fr -Duser.variant 
java_command: org.gradle.launcher.daemon.bootstrap.GradleDaemon 5.1.1
java_class_path (initial): /Users/sofiane/.gradle/wrapper/dists/gradle-5.1.1-all/97z1ksx6lirer3kbvdnh7jtjg/gradle-5.1.1/lib/gradle-launcher-5.1.1.jar
Launcher Type: SUN_STANDARD

Environment Variables:
JAVA_HOME=/Library/Java/JavaVirtualMachines/jdk-11.0.1.jdk/Contents/Home
PATH=/Library/Java/JavaVirtualMachines/jdk-9.0.1.jdk/Contents/Home//bin:/usr/local/bin:/usr/bin:/bin:/usr/sbin:/sbin:/tools:/platform-tools:/Library/Java/JavaVirtualMachines/jdk-11.0.1.jdk/Contents/Home/bin:
SHELL=/bin/bash

Signal Handlers:
SIGSEGV: [libjvm.dylib+0x570b99], sa_mask[0]=11111111011111110111111111111111, sa_flags=SA_ONSTACK|SA_RESTART|SA_SIGINFO
SIGBUS: [libjvm.dylib+0x570b99], sa_mask[0]=11111111011111110111111111111111, sa_flags=SA_RESTART|SA_SIGINFO
SIGFPE: [libjvm.dylib+0x461f81], sa_mask[0]=11111111011111110111111111111111, sa_flags=SA_RESTART|SA_SIGINFO
SIGPIPE: [libjvm.dylib+0x461f81], sa_mask[0]=11111111011111110111111111111111, sa_flags=SA_RESTART|SA_SIGINFO
SIGXFSZ: [libjvm.dylib+0x461f81], sa_mask[0]=11111111011111110111111111111111, sa_flags=SA_RESTART|SA_SIGINFO
SIGILL: [libjvm.dylib+0x461f81], sa_mask[0]=11111111011111110111111111111111, sa_flags=SA_RESTART|SA_SIGINFO
SIGUSR1: SIG_DFL, sa_mask[0]=00000000000000000000000000000000, sa_flags=none
SIGUSR2: [libjvm.dylib+0x462892], sa_mask[0]=00100000000000000000000000000000, sa_flags=SA_RESTART|SA_SIGINFO
SIGHUP: [libjvm.dylib+0x460a7b], sa_mask[0]=11111111011111110111111111111111, sa_flags=SA_RESTART|SA_SIGINFO
SIGINT: [libjvm.dylib+0x460a7b], sa_mask[0]=11111111011111110111111111111111, sa_flags=SA_RESTART|SA_SIGINFO
SIGTERM: [libjvm.dylib+0x460a7b], sa_mask[0]=11111111011111110111111111111111, sa_flags=SA_RESTART|SA_SIGINFO
SIGQUIT: [libjvm.dylib+0x460a7b], sa_mask[0]=11111111011111110111111111111111, sa_flags=SA_RESTART|SA_SIGINFO


---------------  S Y S T E M  ---------------

OS:Bsduname:Darwin 16.7.0 Darwin Kernel Version 16.7.0: Thu Jun 15 17:36:27 PDT 2017; root:xnu-3789.70.16~2/RELEASE_X86_64 x86_64
rlimit: STACK 8192k, CORE 0k, NPROC 709, NOFILE 10240, AS infinity
load average:2.69 2.18 2.26

CPU:total 4 (initial active 4) (2 cores per cpu, 2 threads per core) family 6 model 61 stepping 4, cmov, cx8, fxsr, mmx, sse, sse2, sse3, ssse3, sse4.1, sse4.2, popcnt, avx, avx2, aes, clmul, erms, 3dnowpref, lzcnt, ht, tsc, tscinvbit, bmi1, bmi2, adx

Memory: 4k page, physical 8388608k(752896k free)

/proc/meminfo:


vm_info: OpenJDK 64-Bit Server VM (25.152-b01) for bsd-amd64 JRE (1.8.0_152-release-1343-b01), built by "builder" with gcc 4.2.1 Compatible Apple LLVM 9.1.0 (clang-902.0.39.2)

time: Mon Oct 21 11:24:21 2019
elapsed time: 22384 seconds (0d 6h 13m 4s)

